Building for debugging...
[0/10] Write sources
[1/10] Write swift-version--58304C5D6DBC2206.txt
[3/65] Compiling KeyPathTests RuleCollectionStoreTests.swift
/Users/malpern/local-code/KeyPath/Tests/KeyPathTests/RuntimeCoordinatorTests.swift:7:23: error: cannot find type 'KanataManager' in scope
 5 | @MainActor
 6 | final class KanataManagerTests: XCTestCase {
 7 |     lazy var manager: KanataManager = .init()
   |                       `- error: cannot find type 'KanataManager' in scope
 8 | 
 9 |     func testInitialState() async {

/Users/malpern/local-code/KeyPath/Tests/KeyPathTests/Services/DiagnosticsServiceTests.swift:13:9: warning: main actor-isolated property 'processManager' can not be mutated from a nonisolated context
  7 | final class DiagnosticsServiceTests: XCTestCase {
  8 |     var service: DiagnosticsService!
  9 |     var processManager: ProcessLifecycleManager!
    |         `- note: mutation of this property is only permitted within the actor
 10 | 
 11 |     override func setUp() {
 12 |         super.setUp()
 13 |         processManager = ProcessLifecycleManager()
    |         `- warning: main actor-isolated property 'processManager' can not be mutated from a nonisolated context
 14 |         service = DiagnosticsService(processLifecycleManager: processManager)
 15 |     }

/Users/malpern/local-code/KeyPath/Tests/KeyPathTests/Services/DiagnosticsServiceTests.swift:13:26: warning: call to main actor-isolated initializer 'init()' in a synchronous nonisolated context [#ActorIsolatedCall]
 11 |     override func setUp() {
 12 |         super.setUp()
 13 |         processManager = ProcessLifecycleManager()
    |                          `- warning: call to main actor-isolated initializer 'init()' in a synchronous nonisolated context [#ActorIsolatedCall]
 14 |         service = DiagnosticsService(processLifecycleManager: processManager)
 15 |     }

/Users/malpern/local-code/KeyPath/Sources/KeyPathDaemonLifecycle/ProcessLifecycleManager.swift:42:12: note: calls to initializer 'init()' from outside of its actor context are implicitly asynchronous
 40 |     }
 41 | 
 42 |     public init() {
    |            `- note: calls to initializer 'init()' from outside of its actor context are implicitly asynchronous
 43 |         AppLogger.shared.log(
 44 |             "üèóÔ∏è [ProcessLifecycleManager] Initialized with simplified PID-based tracking and caching")

/Users/malpern/local-code/KeyPath/Tests/KeyPathTests/Services/DiagnosticsServiceTests.swift:14:9: warning: main actor-isolated property 'service' can not be mutated from a nonisolated context
  6 | @MainActor
  7 | final class DiagnosticsServiceTests: XCTestCase {
  8 |     var service: DiagnosticsService!
    |         `- note: mutation of this property is only permitted within the actor
  9 |     var processManager: ProcessLifecycleManager!
 10 | 
    :
 12 |         super.setUp()
 13 |         processManager = ProcessLifecycleManager()
 14 |         service = DiagnosticsService(processLifecycleManager: processManager)
    |         `- warning: main actor-isolated property 'service' can not be mutated from a nonisolated context
 15 |     }
 16 | 

/Users/malpern/local-code/KeyPath/Tests/KeyPathTests/Services/DiagnosticsServiceTests.swift:14:63: warning: main actor-isolated property 'processManager' can not be referenced from a nonisolated context
  7 | final class DiagnosticsServiceTests: XCTestCase {
  8 |     var service: DiagnosticsService!
  9 |     var processManager: ProcessLifecycleManager!
    |         `- note: property declared here
 10 | 
 11 |     override func setUp() {
 12 |         super.setUp()
 13 |         processManager = ProcessLifecycleManager()
 14 |         service = DiagnosticsService(processLifecycleManager: processManager)
    |                                                               `- warning: main actor-isolated property 'processManager' can not be referenced from a nonisolated context
 15 |     }
 16 | 

/Users/malpern/local-code/KeyPath/Tests/KeyPathTests/Services/DiagnosticsServiceTests.swift:18:9: warning: main actor-isolated property 'service' can not be mutated from a nonisolated context
  6 | @MainActor
  7 | final class DiagnosticsServiceTests: XCTestCase {
  8 |     var service: DiagnosticsService!
    |         `- note: mutation of this property is only permitted within the actor
  9 |     var processManager: ProcessLifecycleManager!
 10 | 
    :
 16 | 
 17 |     override func tearDown() {
 18 |         service = nil
    |         `- warning: main actor-isolated property 'service' can not be mutated from a nonisolated context
 19 |         processManager = nil
 20 |         super.tearDown()

/Users/malpern/local-code/KeyPath/Tests/KeyPathTests/Services/DiagnosticsServiceTests.swift:19:9: warning: main actor-isolated property 'processManager' can not be mutated from a nonisolated context
  7 | final class DiagnosticsServiceTests: XCTestCase {
  8 |     var service: DiagnosticsService!
  9 |     var processManager: ProcessLifecycleManager!
    |         `- note: mutation of this property is only permitted within the actor
 10 | 
 11 |     override func setUp() {
    :
 17 |     override func tearDown() {
 18 |         service = nil
 19 |         processManager = nil
    |         `- warning: main actor-isolated property 'processManager' can not be mutated from a nonisolated context
 20 |         super.tearDown()
 21 |     }

[#ActorIsolatedCall]: <https://docs.swift.org/compiler/documentation/diagnostics/actor-isolated-call>
[4/65] Compiling KeyPathTests RuntimeCoordinatorResetTests.swift
/Users/malpern/local-code/KeyPath/Tests/KeyPathTests/RuntimeCoordinatorTests.swift:7:23: error: cannot find type 'KanataManager' in scope
 5 | @MainActor
 6 | final class KanataManagerTests: XCTestCase {
 7 |     lazy var manager: KanataManager = .init()
   |                       `- error: cannot find type 'KanataManager' in scope
 8 | 
 9 |     func testInitialState() async {

/Users/malpern/local-code/KeyPath/Tests/KeyPathTests/Services/DiagnosticsServiceTests.swift:13:9: warning: main actor-isolated property 'processManager' can not be mutated from a nonisolated context
  7 | final class DiagnosticsServiceTests: XCTestCase {
  8 |     var service: DiagnosticsService!
  9 |     var processManager: ProcessLifecycleManager!
    |         `- note: mutation of this property is only permitted within the actor
 10 | 
 11 |     override func setUp() {
 12 |         super.setUp()
 13 |         processManager = ProcessLifecycleManager()
    |         `- warning: main actor-isolated property 'processManager' can not be mutated from a nonisolated context
 14 |         service = DiagnosticsService(processLifecycleManager: processManager)
 15 |     }

/Users/malpern/local-code/KeyPath/Tests/KeyPathTests/Services/DiagnosticsServiceTests.swift:13:26: warning: call to main actor-isolated initializer 'init()' in a synchronous nonisolated context [#ActorIsolatedCall]
 11 |     override func setUp() {
 12 |         super.setUp()
 13 |         processManager = ProcessLifecycleManager()
    |                          `- warning: call to main actor-isolated initializer 'init()' in a synchronous nonisolated context [#ActorIsolatedCall]
 14 |         service = DiagnosticsService(processLifecycleManager: processManager)
 15 |     }

/Users/malpern/local-code/KeyPath/Sources/KeyPathDaemonLifecycle/ProcessLifecycleManager.swift:42:12: note: calls to initializer 'init()' from outside of its actor context are implicitly asynchronous
 40 |     }
 41 | 
 42 |     public init() {
    |            `- note: calls to initializer 'init()' from outside of its actor context are implicitly asynchronous
 43 |         AppLogger.shared.log(
 44 |             "üèóÔ∏è [ProcessLifecycleManager] Initialized with simplified PID-based tracking and caching")

/Users/malpern/local-code/KeyPath/Tests/KeyPathTests/Services/DiagnosticsServiceTests.swift:14:9: warning: main actor-isolated property 'service' can not be mutated from a nonisolated context
  6 | @MainActor
  7 | final class DiagnosticsServiceTests: XCTestCase {
  8 |     var service: DiagnosticsService!
    |         `- note: mutation of this property is only permitted within the actor
  9 |     var processManager: ProcessLifecycleManager!
 10 | 
    :
 12 |         super.setUp()
 13 |         processManager = ProcessLifecycleManager()
 14 |         service = DiagnosticsService(processLifecycleManager: processManager)
    |         `- warning: main actor-isolated property 'service' can not be mutated from a nonisolated context
 15 |     }
 16 | 

/Users/malpern/local-code/KeyPath/Tests/KeyPathTests/Services/DiagnosticsServiceTests.swift:14:63: warning: main actor-isolated property 'processManager' can not be referenced from a nonisolated context
  7 | final class DiagnosticsServiceTests: XCTestCase {
  8 |     var service: DiagnosticsService!
  9 |     var processManager: ProcessLifecycleManager!
    |         `- note: property declared here
 10 | 
 11 |     override func setUp() {
 12 |         super.setUp()
 13 |         processManager = ProcessLifecycleManager()
 14 |         service = DiagnosticsService(processLifecycleManager: processManager)
    |                                                               `- warning: main actor-isolated property 'processManager' can not be referenced from a nonisolated context
 15 |     }
 16 | 

/Users/malpern/local-code/KeyPath/Tests/KeyPathTests/Services/DiagnosticsServiceTests.swift:18:9: warning: main actor-isolated property 'service' can not be mutated from a nonisolated context
  6 | @MainActor
  7 | final class DiagnosticsServiceTests: XCTestCase {
  8 |     var service: DiagnosticsService!
    |         `- note: mutation of this property is only permitted within the actor
  9 |     var processManager: ProcessLifecycleManager!
 10 | 
    :
 16 | 
 17 |     override func tearDown() {
 18 |         service = nil
    |         `- warning: main actor-isolated property 'service' can not be mutated from a nonisolated context
 19 |         processManager = nil
 20 |         super.tearDown()

/Users/malpern/local-code/KeyPath/Tests/KeyPathTests/Services/DiagnosticsServiceTests.swift:19:9: warning: main actor-isolated property 'processManager' can not be mutated from a nonisolated context
  7 | final class DiagnosticsServiceTests: XCTestCase {
  8 |     var service: DiagnosticsService!
  9 |     var processManager: ProcessLifecycleManager!
    |         `- note: mutation of this property is only permitted within the actor
 10 | 
 11 |     override func setUp() {
    :
 17 |     override func tearDown() {
 18 |         service = nil
 19 |         processManager = nil
    |         `- warning: main actor-isolated property 'processManager' can not be mutated from a nonisolated context
 20 |         super.tearDown()
 21 |     }

[#ActorIsolatedCall]: <https://docs.swift.org/compiler/documentation/diagnostics/actor-isolated-call>
[5/65] Compiling KeyPathTests RuntimeCoordinatorTests.swift
/Users/malpern/local-code/KeyPath/Tests/KeyPathTests/RuntimeCoordinatorTests.swift:7:23: error: cannot find type 'KanataManager' in scope
 5 | @MainActor
 6 | final class KanataManagerTests: XCTestCase {
 7 |     lazy var manager: KanataManager = .init()
   |                       `- error: cannot find type 'KanataManager' in scope
 8 | 
 9 |     func testInitialState() async {

/Users/malpern/local-code/KeyPath/Tests/KeyPathTests/Services/DiagnosticsServiceTests.swift:13:9: warning: main actor-isolated property 'processManager' can not be mutated from a nonisolated context
  7 | final class DiagnosticsServiceTests: XCTestCase {
  8 |     var service: DiagnosticsService!
  9 |     var processManager: ProcessLifecycleManager!
    |         `- note: mutation of this property is only permitted within the actor
 10 | 
 11 |     override func setUp() {
 12 |         super.setUp()
 13 |         processManager = ProcessLifecycleManager()
    |         `- warning: main actor-isolated property 'processManager' can not be mutated from a nonisolated context
 14 |         service = DiagnosticsService(processLifecycleManager: processManager)
 15 |     }

/Users/malpern/local-code/KeyPath/Tests/KeyPathTests/Services/DiagnosticsServiceTests.swift:13:26: warning: call to main actor-isolated initializer 'init()' in a synchronous nonisolated context [#ActorIsolatedCall]
 11 |     override func setUp() {
 12 |         super.setUp()
 13 |         processManager = ProcessLifecycleManager()
    |                          `- warning: call to main actor-isolated initializer 'init()' in a synchronous nonisolated context [#ActorIsolatedCall]
 14 |         service = DiagnosticsService(processLifecycleManager: processManager)
 15 |     }

/Users/malpern/local-code/KeyPath/Sources/KeyPathDaemonLifecycle/ProcessLifecycleManager.swift:42:12: note: calls to initializer 'init()' from outside of its actor context are implicitly asynchronous
 40 |     }
 41 | 
 42 |     public init() {
    |            `- note: calls to initializer 'init()' from outside of its actor context are implicitly asynchronous
 43 |         AppLogger.shared.log(
 44 |             "üèóÔ∏è [ProcessLifecycleManager] Initialized with simplified PID-based tracking and caching")

/Users/malpern/local-code/KeyPath/Tests/KeyPathTests/Services/DiagnosticsServiceTests.swift:14:9: warning: main actor-isolated property 'service' can not be mutated from a nonisolated context
  6 | @MainActor
  7 | final class DiagnosticsServiceTests: XCTestCase {
  8 |     var service: DiagnosticsService!
    |         `- note: mutation of this property is only permitted within the actor
  9 |     var processManager: ProcessLifecycleManager!
 10 | 
    :
 12 |         super.setUp()
 13 |         processManager = ProcessLifecycleManager()
 14 |         service = DiagnosticsService(processLifecycleManager: processManager)
    |         `- warning: main actor-isolated property 'service' can not be mutated from a nonisolated context
 15 |     }
 16 | 

/Users/malpern/local-code/KeyPath/Tests/KeyPathTests/Services/DiagnosticsServiceTests.swift:14:63: warning: main actor-isolated property 'processManager' can not be referenced from a nonisolated context
  7 | final class DiagnosticsServiceTests: XCTestCase {
  8 |     var service: DiagnosticsService!
  9 |     var processManager: ProcessLifecycleManager!
    |         `- note: property declared here
 10 | 
 11 |     override func setUp() {
 12 |         super.setUp()
 13 |         processManager = ProcessLifecycleManager()
 14 |         service = DiagnosticsService(processLifecycleManager: processManager)
    |                                                               `- warning: main actor-isolated property 'processManager' can not be referenced from a nonisolated context
 15 |     }
 16 | 

/Users/malpern/local-code/KeyPath/Tests/KeyPathTests/Services/DiagnosticsServiceTests.swift:18:9: warning: main actor-isolated property 'service' can not be mutated from a nonisolated context
  6 | @MainActor
  7 | final class DiagnosticsServiceTests: XCTestCase {
  8 |     var service: DiagnosticsService!
    |         `- note: mutation of this property is only permitted within the actor
  9 |     var processManager: ProcessLifecycleManager!
 10 | 
    :
 16 | 
 17 |     override func tearDown() {
 18 |         service = nil
    |         `- warning: main actor-isolated property 'service' can not be mutated from a nonisolated context
 19 |         processManager = nil
 20 |         super.tearDown()

/Users/malpern/local-code/KeyPath/Tests/KeyPathTests/Services/DiagnosticsServiceTests.swift:19:9: warning: main actor-isolated property 'processManager' can not be mutated from a nonisolated context
  7 | final class DiagnosticsServiceTests: XCTestCase {
  8 |     var service: DiagnosticsService!
  9 |     var processManager: ProcessLifecycleManager!
    |         `- note: mutation of this property is only permitted within the actor
 10 | 
 11 |     override func setUp() {
    :
 17 |     override func tearDown() {
 18 |         service = nil
 19 |         processManager = nil
    |         `- warning: main actor-isolated property 'processManager' can not be mutated from a nonisolated context
 20 |         super.tearDown()
 21 |     }

[#ActorIsolatedCall]: <https://docs.swift.org/compiler/documentation/diagnostics/actor-isolated-call>
[6/65] Compiling KeyPathTests ConfigFileWatcherTests.swift
/Users/malpern/local-code/KeyPath/Tests/KeyPathTests/RuntimeCoordinatorTests.swift:7:23: error: cannot find type 'KanataManager' in scope
 5 | @MainActor
 6 | final class KanataManagerTests: XCTestCase {
 7 |     lazy var manager: KanataManager = .init()
   |                       `- error: cannot find type 'KanataManager' in scope
 8 | 
 9 |     func testInitialState() async {

/Users/malpern/local-code/KeyPath/Tests/KeyPathTests/Services/DiagnosticsServiceTests.swift:13:9: warning: main actor-isolated property 'processManager' can not be mutated from a nonisolated context
  7 | final class DiagnosticsServiceTests: XCTestCase {
  8 |     var service: DiagnosticsService!
  9 |     var processManager: ProcessLifecycleManager!
    |         `- note: mutation of this property is only permitted within the actor
 10 | 
 11 |     override func setUp() {
 12 |         super.setUp()
 13 |         processManager = ProcessLifecycleManager()
    |         `- warning: main actor-isolated property 'processManager' can not be mutated from a nonisolated context
 14 |         service = DiagnosticsService(processLifecycleManager: processManager)
 15 |     }

/Users/malpern/local-code/KeyPath/Tests/KeyPathTests/Services/DiagnosticsServiceTests.swift:13:26: warning: call to main actor-isolated initializer 'init()' in a synchronous nonisolated context [#ActorIsolatedCall]
 11 |     override func setUp() {
 12 |         super.setUp()
 13 |         processManager = ProcessLifecycleManager()
    |                          `- warning: call to main actor-isolated initializer 'init()' in a synchronous nonisolated context [#ActorIsolatedCall]
 14 |         service = DiagnosticsService(processLifecycleManager: processManager)
 15 |     }

/Users/malpern/local-code/KeyPath/Sources/KeyPathDaemonLifecycle/ProcessLifecycleManager.swift:42:12: note: calls to initializer 'init()' from outside of its actor context are implicitly asynchronous
 40 |     }
 41 | 
 42 |     public init() {
    |            `- note: calls to initializer 'init()' from outside of its actor context are implicitly asynchronous
 43 |         AppLogger.shared.log(
 44 |             "üèóÔ∏è [ProcessLifecycleManager] Initialized with simplified PID-based tracking and caching")

/Users/malpern/local-code/KeyPath/Tests/KeyPathTests/Services/DiagnosticsServiceTests.swift:14:9: warning: main actor-isolated property 'service' can not be mutated from a nonisolated context
  6 | @MainActor
  7 | final class DiagnosticsServiceTests: XCTestCase {
  8 |     var service: DiagnosticsService!
    |         `- note: mutation of this property is only permitted within the actor
  9 |     var processManager: ProcessLifecycleManager!
 10 | 
    :
 12 |         super.setUp()
 13 |         processManager = ProcessLifecycleManager()
 14 |         service = DiagnosticsService(processLifecycleManager: processManager)
    |         `- warning: main actor-isolated property 'service' can not be mutated from a nonisolated context
 15 |     }
 16 | 

/Users/malpern/local-code/KeyPath/Tests/KeyPathTests/Services/DiagnosticsServiceTests.swift:14:63: warning: main actor-isolated property 'processManager' can not be referenced from a nonisolated context
  7 | final class DiagnosticsServiceTests: XCTestCase {
  8 |     var service: DiagnosticsService!
  9 |     var processManager: ProcessLifecycleManager!
    |         `- note: property declared here
 10 | 
 11 |     override func setUp() {
 12 |         super.setUp()
 13 |         processManager = ProcessLifecycleManager()
 14 |         service = DiagnosticsService(processLifecycleManager: processManager)
    |                                                               `- warning: main actor-isolated property 'processManager' can not be referenced from a nonisolated context
 15 |     }
 16 | 

/Users/malpern/local-code/KeyPath/Tests/KeyPathTests/Services/DiagnosticsServiceTests.swift:18:9: warning: main actor-isolated property 'service' can not be mutated from a nonisolated context
  6 | @MainActor
  7 | final class DiagnosticsServiceTests: XCTestCase {
  8 |     var service: DiagnosticsService!
    |         `- note: mutation of this property is only permitted within the actor
  9 |     var processManager: ProcessLifecycleManager!
 10 | 
    :
 16 | 
 17 |     override func tearDown() {
 18 |         service = nil
    |         `- warning: main actor-isolated property 'service' can not be mutated from a nonisolated context
 19 |         processManager = nil
 20 |         super.tearDown()

/Users/malpern/local-code/KeyPath/Tests/KeyPathTests/Services/DiagnosticsServiceTests.swift:19:9: warning: main actor-isolated property 'processManager' can not be mutated from a nonisolated context
  7 | final class DiagnosticsServiceTests: XCTestCase {
  8 |     var service: DiagnosticsService!
  9 |     var processManager: ProcessLifecycleManager!
    |         `- note: mutation of this property is only permitted within the actor
 10 | 
 11 |     override func setUp() {
    :
 17 |     override func tearDown() {
 18 |         service = nil
 19 |         processManager = nil
    |         `- warning: main actor-isolated property 'processManager' can not be mutated from a nonisolated context
 20 |         super.tearDown()
 21 |     }

[#ActorIsolatedCall]: <https://docs.swift.org/compiler/documentation/diagnostics/actor-isolated-call>
[7/65] Compiling KeyPathTests ConfigurationServiceTests.swift
/Users/malpern/local-code/KeyPath/Tests/KeyPathTests/RuntimeCoordinatorTests.swift:7:23: error: cannot find type 'KanataManager' in scope
 5 | @MainActor
 6 | final class KanataManagerTests: XCTestCase {
 7 |     lazy var manager: KanataManager = .init()
   |                       `- error: cannot find type 'KanataManager' in scope
 8 | 
 9 |     func testInitialState() async {

/Users/malpern/local-code/KeyPath/Tests/KeyPathTests/Services/DiagnosticsServiceTests.swift:13:9: warning: main actor-isolated property 'processManager' can not be mutated from a nonisolated context
  7 | final class DiagnosticsServiceTests: XCTestCase {
  8 |     var service: DiagnosticsService!
  9 |     var processManager: ProcessLifecycleManager!
    |         `- note: mutation of this property is only permitted within the actor
 10 | 
 11 |     override func setUp() {
 12 |         super.setUp()
 13 |         processManager = ProcessLifecycleManager()
    |         `- warning: main actor-isolated property 'processManager' can not be mutated from a nonisolated context
 14 |         service = DiagnosticsService(processLifecycleManager: processManager)
 15 |     }

/Users/malpern/local-code/KeyPath/Tests/KeyPathTests/Services/DiagnosticsServiceTests.swift:13:26: warning: call to main actor-isolated initializer 'init()' in a synchronous nonisolated context [#ActorIsolatedCall]
 11 |     override func setUp() {
 12 |         super.setUp()
 13 |         processManager = ProcessLifecycleManager()
    |                          `- warning: call to main actor-isolated initializer 'init()' in a synchronous nonisolated context [#ActorIsolatedCall]
 14 |         service = DiagnosticsService(processLifecycleManager: processManager)
 15 |     }

/Users/malpern/local-code/KeyPath/Sources/KeyPathDaemonLifecycle/ProcessLifecycleManager.swift:42:12: note: calls to initializer 'init()' from outside of its actor context are implicitly asynchronous
 40 |     }
 41 | 
 42 |     public init() {
    |            `- note: calls to initializer 'init()' from outside of its actor context are implicitly asynchronous
 43 |         AppLogger.shared.log(
 44 |             "üèóÔ∏è [ProcessLifecycleManager] Initialized with simplified PID-based tracking and caching")

/Users/malpern/local-code/KeyPath/Tests/KeyPathTests/Services/DiagnosticsServiceTests.swift:14:9: warning: main actor-isolated property 'service' can not be mutated from a nonisolated context
  6 | @MainActor
  7 | final class DiagnosticsServiceTests: XCTestCase {
  8 |     var service: DiagnosticsService!
    |         `- note: mutation of this property is only permitted within the actor
  9 |     var processManager: ProcessLifecycleManager!
 10 | 
    :
 12 |         super.setUp()
 13 |         processManager = ProcessLifecycleManager()
 14 |         service = DiagnosticsService(processLifecycleManager: processManager)
    |         `- warning: main actor-isolated property 'service' can not be mutated from a nonisolated context
 15 |     }
 16 | 

/Users/malpern/local-code/KeyPath/Tests/KeyPathTests/Services/DiagnosticsServiceTests.swift:14:63: warning: main actor-isolated property 'processManager' can not be referenced from a nonisolated context
  7 | final class DiagnosticsServiceTests: XCTestCase {
  8 |     var service: DiagnosticsService!
  9 |     var processManager: ProcessLifecycleManager!
    |         `- note: property declared here
 10 | 
 11 |     override func setUp() {
 12 |         super.setUp()
 13 |         processManager = ProcessLifecycleManager()
 14 |         service = DiagnosticsService(processLifecycleManager: processManager)
    |                                                               `- warning: main actor-isolated property 'processManager' can not be referenced from a nonisolated context
 15 |     }
 16 | 

/Users/malpern/local-code/KeyPath/Tests/KeyPathTests/Services/DiagnosticsServiceTests.swift:18:9: warning: main actor-isolated property 'service' can not be mutated from a nonisolated context
  6 | @MainActor
  7 | final class DiagnosticsServiceTests: XCTestCase {
  8 |     var service: DiagnosticsService!
    |         `- note: mutation of this property is only permitted within the actor
  9 |     var processManager: ProcessLifecycleManager!
 10 | 
    :
 16 | 
 17 |     override func tearDown() {
 18 |         service = nil
    |         `- warning: main actor-isolated property 'service' can not be mutated from a nonisolated context
 19 |         processManager = nil
 20 |         super.tearDown()

/Users/malpern/local-code/KeyPath/Tests/KeyPathTests/Services/DiagnosticsServiceTests.swift:19:9: warning: main actor-isolated property 'processManager' can not be mutated from a nonisolated context
  7 | final class DiagnosticsServiceTests: XCTestCase {
  8 |     var service: DiagnosticsService!
  9 |     var processManager: ProcessLifecycleManager!
    |         `- note: mutation of this property is only permitted within the actor
 10 | 
 11 |     override func setUp() {
    :
 17 |     override func tearDown() {
 18 |         service = nil
 19 |         processManager = nil
    |         `- warning: main actor-isolated property 'processManager' can not be mutated from a nonisolated context
 20 |         super.tearDown()
 21 |     }

[#ActorIsolatedCall]: <https://docs.swift.org/compiler/documentation/diagnostics/actor-isolated-call>
[8/65] Compiling KeyPathTests DiagnosticsServiceTests.swift
/Users/malpern/local-code/KeyPath/Tests/KeyPathTests/RuntimeCoordinatorTests.swift:7:23: error: cannot find type 'KanataManager' in scope
 5 | @MainActor
 6 | final class KanataManagerTests: XCTestCase {
 7 |     lazy var manager: KanataManager = .init()
   |                       `- error: cannot find type 'KanataManager' in scope
 8 | 
 9 |     func testInitialState() async {

/Users/malpern/local-code/KeyPath/Tests/KeyPathTests/Services/DiagnosticsServiceTests.swift:13:9: warning: main actor-isolated property 'processManager' can not be mutated from a nonisolated context
  7 | final class DiagnosticsServiceTests: XCTestCase {
  8 |     var service: DiagnosticsService!
  9 |     var processManager: ProcessLifecycleManager!
    |         `- note: mutation of this property is only permitted within the actor
 10 | 
 11 |     override func setUp() {
 12 |         super.setUp()
 13 |         processManager = ProcessLifecycleManager()
    |         `- warning: main actor-isolated property 'processManager' can not be mutated from a nonisolated context
 14 |         service = DiagnosticsService(processLifecycleManager: processManager)
 15 |     }

/Users/malpern/local-code/KeyPath/Tests/KeyPathTests/Services/DiagnosticsServiceTests.swift:13:26: warning: call to main actor-isolated initializer 'init()' in a synchronous nonisolated context [#ActorIsolatedCall]
 11 |     override func setUp() {
 12 |         super.setUp()
 13 |         processManager = ProcessLifecycleManager()
    |                          `- warning: call to main actor-isolated initializer 'init()' in a synchronous nonisolated context [#ActorIsolatedCall]
 14 |         service = DiagnosticsService(processLifecycleManager: processManager)
 15 |     }

/Users/malpern/local-code/KeyPath/Sources/KeyPathDaemonLifecycle/ProcessLifecycleManager.swift:42:12: note: calls to initializer 'init()' from outside of its actor context are implicitly asynchronous
 40 |     }
 41 | 
 42 |     public init() {
    |            `- note: calls to initializer 'init()' from outside of its actor context are implicitly asynchronous
 43 |         AppLogger.shared.log(
 44 |             "üèóÔ∏è [ProcessLifecycleManager] Initialized with simplified PID-based tracking and caching")

/Users/malpern/local-code/KeyPath/Tests/KeyPathTests/Services/DiagnosticsServiceTests.swift:14:9: warning: main actor-isolated property 'service' can not be mutated from a nonisolated context
  6 | @MainActor
  7 | final class DiagnosticsServiceTests: XCTestCase {
  8 |     var service: DiagnosticsService!
    |         `- note: mutation of this property is only permitted within the actor
  9 |     var processManager: ProcessLifecycleManager!
 10 | 
    :
 12 |         super.setUp()
 13 |         processManager = ProcessLifecycleManager()
 14 |         service = DiagnosticsService(processLifecycleManager: processManager)
    |         `- warning: main actor-isolated property 'service' can not be mutated from a nonisolated context
 15 |     }
 16 | 

/Users/malpern/local-code/KeyPath/Tests/KeyPathTests/Services/DiagnosticsServiceTests.swift:14:63: warning: main actor-isolated property 'processManager' can not be referenced from a nonisolated context
  7 | final class DiagnosticsServiceTests: XCTestCase {
  8 |     var service: DiagnosticsService!
  9 |     var processManager: ProcessLifecycleManager!
    |         `- note: property declared here
 10 | 
 11 |     override func setUp() {
 12 |         super.setUp()
 13 |         processManager = ProcessLifecycleManager()
 14 |         service = DiagnosticsService(processLifecycleManager: processManager)
    |                                                               `- warning: main actor-isolated property 'processManager' can not be referenced from a nonisolated context
 15 |     }
 16 | 

/Users/malpern/local-code/KeyPath/Tests/KeyPathTests/Services/DiagnosticsServiceTests.swift:18:9: warning: main actor-isolated property 'service' can not be mutated from a nonisolated context
  6 | @MainActor
  7 | final class DiagnosticsServiceTests: XCTestCase {
  8 |     var service: DiagnosticsService!
    |         `- note: mutation of this property is only permitted within the actor
  9 |     var processManager: ProcessLifecycleManager!
 10 | 
    :
 16 | 
 17 |     override func tearDown() {
 18 |         service = nil
    |         `- warning: main actor-isolated property 'service' can not be mutated from a nonisolated context
 19 |         processManager = nil
 20 |         super.tearDown()

/Users/malpern/local-code/KeyPath/Tests/KeyPathTests/Services/DiagnosticsServiceTests.swift:19:9: warning: main actor-isolated property 'processManager' can not be mutated from a nonisolated context
  7 | final class DiagnosticsServiceTests: XCTestCase {
  8 |     var service: DiagnosticsService!
  9 |     var processManager: ProcessLifecycleManager!
    |         `- note: mutation of this property is only permitted within the actor
 10 | 
 11 |     override func setUp() {
    :
 17 |     override func tearDown() {
 18 |         service = nil
 19 |         processManager = nil
    |         `- warning: main actor-isolated property 'processManager' can not be mutated from a nonisolated context
 20 |         super.tearDown()
 21 |     }

[#ActorIsolatedCall]: <https://docs.swift.org/compiler/documentation/diagnostics/actor-isolated-call>
[9/65] Compiling KeyPathTests HealthCheckServiceTests.swift
/Users/malpern/local-code/KeyPath/Tests/KeyPathTests/RuntimeCoordinatorTests.swift:7:23: error: cannot find type 'KanataManager' in scope
 5 | @MainActor
 6 | final class KanataManagerTests: XCTestCase {
 7 |     lazy var manager: KanataManager = .init()
   |                       `- error: cannot find type 'KanataManager' in scope
 8 | 
 9 |     func testInitialState() async {

/Users/malpern/local-code/KeyPath/Tests/KeyPathTests/Services/DiagnosticsServiceTests.swift:13:9: warning: main actor-isolated property 'processManager' can not be mutated from a nonisolated context
  7 | final class DiagnosticsServiceTests: XCTestCase {
  8 |     var service: DiagnosticsService!
  9 |     var processManager: ProcessLifecycleManager!
    |         `- note: mutation of this property is only permitted within the actor
 10 | 
 11 |     override func setUp() {
 12 |         super.setUp()
 13 |         processManager = ProcessLifecycleManager()
    |         `- warning: main actor-isolated property 'processManager' can not be mutated from a nonisolated context
 14 |         service = DiagnosticsService(processLifecycleManager: processManager)
 15 |     }

/Users/malpern/local-code/KeyPath/Tests/KeyPathTests/Services/DiagnosticsServiceTests.swift:13:26: warning: call to main actor-isolated initializer 'init()' in a synchronous nonisolated context [#ActorIsolatedCall]
 11 |     override func setUp() {
 12 |         super.setUp()
 13 |         processManager = ProcessLifecycleManager()
    |                          `- warning: call to main actor-isolated initializer 'init()' in a synchronous nonisolated context [#ActorIsolatedCall]
 14 |         service = DiagnosticsService(processLifecycleManager: processManager)
 15 |     }

/Users/malpern/local-code/KeyPath/Sources/KeyPathDaemonLifecycle/ProcessLifecycleManager.swift:42:12: note: calls to initializer 'init()' from outside of its actor context are implicitly asynchronous
 40 |     }
 41 | 
 42 |     public init() {
    |            `- note: calls to initializer 'init()' from outside of its actor context are implicitly asynchronous
 43 |         AppLogger.shared.log(
 44 |             "üèóÔ∏è [ProcessLifecycleManager] Initialized with simplified PID-based tracking and caching")

/Users/malpern/local-code/KeyPath/Tests/KeyPathTests/Services/DiagnosticsServiceTests.swift:14:9: warning: main actor-isolated property 'service' can not be mutated from a nonisolated context
  6 | @MainActor
  7 | final class DiagnosticsServiceTests: XCTestCase {
  8 |     var service: DiagnosticsService!
    |         `- note: mutation of this property is only permitted within the actor
  9 |     var processManager: ProcessLifecycleManager!
 10 | 
    :
 12 |         super.setUp()
 13 |         processManager = ProcessLifecycleManager()
 14 |         service = DiagnosticsService(processLifecycleManager: processManager)
    |         `- warning: main actor-isolated property 'service' can not be mutated from a nonisolated context
 15 |     }
 16 | 

/Users/malpern/local-code/KeyPath/Tests/KeyPathTests/Services/DiagnosticsServiceTests.swift:14:63: warning: main actor-isolated property 'processManager' can not be referenced from a nonisolated context
  7 | final class DiagnosticsServiceTests: XCTestCase {
  8 |     var service: DiagnosticsService!
  9 |     var processManager: ProcessLifecycleManager!
    |         `- note: property declared here
 10 | 
 11 |     override func setUp() {
 12 |         super.setUp()
 13 |         processManager = ProcessLifecycleManager()
 14 |         service = DiagnosticsService(processLifecycleManager: processManager)
    |                                                               `- warning: main actor-isolated property 'processManager' can not be referenced from a nonisolated context
 15 |     }
 16 | 

/Users/malpern/local-code/KeyPath/Tests/KeyPathTests/Services/DiagnosticsServiceTests.swift:18:9: warning: main actor-isolated property 'service' can not be mutated from a nonisolated context
  6 | @MainActor
  7 | final class DiagnosticsServiceTests: XCTestCase {
  8 |     var service: DiagnosticsService!
    |         `- note: mutation of this property is only permitted within the actor
  9 |     var processManager: ProcessLifecycleManager!
 10 | 
    :
 16 | 
 17 |     override func tearDown() {
 18 |         service = nil
    |         `- warning: main actor-isolated property 'service' can not be mutated from a nonisolated context
 19 |         processManager = nil
 20 |         super.tearDown()

/Users/malpern/local-code/KeyPath/Tests/KeyPathTests/Services/DiagnosticsServiceTests.swift:19:9: warning: main actor-isolated property 'processManager' can not be mutated from a nonisolated context
  7 | final class DiagnosticsServiceTests: XCTestCase {
  8 |     var service: DiagnosticsService!
  9 |     var processManager: ProcessLifecycleManager!
    |         `- note: mutation of this property is only permitted within the actor
 10 | 
 11 |     override func setUp() {
    :
 17 |     override func tearDown() {
 18 |         service = nil
 19 |         processManager = nil
    |         `- warning: main actor-isolated property 'processManager' can not be mutated from a nonisolated context
 20 |         super.tearDown()
 21 |     }

[#ActorIsolatedCall]: <https://docs.swift.org/compiler/documentation/diagnostics/actor-isolated-call>
[10/71] Compiling KeyPathTests PackageManagerTests.swift
/Users/malpern/local-code/KeyPath/Tests/KeyPathTests/PackageManagerTests.swift:274:13: warning: initialization of immutable value 'status1' was never used; consider replacing with assignment to '_' or removing it [#no-usage]
272 | 
273 |         // First call - cache miss
274 |         let status1 = packageManager.getCodeSigningStatus(at: testFile.path)
    |             `- warning: initialization of immutable value 'status1' was never used; consider replacing with assignment to '_' or removing it [#no-usage]
275 | 
276 |         // Modify file (change size)

/Users/malpern/local-code/KeyPath/Tests/KeyPathTests/RecordingCoordinatorTests.swift:13:22: error: circular reference
 11 |     )
 12 |     private lazy var captureStub = StubRecordingCapture()
 13 |     private lazy var RuntimeCoordinator = RuntimeCoordinator()
    |                  |   |- error: circular reference
    |                  |   `- note: through reference here
    |                  `- note: through reference here
 14 |     private lazy var coordinator: RecordingCoordinator = {
 15 |         let c = RecordingCoordinator()

/Users/malpern/local-code/KeyPath/Tests/KeyPathTests/RecordingCoordinatorTests.swift:16:20: error: incorrect argument label in call (have 'RuntimeCoordinator:statusHandler:permissionProvider:keyboardCaptureFactory:', expected 'kanataManager:statusHandler:permissionProvider:keyboardCaptureFactory:')
 14 |     private lazy var coordinator: RecordingCoordinator = {
 15 |         let c = RecordingCoordinator()
 16 |         c.configure(
    |                    `- error: incorrect argument label in call (have 'RuntimeCoordinator:statusHandler:permissionProvider:keyboardCaptureFactory:', expected 'kanataManager:statusHandler:permissionProvider:keyboardCaptureFactory:')
 17 |             RuntimeCoordinator: RuntimeCoordinator,
 18 |             statusHandler: { [weak self] message in self?.statusMessages.append(message) },

/Users/malpern/local-code/KeyPath/Tests/KeyPathTests/RecordingCoordinatorTests.swift:136:64: error: cannot find type 'KanataManager' in scope
134 |     var autoFire = true
135 | 
136 |     func setEventRouter(_: EventRouter?, RuntimeCoordinator _: KanataManager?) {
    |                                                                `- error: cannot find type 'KanataManager' in scope
137 |         // No-op in tests
138 |     }
[11/71] Compiling KeyPathTests PermissionOracleFastModeTests.swift
/Users/malpern/local-code/KeyPath/Tests/KeyPathTests/PackageManagerTests.swift:274:13: warning: initialization of immutable value 'status1' was never used; consider replacing with assignment to '_' or removing it [#no-usage]
272 | 
273 |         // First call - cache miss
274 |         let status1 = packageManager.getCodeSigningStatus(at: testFile.path)
    |             `- warning: initialization of immutable value 'status1' was never used; consider replacing with assignment to '_' or removing it [#no-usage]
275 | 
276 |         // Modify file (change size)

/Users/malpern/local-code/KeyPath/Tests/KeyPathTests/RecordingCoordinatorTests.swift:13:22: error: circular reference
 11 |     )
 12 |     private lazy var captureStub = StubRecordingCapture()
 13 |     private lazy var RuntimeCoordinator = RuntimeCoordinator()
    |                  |   |- error: circular reference
    |                  |   `- note: through reference here
    |                  `- note: through reference here
 14 |     private lazy var coordinator: RecordingCoordinator = {
 15 |         let c = RecordingCoordinator()

/Users/malpern/local-code/KeyPath/Tests/KeyPathTests/RecordingCoordinatorTests.swift:16:20: error: incorrect argument label in call (have 'RuntimeCoordinator:statusHandler:permissionProvider:keyboardCaptureFactory:', expected 'kanataManager:statusHandler:permissionProvider:keyboardCaptureFactory:')
 14 |     private lazy var coordinator: RecordingCoordinator = {
 15 |         let c = RecordingCoordinator()
 16 |         c.configure(
    |                    `- error: incorrect argument label in call (have 'RuntimeCoordinator:statusHandler:permissionProvider:keyboardCaptureFactory:', expected 'kanataManager:statusHandler:permissionProvider:keyboardCaptureFactory:')
 17 |             RuntimeCoordinator: RuntimeCoordinator,
 18 |             statusHandler: { [weak self] message in self?.statusMessages.append(message) },

/Users/malpern/local-code/KeyPath/Tests/KeyPathTests/RecordingCoordinatorTests.swift:136:64: error: cannot find type 'KanataManager' in scope
134 |     var autoFire = true
135 | 
136 |     func setEventRouter(_: EventRouter?, RuntimeCoordinator _: KanataManager?) {
    |                                                                `- error: cannot find type 'KanataManager' in scope
137 |         // No-op in tests
138 |     }
[12/71] Compiling KeyPathTests PermissionOracleXCTests.swift
/Users/malpern/local-code/KeyPath/Tests/KeyPathTests/PackageManagerTests.swift:274:13: warning: initialization of immutable value 'status1' was never used; consider replacing with assignment to '_' or removing it [#no-usage]
272 | 
273 |         // First call - cache miss
274 |         let status1 = packageManager.getCodeSigningStatus(at: testFile.path)
    |             `- warning: initialization of immutable value 'status1' was never used; consider replacing with assignment to '_' or removing it [#no-usage]
275 | 
276 |         // Modify file (change size)

/Users/malpern/local-code/KeyPath/Tests/KeyPathTests/RecordingCoordinatorTests.swift:13:22: error: circular reference
 11 |     )
 12 |     private lazy var captureStub = StubRecordingCapture()
 13 |     private lazy var RuntimeCoordinator = RuntimeCoordinator()
    |                  |   |- error: circular reference
    |                  |   `- note: through reference here
    |                  `- note: through reference here
 14 |     private lazy var coordinator: RecordingCoordinator = {
 15 |         let c = RecordingCoordinator()

/Users/malpern/local-code/KeyPath/Tests/KeyPathTests/RecordingCoordinatorTests.swift:16:20: error: incorrect argument label in call (have 'RuntimeCoordinator:statusHandler:permissionProvider:keyboardCaptureFactory:', expected 'kanataManager:statusHandler:permissionProvider:keyboardCaptureFactory:')
 14 |     private lazy var coordinator: RecordingCoordinator = {
 15 |         let c = RecordingCoordinator()
 16 |         c.configure(
    |                    `- error: incorrect argument label in call (have 'RuntimeCoordinator:statusHandler:permissionProvider:keyboardCaptureFactory:', expected 'kanataManager:statusHandler:permissionProvider:keyboardCaptureFactory:')
 17 |             RuntimeCoordinator: RuntimeCoordinator,
 18 |             statusHandler: { [weak self] message in self?.statusMessages.append(message) },

/Users/malpern/local-code/KeyPath/Tests/KeyPathTests/RecordingCoordinatorTests.swift:136:64: error: cannot find type 'KanataManager' in scope
134 |     var autoFire = true
135 | 
136 |     func setEventRouter(_: EventRouter?, RuntimeCoordinator _: KanataManager?) {
    |                                                                `- error: cannot find type 'KanataManager' in scope
137 |         // No-op in tests
138 |     }
[13/71] Compiling KeyPathTests ProcessLifecycleIntegrationTests.swift
/Users/malpern/local-code/KeyPath/Tests/KeyPathTests/PackageManagerTests.swift:274:13: warning: initialization of immutable value 'status1' was never used; consider replacing with assignment to '_' or removing it [#no-usage]
272 | 
273 |         // First call - cache miss
274 |         let status1 = packageManager.getCodeSigningStatus(at: testFile.path)
    |             `- warning: initialization of immutable value 'status1' was never used; consider replacing with assignment to '_' or removing it [#no-usage]
275 | 
276 |         // Modify file (change size)

/Users/malpern/local-code/KeyPath/Tests/KeyPathTests/RecordingCoordinatorTests.swift:13:22: error: circular reference
 11 |     )
 12 |     private lazy var captureStub = StubRecordingCapture()
 13 |     private lazy var RuntimeCoordinator = RuntimeCoordinator()
    |                  |   |- error: circular reference
    |                  |   `- note: through reference here
    |                  `- note: through reference here
 14 |     private lazy var coordinator: RecordingCoordinator = {
 15 |         let c = RecordingCoordinator()

/Users/malpern/local-code/KeyPath/Tests/KeyPathTests/RecordingCoordinatorTests.swift:16:20: error: incorrect argument label in call (have 'RuntimeCoordinator:statusHandler:permissionProvider:keyboardCaptureFactory:', expected 'kanataManager:statusHandler:permissionProvider:keyboardCaptureFactory:')
 14 |     private lazy var coordinator: RecordingCoordinator = {
 15 |         let c = RecordingCoordinator()
 16 |         c.configure(
    |                    `- error: incorrect argument label in call (have 'RuntimeCoordinator:statusHandler:permissionProvider:keyboardCaptureFactory:', expected 'kanataManager:statusHandler:permissionProvider:keyboardCaptureFactory:')
 17 |             RuntimeCoordinator: RuntimeCoordinator,
 18 |             statusHandler: { [weak self] message in self?.statusMessages.append(message) },

/Users/malpern/local-code/KeyPath/Tests/KeyPathTests/RecordingCoordinatorTests.swift:136:64: error: cannot find type 'KanataManager' in scope
134 |     var autoFire = true
135 | 
136 |     func setEventRouter(_: EventRouter?, RuntimeCoordinator _: KanataManager?) {
    |                                                                `- error: cannot find type 'KanataManager' in scope
137 |         // No-op in tests
138 |     }
[14/71] Compiling KeyPathTests ProcessLifecycleManagerTests.swift
/Users/malpern/local-code/KeyPath/Tests/KeyPathTests/PackageManagerTests.swift:274:13: warning: initialization of immutable value 'status1' was never used; consider replacing with assignment to '_' or removing it [#no-usage]
272 | 
273 |         // First call - cache miss
274 |         let status1 = packageManager.getCodeSigningStatus(at: testFile.path)
    |             `- warning: initialization of immutable value 'status1' was never used; consider replacing with assignment to '_' or removing it [#no-usage]
275 | 
276 |         // Modify file (change size)

/Users/malpern/local-code/KeyPath/Tests/KeyPathTests/RecordingCoordinatorTests.swift:13:22: error: circular reference
 11 |     )
 12 |     private lazy var captureStub = StubRecordingCapture()
 13 |     private lazy var RuntimeCoordinator = RuntimeCoordinator()
    |                  |   |- error: circular reference
    |                  |   `- note: through reference here
    |                  `- note: through reference here
 14 |     private lazy var coordinator: RecordingCoordinator = {
 15 |         let c = RecordingCoordinator()

/Users/malpern/local-code/KeyPath/Tests/KeyPathTests/RecordingCoordinatorTests.swift:16:20: error: incorrect argument label in call (have 'RuntimeCoordinator:statusHandler:permissionProvider:keyboardCaptureFactory:', expected 'kanataManager:statusHandler:permissionProvider:keyboardCaptureFactory:')
 14 |     private lazy var coordinator: RecordingCoordinator = {
 15 |         let c = RecordingCoordinator()
 16 |         c.configure(
    |                    `- error: incorrect argument label in call (have 'RuntimeCoordinator:statusHandler:permissionProvider:keyboardCaptureFactory:', expected 'kanataManager:statusHandler:permissionProvider:keyboardCaptureFactory:')
 17 |             RuntimeCoordinator: RuntimeCoordinator,
 18 |             statusHandler: { [weak self] message in self?.statusMessages.append(message) },

/Users/malpern/local-code/KeyPath/Tests/KeyPathTests/RecordingCoordinatorTests.swift:136:64: error: cannot find type 'KanataManager' in scope
134 |     var autoFire = true
135 | 
136 |     func setEventRouter(_: EventRouter?, RuntimeCoordinator _: KanataManager?) {
    |                                                                `- error: cannot find type 'KanataManager' in scope
137 |         // No-op in tests
138 |     }
[15/71] Compiling KeyPathTests RecordingCoordinatorTests.swift
/Users/malpern/local-code/KeyPath/Tests/KeyPathTests/PackageManagerTests.swift:274:13: warning: initialization of immutable value 'status1' was never used; consider replacing with assignment to '_' or removing it [#no-usage]
272 | 
273 |         // First call - cache miss
274 |         let status1 = packageManager.getCodeSigningStatus(at: testFile.path)
    |             `- warning: initialization of immutable value 'status1' was never used; consider replacing with assignment to '_' or removing it [#no-usage]
275 | 
276 |         // Modify file (change size)

/Users/malpern/local-code/KeyPath/Tests/KeyPathTests/RecordingCoordinatorTests.swift:13:22: error: circular reference
 11 |     )
 12 |     private lazy var captureStub = StubRecordingCapture()
 13 |     private lazy var RuntimeCoordinator = RuntimeCoordinator()
    |                  |   |- error: circular reference
    |                  |   `- note: through reference here
    |                  `- note: through reference here
 14 |     private lazy var coordinator: RecordingCoordinator = {
 15 |         let c = RecordingCoordinator()

/Users/malpern/local-code/KeyPath/Tests/KeyPathTests/RecordingCoordinatorTests.swift:16:20: error: incorrect argument label in call (have 'RuntimeCoordinator:statusHandler:permissionProvider:keyboardCaptureFactory:', expected 'kanataManager:statusHandler:permissionProvider:keyboardCaptureFactory:')
 14 |     private lazy var coordinator: RecordingCoordinator = {
 15 |         let c = RecordingCoordinator()
 16 |         c.configure(
    |                    `- error: incorrect argument label in call (have 'RuntimeCoordinator:statusHandler:permissionProvider:keyboardCaptureFactory:', expected 'kanataManager:statusHandler:permissionProvider:keyboardCaptureFactory:')
 17 |             RuntimeCoordinator: RuntimeCoordinator,
 18 |             statusHandler: { [weak self] message in self?.statusMessages.append(message) },

/Users/malpern/local-code/KeyPath/Tests/KeyPathTests/RecordingCoordinatorTests.swift:136:64: error: cannot find type 'KanataManager' in scope
134 |     var autoFire = true
135 | 
136 |     func setEventRouter(_: EventRouter?, RuntimeCoordinator _: KanataManager?) {
    |                                                                `- error: cannot find type 'KanataManager' in scope
137 |         // No-op in tests
138 |     }
[16/71] Compiling KeyPathTests CustomRulesStoreTests.swift
/Users/malpern/local-code/KeyPath/Tests/KeyPathTests/PackageManagerTests.swift:274:13: warning: initialization of immutable value 'status1' was never used; consider replacing with assignment to '_' or removing it [#no-usage]
272 | 
273 |         // First call - cache miss
274 |         let status1 = packageManager.getCodeSigningStatus(at: testFile.path)
    |             `- warning: initialization of immutable value 'status1' was never used; consider replacing with assignment to '_' or removing it [#no-usage]
275 | 
276 |         // Modify file (change size)

/Users/malpern/local-code/KeyPath/Tests/KeyPathTests/RecordingCoordinatorTests.swift:13:22: error: circular reference
 11 |     )
 12 |     private lazy var captureStub = StubRecordingCapture()
 13 |     private lazy var RuntimeCoordinator = RuntimeCoordinator()
    |                  |   |- error: circular reference
    |                  |   `- note: through reference here
    |                  `- note: through reference here
 14 |     private lazy var coordinator: RecordingCoordinator = {
 15 |         let c = RecordingCoordinator()

/Users/malpern/local-code/KeyPath/Tests/KeyPathTests/RecordingCoordinatorTests.swift:16:20: error: incorrect argument label in call (have 'RuntimeCoordinator:statusHandler:permissionProvider:keyboardCaptureFactory:', expected 'kanataManager:statusHandler:permissionProvider:keyboardCaptureFactory:')
 14 |     private lazy var coordinator: RecordingCoordinator = {
 15 |         let c = RecordingCoordinator()
 16 |         c.configure(
    |                    `- error: incorrect argument label in call (have 'RuntimeCoordinator:statusHandler:permissionProvider:keyboardCaptureFactory:', expected 'kanataManager:statusHandler:permissionProvider:keyboardCaptureFactory:')
 17 |             RuntimeCoordinator: RuntimeCoordinator,
 18 |             statusHandler: { [weak self] message in self?.statusMessages.append(message) },

/Users/malpern/local-code/KeyPath/Tests/KeyPathTests/RecordingCoordinatorTests.swift:136:64: error: cannot find type 'KanataManager' in scope
134 |     var autoFire = true
135 | 
136 |     func setEventRouter(_: EventRouter?, RuntimeCoordinator _: KanataManager?) {
    |                                                                `- error: cannot find type 'KanataManager' in scope
137 |         // No-op in tests
138 |     }
[17/71] Compiling KeyPathTests TCPClientIntegrationTests.swift
[18/71] Compiling KeyPathTests TCPClientRequestIDTests.swift
[19/71] Compiling KeyPathTests TCPConnectionLeakTests.swift
[20/71] Compiling KeyPathTests TcpServerResponseTests.swift
[21/71] Compiling KeyPathTests PrivilegedTestHelpers.swift
[22/71] Compiling KeyPathTests KanataViewModelTests.swift
error: emit-module command failed with exit code 1 (use -v to see invocation)
[23/71] Emitting module KeyPathTests
/Users/malpern/local-code/KeyPath/Tests/KeyPathTests/ContentViewDebounceTests.swift:11:27: error: cannot find type 'KanataManager' in scope
  9 | @MainActor
 10 | class ContentViewDebounceTests: XCTestCase {
 11 |     lazy var testManager: KanataManager = .init()
    |                           `- error: cannot find type 'KanataManager' in scope
 12 | 
 13 |     // MARK: - Debounce Logic Tests (Non-UI)

/Users/malpern/local-code/KeyPath/Tests/KeyPathTests/RecordingCoordinatorTests.swift:13:22: error: circular reference
 11 |     )
 12 |     private lazy var captureStub = StubRecordingCapture()
 13 |     private lazy var RuntimeCoordinator = RuntimeCoordinator()
    |                  |   |- error: circular reference
    |                  |   `- note: through reference here
    |                  `- note: through reference here
 14 |     private lazy var coordinator: RecordingCoordinator = {
 15 |         let c = RecordingCoordinator()

/Users/malpern/local-code/KeyPath/Tests/KeyPathTests/RecordingCoordinatorTests.swift:16:20: error: incorrect argument label in call (have 'RuntimeCoordinator:statusHandler:permissionProvider:keyboardCaptureFactory:', expected 'kanataManager:statusHandler:permissionProvider:keyboardCaptureFactory:')
 14 |     private lazy var coordinator: RecordingCoordinator = {
 15 |         let c = RecordingCoordinator()
 16 |         c.configure(
    |                    `- error: incorrect argument label in call (have 'RuntimeCoordinator:statusHandler:permissionProvider:keyboardCaptureFactory:', expected 'kanataManager:statusHandler:permissionProvider:keyboardCaptureFactory:')
 17 |             RuntimeCoordinator: RuntimeCoordinator,
 18 |             statusHandler: { [weak self] message in self?.statusMessages.append(message) },

/Users/malpern/local-code/KeyPath/Tests/KeyPathTests/RecordingCoordinatorTests.swift:136:64: error: cannot find type 'KanataManager' in scope
134 |     var autoFire = true
135 | 
136 |     func setEventRouter(_: EventRouter?, RuntimeCoordinator _: KanataManager?) {
    |                                                                `- error: cannot find type 'KanataManager' in scope
137 |         // No-op in tests
138 |     }

/Users/malpern/local-code/KeyPath/Tests/KeyPathTests/RuntimeCoordinatorTests.swift:7:23: error: cannot find type 'KanataManager' in scope
 5 | @MainActor
 6 | final class KanataManagerTests: XCTestCase {
 7 |     lazy var manager: KanataManager = .init()
   |                       `- error: cannot find type 'KanataManager' in scope
 8 | 
 9 |     func testInitialState() async {

/Users/malpern/local-code/KeyPath/Tests/KeyPathTests/UIAutomationFramework.swift:13:37: error: cannot find type 'KanataManager' in scope
 11 |     // MARK: - Core Components
 12 | 
 13 |     private let RuntimeCoordinator: KanataManager
    |                                     `- error: cannot find type 'KanataManager' in scope
 14 |     private let keyboardCapture: MockKeyboardCapture
 15 |     private var automationLog: [AutomationStep] = []

/Users/malpern/local-code/KeyPath/Tests/KeyPathTests/UIAutomationFramework.swift:25:37: error: cannot find type 'KanataManager' in scope
 23 |     // MARK: - Initialization
 24 | 
 25 |     public init(RuntimeCoordinator: KanataManager, keyboardCapture: MockKeyboardCapture? = nil) {
    |                                     `- error: cannot find type 'KanataManager' in scope
 26 |         self.RuntimeCoordinator = RuntimeCoordinator
 27 |         self.keyboardCapture = keyboardCapture ?? MockKeyboardCapture()
[24/71] Compiling KeyPathTests UIAutomationFramework.swift
/Users/malpern/local-code/KeyPath/Tests/KeyPathTests/UIAutomationFramework.swift:13:37: error: cannot find type 'KanataManager' in scope
 11 |     // MARK: - Core Components
 12 | 
 13 |     private let RuntimeCoordinator: KanataManager
    |                                     `- error: cannot find type 'KanataManager' in scope
 14 |     private let keyboardCapture: MockKeyboardCapture
 15 |     private var automationLog: [AutomationStep] = []

/Users/malpern/local-code/KeyPath/Tests/KeyPathTests/UIAutomationFramework.swift:25:37: error: cannot find type 'KanataManager' in scope
 23 |     // MARK: - Initialization
 24 | 
 25 |     public init(RuntimeCoordinator: KanataManager, keyboardCapture: MockKeyboardCapture? = nil) {
    |                                     `- error: cannot find type 'KanataManager' in scope
 26 |         self.RuntimeCoordinator = RuntimeCoordinator
 27 |         self.keyboardCapture = keyboardCapture ?? MockKeyboardCapture()
[25/71] Compiling KeyPathTests UnitTestSuite.swift
/Users/malpern/local-code/KeyPath/Tests/KeyPathTests/UIAutomationFramework.swift:13:37: error: cannot find type 'KanataManager' in scope
 11 |     // MARK: - Core Components
 12 | 
 13 |     private let RuntimeCoordinator: KanataManager
    |                                     `- error: cannot find type 'KanataManager' in scope
 14 |     private let keyboardCapture: MockKeyboardCapture
 15 |     private var automationLog: [AutomationStep] = []

/Users/malpern/local-code/KeyPath/Tests/KeyPathTests/UIAutomationFramework.swift:25:37: error: cannot find type 'KanataManager' in scope
 23 |     // MARK: - Initialization
 24 | 
 25 |     public init(RuntimeCoordinator: KanataManager, keyboardCapture: MockKeyboardCapture? = nil) {
    |                                     `- error: cannot find type 'KanataManager' in scope
 26 |         self.RuntimeCoordinator = RuntimeCoordinator
 27 |         self.keyboardCapture = keyboardCapture ?? MockKeyboardCapture()
[26/71] Compiling KeyPathTests UtilitiesTests.swift
/Users/malpern/local-code/KeyPath/Tests/KeyPathTests/UIAutomationFramework.swift:13:37: error: cannot find type 'KanataManager' in scope
 11 |     // MARK: - Core Components
 12 | 
 13 |     private let RuntimeCoordinator: KanataManager
    |                                     `- error: cannot find type 'KanataManager' in scope
 14 |     private let keyboardCapture: MockKeyboardCapture
 15 |     private var automationLog: [AutomationStep] = []

/Users/malpern/local-code/KeyPath/Tests/KeyPathTests/UIAutomationFramework.swift:25:37: error: cannot find type 'KanataManager' in scope
 23 |     // MARK: - Initialization
 24 | 
 25 |     public init(RuntimeCoordinator: KanataManager, keyboardCapture: MockKeyboardCapture? = nil) {
    |                                     `- error: cannot find type 'KanataManager' in scope
 26 |         self.RuntimeCoordinator = RuntimeCoordinator
 27 |         self.keyboardCapture = keyboardCapture ?? MockKeyboardCapture()
[27/71] Compiling KeyPathTests WizardNavigationEngineTests.swift
/Users/malpern/local-code/KeyPath/Tests/KeyPathTests/UIAutomationFramework.swift:13:37: error: cannot find type 'KanataManager' in scope
 11 |     // MARK: - Core Components
 12 | 
 13 |     private let RuntimeCoordinator: KanataManager
    |                                     `- error: cannot find type 'KanataManager' in scope
 14 |     private let keyboardCapture: MockKeyboardCapture
 15 |     private var automationLog: [AutomationStep] = []

/Users/malpern/local-code/KeyPath/Tests/KeyPathTests/UIAutomationFramework.swift:25:37: error: cannot find type 'KanataManager' in scope
 23 |     // MARK: - Initialization
 24 | 
 25 |     public init(RuntimeCoordinator: KanataManager, keyboardCapture: MockKeyboardCapture? = nil) {
    |                                     `- error: cannot find type 'KanataManager' in scope
 26 |         self.RuntimeCoordinator = RuntimeCoordinator
 27 |         self.keyboardCapture = keyboardCapture ?? MockKeyboardCapture()
[28/71] Compiling KeyPathTests WizardStateMachineDeterminismTests.swift
/Users/malpern/local-code/KeyPath/Tests/KeyPathTests/UIAutomationFramework.swift:13:37: error: cannot find type 'KanataManager' in scope
 11 |     // MARK: - Core Components
 12 | 
 13 |     private let RuntimeCoordinator: KanataManager
    |                                     `- error: cannot find type 'KanataManager' in scope
 14 |     private let keyboardCapture: MockKeyboardCapture
 15 |     private var automationLog: [AutomationStep] = []

/Users/malpern/local-code/KeyPath/Tests/KeyPathTests/UIAutomationFramework.swift:25:37: error: cannot find type 'KanataManager' in scope
 23 |     // MARK: - Initialization
 24 | 
 25 |     public init(RuntimeCoordinator: KanataManager, keyboardCapture: MockKeyboardCapture? = nil) {
    |                                     `- error: cannot find type 'KanataManager' in scope
 26 |         self.RuntimeCoordinator = RuntimeCoordinator
 27 |         self.keyboardCapture = keyboardCapture ?? MockKeyboardCapture()
[29/71] Compiling KeyPathTests WizardSummaryCTATests.swift
/Users/malpern/local-code/KeyPath/Tests/KeyPathTests/UIAutomationFramework.swift:13:37: error: cannot find type 'KanataManager' in scope
 11 |     // MARK: - Core Components
 12 | 
 13 |     private let RuntimeCoordinator: KanataManager
    |                                     `- error: cannot find type 'KanataManager' in scope
 14 |     private let keyboardCapture: MockKeyboardCapture
 15 |     private var automationLog: [AutomationStep] = []

/Users/malpern/local-code/KeyPath/Tests/KeyPathTests/UIAutomationFramework.swift:25:37: error: cannot find type 'KanataManager' in scope
 23 |     // MARK: - Initialization
 24 | 
 25 |     public init(RuntimeCoordinator: KanataManager, keyboardCapture: MockKeyboardCapture? = nil) {
    |                                     `- error: cannot find type 'KanataManager' in scope
 26 |         self.RuntimeCoordinator = RuntimeCoordinator
 27 |         self.keyboardCapture = keyboardCapture ?? MockKeyboardCapture()
[30/71] Compiling KeyPathTests LogRotationTests.swift
/Users/malpern/local-code/KeyPath/Tests/KeyPathTests/InstallationWizard/WizardSystemStatusOverviewTests.swift:34:13: warning: variable 'nav' was never mutated; consider changing to 'let' constant
32 | 
33 |     func testServiceStatusStaysCompletedWhenKanataRunning() {
34 |         var nav: [WizardPage] = []
   |             `- warning: variable 'nav' was never mutated; consider changing to 'let' constant
35 |         var visible = 0
36 |         let overview = WizardSystemStatusOverview(

/Users/malpern/local-code/KeyPath/Tests/KeyPathTests/InstallationWizard/WizardSystemStatusOverviewTests.swift:35:13: warning: variable 'visible' was never mutated; consider changing to 'let' constant
33 |     func testServiceStatusStaysCompletedWhenKanataRunning() {
34 |         var nav: [WizardPage] = []
35 |         var visible = 0
   |             `- warning: variable 'visible' was never mutated; consider changing to 'let' constant
36 |         let overview = WizardSystemStatusOverview(
37 |             systemState: .active,

/Users/malpern/local-code/KeyPath/Tests/KeyPathTests/InstallationWizard/WizardSystemStatusOverviewTests.swift:61:13: warning: variable 'nav' was never mutated; consider changing to 'let' constant
59 |         )
60 | 
61 |         var nav: [WizardPage] = []
   |             `- warning: variable 'nav' was never mutated; consider changing to 'let' constant
62 |         var visible = 0
63 |         let overview = WizardSystemStatusOverview(

/Users/malpern/local-code/KeyPath/Tests/KeyPathTests/InstallationWizard/WizardSystemStatusOverviewTests.swift:62:13: warning: variable 'visible' was never mutated; consider changing to 'let' constant
60 | 
61 |         var nav: [WizardPage] = []
62 |         var visible = 0
   |             `- warning: variable 'visible' was never mutated; consider changing to 'let' constant
63 |         let overview = WizardSystemStatusOverview(
64 |             systemState: .active,

/Users/malpern/local-code/KeyPath/Tests/KeyPathTests/KeyPathTests.swift:258:13: warning: initialization of immutable value 'manager' was never used; consider replacing with assignment to '_' or removing it [#no-usage]
256 |     func testAutoStartInitialization() throws {
257 |         // Test that KanataManager initializes with auto-start
258 |         let manager = RuntimeCoordinator()
    |             `- warning: initialization of immutable value 'manager' was never used; consider replacing with assignment to '_' or removing it [#no-usage]
259 | 
260 |         // No sleep needed - initialization is deterministic
[31/71] Compiling KeyPathTests WizardNavigationHeuristicsTests.swift
/Users/malpern/local-code/KeyPath/Tests/KeyPathTests/InstallationWizard/WizardSystemStatusOverviewTests.swift:34:13: warning: variable 'nav' was never mutated; consider changing to 'let' constant
32 | 
33 |     func testServiceStatusStaysCompletedWhenKanataRunning() {
34 |         var nav: [WizardPage] = []
   |             `- warning: variable 'nav' was never mutated; consider changing to 'let' constant
35 |         var visible = 0
36 |         let overview = WizardSystemStatusOverview(

/Users/malpern/local-code/KeyPath/Tests/KeyPathTests/InstallationWizard/WizardSystemStatusOverviewTests.swift:35:13: warning: variable 'visible' was never mutated; consider changing to 'let' constant
33 |     func testServiceStatusStaysCompletedWhenKanataRunning() {
34 |         var nav: [WizardPage] = []
35 |         var visible = 0
   |             `- warning: variable 'visible' was never mutated; consider changing to 'let' constant
36 |         let overview = WizardSystemStatusOverview(
37 |             systemState: .active,

/Users/malpern/local-code/KeyPath/Tests/KeyPathTests/InstallationWizard/WizardSystemStatusOverviewTests.swift:61:13: warning: variable 'nav' was never mutated; consider changing to 'let' constant
59 |         )
60 | 
61 |         var nav: [WizardPage] = []
   |             `- warning: variable 'nav' was never mutated; consider changing to 'let' constant
62 |         var visible = 0
63 |         let overview = WizardSystemStatusOverview(

/Users/malpern/local-code/KeyPath/Tests/KeyPathTests/InstallationWizard/WizardSystemStatusOverviewTests.swift:62:13: warning: variable 'visible' was never mutated; consider changing to 'let' constant
60 | 
61 |         var nav: [WizardPage] = []
62 |         var visible = 0
   |             `- warning: variable 'visible' was never mutated; consider changing to 'let' constant
63 |         let overview = WizardSystemStatusOverview(
64 |             systemState: .active,

/Users/malpern/local-code/KeyPath/Tests/KeyPathTests/KeyPathTests.swift:258:13: warning: initialization of immutable value 'manager' was never used; consider replacing with assignment to '_' or removing it [#no-usage]
256 |     func testAutoStartInitialization() throws {
257 |         // Test that KanataManager initializes with auto-start
258 |         let manager = RuntimeCoordinator()
    |             `- warning: initialization of immutable value 'manager' was never used; consider replacing with assignment to '_' or removing it [#no-usage]
259 | 
260 |         // No sleep needed - initialization is deterministic
[32/71] Compiling KeyPathTests WizardStateRegressionTests.swift
/Users/malpern/local-code/KeyPath/Tests/KeyPathTests/InstallationWizard/WizardSystemStatusOverviewTests.swift:34:13: warning: variable 'nav' was never mutated; consider changing to 'let' constant
32 | 
33 |     func testServiceStatusStaysCompletedWhenKanataRunning() {
34 |         var nav: [WizardPage] = []
   |             `- warning: variable 'nav' was never mutated; consider changing to 'let' constant
35 |         var visible = 0
36 |         let overview = WizardSystemStatusOverview(

/Users/malpern/local-code/KeyPath/Tests/KeyPathTests/InstallationWizard/WizardSystemStatusOverviewTests.swift:35:13: warning: variable 'visible' was never mutated; consider changing to 'let' constant
33 |     func testServiceStatusStaysCompletedWhenKanataRunning() {
34 |         var nav: [WizardPage] = []
35 |         var visible = 0
   |             `- warning: variable 'visible' was never mutated; consider changing to 'let' constant
36 |         let overview = WizardSystemStatusOverview(
37 |             systemState: .active,

/Users/malpern/local-code/KeyPath/Tests/KeyPathTests/InstallationWizard/WizardSystemStatusOverviewTests.swift:61:13: warning: variable 'nav' was never mutated; consider changing to 'let' constant
59 |         )
60 | 
61 |         var nav: [WizardPage] = []
   |             `- warning: variable 'nav' was never mutated; consider changing to 'let' constant
62 |         var visible = 0
63 |         let overview = WizardSystemStatusOverview(

/Users/malpern/local-code/KeyPath/Tests/KeyPathTests/InstallationWizard/WizardSystemStatusOverviewTests.swift:62:13: warning: variable 'visible' was never mutated; consider changing to 'let' constant
60 | 
61 |         var nav: [WizardPage] = []
62 |         var visible = 0
   |             `- warning: variable 'visible' was never mutated; consider changing to 'let' constant
63 |         let overview = WizardSystemStatusOverview(
64 |             systemState: .active,

/Users/malpern/local-code/KeyPath/Tests/KeyPathTests/KeyPathTests.swift:258:13: warning: initialization of immutable value 'manager' was never used; consider replacing with assignment to '_' or removing it [#no-usage]
256 |     func testAutoStartInitialization() throws {
257 |         // Test that KanataManager initializes with auto-start
258 |         let manager = RuntimeCoordinator()
    |             `- warning: initialization of immutable value 'manager' was never used; consider replacing with assignment to '_' or removing it [#no-usage]
259 | 
260 |         // No sleep needed - initialization is deterministic
[33/71] Compiling KeyPathTests WizardSummaryPageTests.swift
/Users/malpern/local-code/KeyPath/Tests/KeyPathTests/InstallationWizard/WizardSystemStatusOverviewTests.swift:34:13: warning: variable 'nav' was never mutated; consider changing to 'let' constant
32 | 
33 |     func testServiceStatusStaysCompletedWhenKanataRunning() {
34 |         var nav: [WizardPage] = []
   |             `- warning: variable 'nav' was never mutated; consider changing to 'let' constant
35 |         var visible = 0
36 |         let overview = WizardSystemStatusOverview(

/Users/malpern/local-code/KeyPath/Tests/KeyPathTests/InstallationWizard/WizardSystemStatusOverviewTests.swift:35:13: warning: variable 'visible' was never mutated; consider changing to 'let' constant
33 |     func testServiceStatusStaysCompletedWhenKanataRunning() {
34 |         var nav: [WizardPage] = []
35 |         var visible = 0
   |             `- warning: variable 'visible' was never mutated; consider changing to 'let' constant
36 |         let overview = WizardSystemStatusOverview(
37 |             systemState: .active,

/Users/malpern/local-code/KeyPath/Tests/KeyPathTests/InstallationWizard/WizardSystemStatusOverviewTests.swift:61:13: warning: variable 'nav' was never mutated; consider changing to 'let' constant
59 |         )
60 | 
61 |         var nav: [WizardPage] = []
   |             `- warning: variable 'nav' was never mutated; consider changing to 'let' constant
62 |         var visible = 0
63 |         let overview = WizardSystemStatusOverview(

/Users/malpern/local-code/KeyPath/Tests/KeyPathTests/InstallationWizard/WizardSystemStatusOverviewTests.swift:62:13: warning: variable 'visible' was never mutated; consider changing to 'let' constant
60 | 
61 |         var nav: [WizardPage] = []
62 |         var visible = 0
   |             `- warning: variable 'visible' was never mutated; consider changing to 'let' constant
63 |         let overview = WizardSystemStatusOverview(
64 |             systemState: .active,

/Users/malpern/local-code/KeyPath/Tests/KeyPathTests/KeyPathTests.swift:258:13: warning: initialization of immutable value 'manager' was never used; consider replacing with assignment to '_' or removing it [#no-usage]
256 |     func testAutoStartInitialization() throws {
257 |         // Test that KanataManager initializes with auto-start
258 |         let manager = RuntimeCoordinator()
    |             `- warning: initialization of immutable value 'manager' was never used; consider replacing with assignment to '_' or removing it [#no-usage]
259 | 
260 |         // No sleep needed - initialization is deterministic
[34/71] Compiling KeyPathTests WizardSystemStatusOverviewTests.swift
/Users/malpern/local-code/KeyPath/Tests/KeyPathTests/InstallationWizard/WizardSystemStatusOverviewTests.swift:34:13: warning: variable 'nav' was never mutated; consider changing to 'let' constant
32 | 
33 |     func testServiceStatusStaysCompletedWhenKanataRunning() {
34 |         var nav: [WizardPage] = []
   |             `- warning: variable 'nav' was never mutated; consider changing to 'let' constant
35 |         var visible = 0
36 |         let overview = WizardSystemStatusOverview(

/Users/malpern/local-code/KeyPath/Tests/KeyPathTests/InstallationWizard/WizardSystemStatusOverviewTests.swift:35:13: warning: variable 'visible' was never mutated; consider changing to 'let' constant
33 |     func testServiceStatusStaysCompletedWhenKanataRunning() {
34 |         var nav: [WizardPage] = []
35 |         var visible = 0
   |             `- warning: variable 'visible' was never mutated; consider changing to 'let' constant
36 |         let overview = WizardSystemStatusOverview(
37 |             systemState: .active,

/Users/malpern/local-code/KeyPath/Tests/KeyPathTests/InstallationWizard/WizardSystemStatusOverviewTests.swift:61:13: warning: variable 'nav' was never mutated; consider changing to 'let' constant
59 |         )
60 | 
61 |         var nav: [WizardPage] = []
   |             `- warning: variable 'nav' was never mutated; consider changing to 'let' constant
62 |         var visible = 0
63 |         let overview = WizardSystemStatusOverview(

/Users/malpern/local-code/KeyPath/Tests/KeyPathTests/InstallationWizard/WizardSystemStatusOverviewTests.swift:62:13: warning: variable 'visible' was never mutated; consider changing to 'let' constant
60 | 
61 |         var nav: [WizardPage] = []
62 |         var visible = 0
   |             `- warning: variable 'visible' was never mutated; consider changing to 'let' constant
63 |         let overview = WizardSystemStatusOverview(
64 |             systemState: .active,

/Users/malpern/local-code/KeyPath/Tests/KeyPathTests/KeyPathTests.swift:258:13: warning: initialization of immutable value 'manager' was never used; consider replacing with assignment to '_' or removing it [#no-usage]
256 |     func testAutoStartInitialization() throws {
257 |         // Test that KanataManager initializes with auto-start
258 |         let manager = RuntimeCoordinator()
    |             `- warning: initialization of immutable value 'manager' was never used; consider replacing with assignment to '_' or removing it [#no-usage]
259 | 
260 |         // No sleep needed - initialization is deterministic
[35/71] Compiling KeyPathTests IntegrationTestSuite.swift
/Users/malpern/local-code/KeyPath/Tests/KeyPathTests/InstallationWizard/WizardSystemStatusOverviewTests.swift:34:13: warning: variable 'nav' was never mutated; consider changing to 'let' constant
32 | 
33 |     func testServiceStatusStaysCompletedWhenKanataRunning() {
34 |         var nav: [WizardPage] = []
   |             `- warning: variable 'nav' was never mutated; consider changing to 'let' constant
35 |         var visible = 0
36 |         let overview = WizardSystemStatusOverview(

/Users/malpern/local-code/KeyPath/Tests/KeyPathTests/InstallationWizard/WizardSystemStatusOverviewTests.swift:35:13: warning: variable 'visible' was never mutated; consider changing to 'let' constant
33 |     func testServiceStatusStaysCompletedWhenKanataRunning() {
34 |         var nav: [WizardPage] = []
35 |         var visible = 0
   |             `- warning: variable 'visible' was never mutated; consider changing to 'let' constant
36 |         let overview = WizardSystemStatusOverview(
37 |             systemState: .active,

/Users/malpern/local-code/KeyPath/Tests/KeyPathTests/InstallationWizard/WizardSystemStatusOverviewTests.swift:61:13: warning: variable 'nav' was never mutated; consider changing to 'let' constant
59 |         )
60 | 
61 |         var nav: [WizardPage] = []
   |             `- warning: variable 'nav' was never mutated; consider changing to 'let' constant
62 |         var visible = 0
63 |         let overview = WizardSystemStatusOverview(

/Users/malpern/local-code/KeyPath/Tests/KeyPathTests/InstallationWizard/WizardSystemStatusOverviewTests.swift:62:13: warning: variable 'visible' was never mutated; consider changing to 'let' constant
60 | 
61 |         var nav: [WizardPage] = []
62 |         var visible = 0
   |             `- warning: variable 'visible' was never mutated; consider changing to 'let' constant
63 |         let overview = WizardSystemStatusOverview(
64 |             systemState: .active,

/Users/malpern/local-code/KeyPath/Tests/KeyPathTests/KeyPathTests.swift:258:13: warning: initialization of immutable value 'manager' was never used; consider replacing with assignment to '_' or removing it [#no-usage]
256 |     func testAutoStartInitialization() throws {
257 |         // Test that KanataManager initializes with auto-start
258 |         let manager = RuntimeCoordinator()
    |             `- warning: initialization of immutable value 'manager' was never used; consider replacing with assignment to '_' or removing it [#no-usage]
259 | 
260 |         // No sleep needed - initialization is deterministic
[36/71] Compiling KeyPathTests KeyPathTests.swift
/Users/malpern/local-code/KeyPath/Tests/KeyPathTests/InstallationWizard/WizardSystemStatusOverviewTests.swift:34:13: warning: variable 'nav' was never mutated; consider changing to 'let' constant
32 | 
33 |     func testServiceStatusStaysCompletedWhenKanataRunning() {
34 |         var nav: [WizardPage] = []
   |             `- warning: variable 'nav' was never mutated; consider changing to 'let' constant
35 |         var visible = 0
36 |         let overview = WizardSystemStatusOverview(

/Users/malpern/local-code/KeyPath/Tests/KeyPathTests/InstallationWizard/WizardSystemStatusOverviewTests.swift:35:13: warning: variable 'visible' was never mutated; consider changing to 'let' constant
33 |     func testServiceStatusStaysCompletedWhenKanataRunning() {
34 |         var nav: [WizardPage] = []
35 |         var visible = 0
   |             `- warning: variable 'visible' was never mutated; consider changing to 'let' constant
36 |         let overview = WizardSystemStatusOverview(
37 |             systemState: .active,

/Users/malpern/local-code/KeyPath/Tests/KeyPathTests/InstallationWizard/WizardSystemStatusOverviewTests.swift:61:13: warning: variable 'nav' was never mutated; consider changing to 'let' constant
59 |         )
60 | 
61 |         var nav: [WizardPage] = []
   |             `- warning: variable 'nav' was never mutated; consider changing to 'let' constant
62 |         var visible = 0
63 |         let overview = WizardSystemStatusOverview(

/Users/malpern/local-code/KeyPath/Tests/KeyPathTests/InstallationWizard/WizardSystemStatusOverviewTests.swift:62:13: warning: variable 'visible' was never mutated; consider changing to 'let' constant
60 | 
61 |         var nav: [WizardPage] = []
62 |         var visible = 0
   |             `- warning: variable 'visible' was never mutated; consider changing to 'let' constant
63 |         let overview = WizardSystemStatusOverview(
64 |             systemState: .active,

/Users/malpern/local-code/KeyPath/Tests/KeyPathTests/KeyPathTests.swift:258:13: warning: initialization of immutable value 'manager' was never used; consider replacing with assignment to '_' or removing it [#no-usage]
256 |     func testAutoStartInitialization() throws {
257 |         // Test that KanataManager initializes with auto-start
258 |         let manager = RuntimeCoordinator()
    |             `- warning: initialization of immutable value 'manager' was never used; consider replacing with assignment to '_' or removing it [#no-usage]
259 | 
260 |         // No sleep needed - initialization is deterministic
[37/71] Compiling KeyPathTests SystemValidatorTests.swift
[38/71] Compiling KeyPathTests UserNotificationServiceTests.swift
[39/71] Compiling KeyPathTests VHIDDeviceManagerTests.swift
[40/71] Compiling KeyPathTests SimpleModsSmokeTests.swift
[41/71] Compiling KeyPathTests SwiftTestingWorkaround.swift
[42/71] Compiling KeyPathTests SystemRequirementsTests.swift
[43/71] Compiling KeyPathTests FDADetectionTests.swift
[44/71] Compiling KeyPathTests InstallerEngineFunctionalTests.swift
[45/71] Compiling KeyPathTests InstallerEnginePerformanceTests.swift
[46/71] Compiling KeyPathTests InstallerEngineTests.swift
[47/71] Compiling KeyPathTests AuthorizationServicesSmokeTests.swift
[48/71] Compiling KeyPathTests KarabinerComponentsStatusEvaluatorTests.swift
[49/71] Compiling KeyPathTests LaunchctlSmokeTests.swift
[50/71] Compiling KeyPathTests PermissionOraclePolicyTests.swift
[51/71] Compiling KeyPathTests PermissionOracleTests.swift
[52/71] Compiling KeyPathTests SafetyTimeoutServiceTests.swift
[53/71] Compiling KeyPathTests ServiceHealthMonitorTests.swift
[54/71] Compiling KeyPathTests ServiceInstallGuardTests.swift
[55/71] Compiling KeyPathTests SystemRequirementsCheckerTests.swift
[56/71] Compiling KeyPathTests KeyboardCaptureTests.swift
/Users/malpern/local-code/KeyPath/Tests/KeyPathTests/KeyboardCaptureTests.swift:345:18: warning: variable 'weakCapture' was written to, but never read
343 | 
344 |     func testMemoryManagementDuringCapture() throws {
345 |         weak var weakCapture: KeyboardCapture?
    |                  `- warning: variable 'weakCapture' was written to, but never read
346 | 
347 |         // Create capture in local scope

/Users/malpern/local-code/KeyPath/Tests/KeyPathTests/Managers/KanataDaemonManagerTests.swift:95:15: warning: 'catch' block is unreachable because no errors are thrown in 'do' block
 93 |                 let status = manager.getStatus()
 94 |                 XCTAssertNotNil(status, "Should be able to check status on macOS 13+")
 95 |             } catch {
    |               `- warning: 'catch' block is unreachable because no errors are thrown in 'do' block
 96 |                 // If it throws, it should be for a reason other than macOS version
 97 |                 XCTAssertFalse(
[57/71] Compiling KeyPathTests LaunchDaemonInstallerTests.swift
/Users/malpern/local-code/KeyPath/Tests/KeyPathTests/KeyboardCaptureTests.swift:345:18: warning: variable 'weakCapture' was written to, but never read
343 | 
344 |     func testMemoryManagementDuringCapture() throws {
345 |         weak var weakCapture: KeyboardCapture?
    |                  `- warning: variable 'weakCapture' was written to, but never read
346 | 
347 |         // Create capture in local scope

/Users/malpern/local-code/KeyPath/Tests/KeyPathTests/Managers/KanataDaemonManagerTests.swift:95:15: warning: 'catch' block is unreachable because no errors are thrown in 'do' block
 93 |                 let status = manager.getStatus()
 94 |                 XCTAssertNotNil(status, "Should be able to check status on macOS 13+")
 95 |             } catch {
    |               `- warning: 'catch' block is unreachable because no errors are thrown in 'do' block
 96 |                 // If it throws, it should be for a reason other than macOS version
 97 |                 XCTAssertFalse(
[58/71] Compiling KeyPathTests MainAppStateControllerTests.swift
/Users/malpern/local-code/KeyPath/Tests/KeyPathTests/KeyboardCaptureTests.swift:345:18: warning: variable 'weakCapture' was written to, but never read
343 | 
344 |     func testMemoryManagementDuringCapture() throws {
345 |         weak var weakCapture: KeyboardCapture?
    |                  `- warning: variable 'weakCapture' was written to, but never read
346 | 
347 |         // Create capture in local scope

/Users/malpern/local-code/KeyPath/Tests/KeyPathTests/Managers/KanataDaemonManagerTests.swift:95:15: warning: 'catch' block is unreachable because no errors are thrown in 'do' block
 93 |                 let status = manager.getStatus()
 94 |                 XCTAssertNotNil(status, "Should be able to check status on macOS 13+")
 95 |             } catch {
    |               `- warning: 'catch' block is unreachable because no errors are thrown in 'do' block
 96 |                 // If it throws, it should be for a reason other than macOS version
 97 |                 XCTAssertFalse(
[59/71] Compiling KeyPathTests HelperMaintenanceTests.swift
/Users/malpern/local-code/KeyPath/Tests/KeyPathTests/KeyboardCaptureTests.swift:345:18: warning: variable 'weakCapture' was written to, but never read
343 | 
344 |     func testMemoryManagementDuringCapture() throws {
345 |         weak var weakCapture: KeyboardCapture?
    |                  `- warning: variable 'weakCapture' was written to, but never read
346 | 
347 |         // Create capture in local scope

/Users/malpern/local-code/KeyPath/Tests/KeyPathTests/Managers/KanataDaemonManagerTests.swift:95:15: warning: 'catch' block is unreachable because no errors are thrown in 'do' block
 93 |                 let status = manager.getStatus()
 94 |                 XCTAssertNotNil(status, "Should be able to check status on macOS 13+")
 95 |             } catch {
    |               `- warning: 'catch' block is unreachable because no errors are thrown in 'do' block
 96 |                 // If it throws, it should be for a reason other than macOS version
 97 |                 XCTAssertFalse(
[60/71] Compiling KeyPathTests KanataDaemonManagerTests.swift
/Users/malpern/local-code/KeyPath/Tests/KeyPathTests/KeyboardCaptureTests.swift:345:18: warning: variable 'weakCapture' was written to, but never read
343 | 
344 |     func testMemoryManagementDuringCapture() throws {
345 |         weak var weakCapture: KeyboardCapture?
    |                  `- warning: variable 'weakCapture' was written to, but never read
346 | 
347 |         // Create capture in local scope

/Users/malpern/local-code/KeyPath/Tests/KeyPathTests/Managers/KanataDaemonManagerTests.swift:95:15: warning: 'catch' block is unreachable because no errors are thrown in 'do' block
 93 |                 let status = manager.getStatus()
 94 |                 XCTAssertNotNil(status, "Should be able to check status on macOS 13+")
 95 |             } catch {
    |               `- warning: 'catch' block is unreachable because no errors are thrown in 'do' block
 96 |                 // If it throws, it should be for a reason other than macOS version
 97 |                 XCTAssertFalse(
[61/71] Compiling KeyPathTests UninstallCoordinatorTests.swift
/Users/malpern/local-code/KeyPath/Tests/KeyPathTests/KeyboardCaptureTests.swift:345:18: warning: variable 'weakCapture' was written to, but never read
343 | 
344 |     func testMemoryManagementDuringCapture() throws {
345 |         weak var weakCapture: KeyboardCapture?
    |                  `- warning: variable 'weakCapture' was written to, but never read
346 | 
347 |         // Create capture in local scope

/Users/malpern/local-code/KeyPath/Tests/KeyPathTests/Managers/KanataDaemonManagerTests.swift:95:15: warning: 'catch' block is unreachable because no errors are thrown in 'do' block
 93 |                 let status = manager.getStatus()
 94 |                 XCTAssertNotNil(status, "Should be able to check status on macOS 13+")
 95 |             } catch {
    |               `- warning: 'catch' block is unreachable because no errors are thrown in 'do' block
 96 |                 // If it throws, it should be for a reason other than macOS version
 97 |                 XCTAssertFalse(
[62/71] Compiling KeyPathTests MockSystemEnvironment.swift
/Users/malpern/local-code/KeyPath/Tests/KeyPathTests/KeyboardCaptureTests.swift:345:18: warning: variable 'weakCapture' was written to, but never read
343 | 
344 |     func testMemoryManagementDuringCapture() throws {
345 |         weak var weakCapture: KeyboardCapture?
    |                  `- warning: variable 'weakCapture' was written to, but never read
346 | 
347 |         // Create capture in local scope

/Users/malpern/local-code/KeyPath/Tests/KeyPathTests/Managers/KanataDaemonManagerTests.swift:95:15: warning: 'catch' block is unreachable because no errors are thrown in 'do' block
 93 |                 let status = manager.getStatus()
 94 |                 XCTAssertNotNil(status, "Should be able to check status on macOS 13+")
 95 |             } catch {
    |               `- warning: 'catch' block is unreachable because no errors are thrown in 'do' block
 96 |                 // If it throws, it should be for a reason other than macOS version
 97 |                 XCTAssertFalse(
[63/71] Compiling KeyPathTests KeyPathCLITests.swift
/Users/malpern/local-code/KeyPath/Tests/KeyPathTests/ContentViewDebounceTests.swift:11:27: error: cannot find type 'KanataManager' in scope
  9 | @MainActor
 10 | class ContentViewDebounceTests: XCTestCase {
 11 |     lazy var testManager: KanataManager = .init()
    |                           `- error: cannot find type 'KanataManager' in scope
 12 | 
 13 |     // MARK: - Debounce Logic Tests (Non-UI)

/Users/malpern/local-code/KeyPath/Tests/KeyPathTests/Core/KeyPathErrorTests.swift:349:17: note: '#expect(_:_:)' will always pass here; use 'Bool(true)' to silence this warning (from macro 'expect')
347 | 
348 |         // If this compiles, Sendable conformance is working correctly
349 |         #expect(true)
    |                 `- note: '#expect(_:_:)' will always pass here; use 'Bool(true)' to silence this warning (from macro 'expect')
350 |     }
351 | }
[64/71] Compiling KeyPathTests ConfigApplyTypesTests.swift
/Users/malpern/local-code/KeyPath/Tests/KeyPathTests/ContentViewDebounceTests.swift:11:27: error: cannot find type 'KanataManager' in scope
  9 | @MainActor
 10 | class ContentViewDebounceTests: XCTestCase {
 11 |     lazy var testManager: KanataManager = .init()
    |                           `- error: cannot find type 'KanataManager' in scope
 12 | 
 13 |     // MARK: - Debounce Logic Tests (Non-UI)

/Users/malpern/local-code/KeyPath/Tests/KeyPathTests/Core/KeyPathErrorTests.swift:349:17: note: '#expect(_:_:)' will always pass here; use 'Bool(true)' to silence this warning (from macro 'expect')
347 | 
348 |         // If this compiles, Sendable conformance is working correctly
349 |         #expect(true)
    |                 `- note: '#expect(_:_:)' will always pass here; use 'Bool(true)' to silence this warning (from macro 'expect')
350 |     }
351 | }
[65/71] Compiling KeyPathTests ContentViewDebounceTests.swift
/Users/malpern/local-code/KeyPath/Tests/KeyPathTests/ContentViewDebounceTests.swift:11:27: error: cannot find type 'KanataManager' in scope
  9 | @MainActor
 10 | class ContentViewDebounceTests: XCTestCase {
 11 |     lazy var testManager: KanataManager = .init()
    |                           `- error: cannot find type 'KanataManager' in scope
 12 | 
 13 |     // MARK: - Debounce Logic Tests (Non-UI)

/Users/malpern/local-code/KeyPath/Tests/KeyPathTests/Core/KeyPathErrorTests.swift:349:17: note: '#expect(_:_:)' will always pass here; use 'Bool(true)' to silence this warning (from macro 'expect')
347 | 
348 |         // If this compiles, Sendable conformance is working correctly
349 |         #expect(true)
    |                 `- note: '#expect(_:_:)' will always pass here; use 'Bool(true)' to silence this warning (from macro 'expect')
350 |     }
351 | }
[66/71] Compiling KeyPathTests HelperManagerTests.swift
/Users/malpern/local-code/KeyPath/Tests/KeyPathTests/ContentViewDebounceTests.swift:11:27: error: cannot find type 'KanataManager' in scope
  9 | @MainActor
 10 | class ContentViewDebounceTests: XCTestCase {
 11 |     lazy var testManager: KanataManager = .init()
    |                           `- error: cannot find type 'KanataManager' in scope
 12 | 
 13 |     // MARK: - Debounce Logic Tests (Non-UI)

/Users/malpern/local-code/KeyPath/Tests/KeyPathTests/Core/KeyPathErrorTests.swift:349:17: note: '#expect(_:_:)' will always pass here; use 'Bool(true)' to silence this warning (from macro 'expect')
347 | 
348 |         // If this compiles, Sendable conformance is working correctly
349 |         #expect(true)
    |                 `- note: '#expect(_:_:)' will always pass here; use 'Bool(true)' to silence this warning (from macro 'expect')
350 |     }
351 | }
[67/71] Compiling KeyPathTests KeyPathErrorTests.swift
/Users/malpern/local-code/KeyPath/Tests/KeyPathTests/ContentViewDebounceTests.swift:11:27: error: cannot find type 'KanataManager' in scope
  9 | @MainActor
 10 | class ContentViewDebounceTests: XCTestCase {
 11 |     lazy var testManager: KanataManager = .init()
    |                           `- error: cannot find type 'KanataManager' in scope
 12 | 
 13 |     // MARK: - Debounce Logic Tests (Non-UI)

/Users/malpern/local-code/KeyPath/Tests/KeyPathTests/Core/KeyPathErrorTests.swift:349:17: note: '#expect(_:_:)' will always pass here; use 'Bool(true)' to silence this warning (from macro 'expect')
347 | 
348 |         // If this compiles, Sendable conformance is working correctly
349 |         #expect(true)
    |                 `- note: '#expect(_:_:)' will always pass here; use 'Bool(true)' to silence this warning (from macro 'expect')
350 |     }
351 | }
[68/71] Compiling KeyPathTests PrivilegedOperationsCoordinatorTests.swift
/Users/malpern/local-code/KeyPath/Tests/KeyPathTests/ContentViewDebounceTests.swift:11:27: error: cannot find type 'KanataManager' in scope
  9 | @MainActor
 10 | class ContentViewDebounceTests: XCTestCase {
 11 |     lazy var testManager: KanataManager = .init()
    |                           `- error: cannot find type 'KanataManager' in scope
 12 | 
 13 |     // MARK: - Debounce Logic Tests (Non-UI)

/Users/malpern/local-code/KeyPath/Tests/KeyPathTests/Core/KeyPathErrorTests.swift:349:17: note: '#expect(_:_:)' will always pass here; use 'Bool(true)' to silence this warning (from macro 'expect')
347 | 
348 |         // If this compiles, Sendable conformance is working correctly
349 |         #expect(true)
    |                 `- note: '#expect(_:_:)' will always pass here; use 'Bool(true)' to silence this warning (from macro 'expect')
350 |     }
351 | }
[69/71] Compiling KeyPathTests ErrorHandlingTests.swift
/Users/malpern/local-code/KeyPath/Tests/KeyPathTests/ContentViewDebounceTests.swift:11:27: error: cannot find type 'KanataManager' in scope
  9 | @MainActor
 10 | class ContentViewDebounceTests: XCTestCase {
 11 |     lazy var testManager: KanataManager = .init()
    |                           `- error: cannot find type 'KanataManager' in scope
 12 | 
 13 |     // MARK: - Debounce Logic Tests (Non-UI)

/Users/malpern/local-code/KeyPath/Tests/KeyPathTests/Core/KeyPathErrorTests.swift:349:17: note: '#expect(_:_:)' will always pass here; use 'Bool(true)' to silence this warning (from macro 'expect')
347 | 
348 |         // If this compiles, Sendable conformance is working correctly
349 |         #expect(true)
    |                 `- note: '#expect(_:_:)' will always pass here; use 'Bool(true)' to silence this warning (from macro 'expect')
350 |     }
351 | }
error: fatalError
