[0/1] Planning build
Building for debugging...
[0/9] Write swift-version--58304C5D6DBC2206.txt
[2/47] Compiling KeyPathTests ProcessLifecycleManagerTests.swift
/Users/malpern/local-code/KeyPath/Tests/KeyPathTests/RecordingCoordinatorTests.swift:13:38: error: cannot find 'KanataManager' in scope
 11 |     )
 12 |     private lazy var captureStub = StubRecordingCapture()
 13 |     private lazy var kanataManager = KanataManager()
    |                                      `- error: cannot find 'KanataManager' in scope
 14 |     private lazy var coordinator: RecordingCoordinator = {
 15 |         let c = RecordingCoordinator()

/Users/malpern/local-code/KeyPath/Tests/KeyPathTests/RecordingCoordinatorTests.swift:136:59: error: cannot find type 'KanataManager' in scope
134 |     var autoFire = true
135 | 
136 |     func setEventRouter(_: EventRouter?, kanataManager _: KanataManager?) {
    |                                                           `- error: cannot find type 'KanataManager' in scope
137 |         // No-op in tests
138 |     }

/Users/malpern/local-code/KeyPath/Tests/KeyPathTests/RuntimeCoordinatorResetTests.swift:9:23: error: cannot find 'KanataManager' in scope
 7 |     func testResetWritesDefaultConfig() async throws {
 8 |         // Given a fresh manager and temp HOME (run-tests-safe.sh sets HOME)
 9 |         let manager = KanataManager()
   |                       `- error: cannot find 'KanataManager' in scope
10 | 
11 |         // When: reset to default config
[3/47] Compiling KeyPathTests RecordingCoordinatorTests.swift
/Users/malpern/local-code/KeyPath/Tests/KeyPathTests/RecordingCoordinatorTests.swift:13:38: error: cannot find 'KanataManager' in scope
 11 |     )
 12 |     private lazy var captureStub = StubRecordingCapture()
 13 |     private lazy var kanataManager = KanataManager()
    |                                      `- error: cannot find 'KanataManager' in scope
 14 |     private lazy var coordinator: RecordingCoordinator = {
 15 |         let c = RecordingCoordinator()

/Users/malpern/local-code/KeyPath/Tests/KeyPathTests/RecordingCoordinatorTests.swift:136:59: error: cannot find type 'KanataManager' in scope
134 |     var autoFire = true
135 | 
136 |     func setEventRouter(_: EventRouter?, kanataManager _: KanataManager?) {
    |                                                           `- error: cannot find type 'KanataManager' in scope
137 |         // No-op in tests
138 |     }

/Users/malpern/local-code/KeyPath/Tests/KeyPathTests/RuntimeCoordinatorResetTests.swift:9:23: error: cannot find 'KanataManager' in scope
 7 |     func testResetWritesDefaultConfig() async throws {
 8 |         // Given a fresh manager and temp HOME (run-tests-safe.sh sets HOME)
 9 |         let manager = KanataManager()
   |                       `- error: cannot find 'KanataManager' in scope
10 | 
11 |         // When: reset to default config
[4/47] Compiling KeyPathTests CustomRulesStoreTests.swift
/Users/malpern/local-code/KeyPath/Tests/KeyPathTests/RecordingCoordinatorTests.swift:13:38: error: cannot find 'KanataManager' in scope
 11 |     )
 12 |     private lazy var captureStub = StubRecordingCapture()
 13 |     private lazy var kanataManager = KanataManager()
    |                                      `- error: cannot find 'KanataManager' in scope
 14 |     private lazy var coordinator: RecordingCoordinator = {
 15 |         let c = RecordingCoordinator()

/Users/malpern/local-code/KeyPath/Tests/KeyPathTests/RecordingCoordinatorTests.swift:136:59: error: cannot find type 'KanataManager' in scope
134 |     var autoFire = true
135 | 
136 |     func setEventRouter(_: EventRouter?, kanataManager _: KanataManager?) {
    |                                                           `- error: cannot find type 'KanataManager' in scope
137 |         // No-op in tests
138 |     }

/Users/malpern/local-code/KeyPath/Tests/KeyPathTests/RuntimeCoordinatorResetTests.swift:9:23: error: cannot find 'KanataManager' in scope
 7 |     func testResetWritesDefaultConfig() async throws {
 8 |         // Given a fresh manager and temp HOME (run-tests-safe.sh sets HOME)
 9 |         let manager = KanataManager()
   |                       `- error: cannot find 'KanataManager' in scope
10 | 
11 |         // When: reset to default config
[5/47] Compiling KeyPathTests RuleCollectionStoreTests.swift
/Users/malpern/local-code/KeyPath/Tests/KeyPathTests/RecordingCoordinatorTests.swift:13:38: error: cannot find 'KanataManager' in scope
 11 |     )
 12 |     private lazy var captureStub = StubRecordingCapture()
 13 |     private lazy var kanataManager = KanataManager()
    |                                      `- error: cannot find 'KanataManager' in scope
 14 |     private lazy var coordinator: RecordingCoordinator = {
 15 |         let c = RecordingCoordinator()

/Users/malpern/local-code/KeyPath/Tests/KeyPathTests/RecordingCoordinatorTests.swift:136:59: error: cannot find type 'KanataManager' in scope
134 |     var autoFire = true
135 | 
136 |     func setEventRouter(_: EventRouter?, kanataManager _: KanataManager?) {
    |                                                           `- error: cannot find type 'KanataManager' in scope
137 |         // No-op in tests
138 |     }

/Users/malpern/local-code/KeyPath/Tests/KeyPathTests/RuntimeCoordinatorResetTests.swift:9:23: error: cannot find 'KanataManager' in scope
 7 |     func testResetWritesDefaultConfig() async throws {
 8 |         // Given a fresh manager and temp HOME (run-tests-safe.sh sets HOME)
 9 |         let manager = KanataManager()
   |                       `- error: cannot find 'KanataManager' in scope
10 | 
11 |         // When: reset to default config
[6/47] Compiling KeyPathTests RuntimeCoordinatorResetTests.swift
/Users/malpern/local-code/KeyPath/Tests/KeyPathTests/RecordingCoordinatorTests.swift:13:38: error: cannot find 'KanataManager' in scope
 11 |     )
 12 |     private lazy var captureStub = StubRecordingCapture()
 13 |     private lazy var kanataManager = KanataManager()
    |                                      `- error: cannot find 'KanataManager' in scope
 14 |     private lazy var coordinator: RecordingCoordinator = {
 15 |         let c = RecordingCoordinator()

/Users/malpern/local-code/KeyPath/Tests/KeyPathTests/RecordingCoordinatorTests.swift:136:59: error: cannot find type 'KanataManager' in scope
134 |     var autoFire = true
135 | 
136 |     func setEventRouter(_: EventRouter?, kanataManager _: KanataManager?) {
    |                                                           `- error: cannot find type 'KanataManager' in scope
137 |         // No-op in tests
138 |     }

/Users/malpern/local-code/KeyPath/Tests/KeyPathTests/RuntimeCoordinatorResetTests.swift:9:23: error: cannot find 'KanataManager' in scope
 7 |     func testResetWritesDefaultConfig() async throws {
 8 |         // Given a fresh manager and temp HOME (run-tests-safe.sh sets HOME)
 9 |         let manager = KanataManager()
   |                       `- error: cannot find 'KanataManager' in scope
10 | 
11 |         // When: reset to default config
[7/51] Compiling KeyPathTests RuntimeCoordinatorTests.swift
/Users/malpern/local-code/KeyPath/Tests/KeyPathTests/RuntimeCoordinatorTests.swift:7:23: error: cannot find type 'KanataManager' in scope
 5 | @MainActor
 6 | final class KanataManagerTests: XCTestCase {
 7 |     lazy var manager: KanataManager = .init()
   |                       `- error: cannot find type 'KanataManager' in scope
 8 | 
 9 |     func testInitialState() async {

/Users/malpern/local-code/KeyPath/Tests/KeyPathTests/Services/DiagnosticsServiceTests.swift:13:9: warning: main actor-isolated property 'processManager' can not be mutated from a nonisolated context
  7 | final class DiagnosticsServiceTests: XCTestCase {
  8 |     var service: DiagnosticsService!
  9 |     var processManager: ProcessLifecycleManager!
    |         `- note: mutation of this property is only permitted within the actor
 10 | 
 11 |     override func setUp() {
 12 |         super.setUp()
 13 |         processManager = ProcessLifecycleManager()
    |         `- warning: main actor-isolated property 'processManager' can not be mutated from a nonisolated context
 14 |         service = DiagnosticsService(processLifecycleManager: processManager)
 15 |     }

/Users/malpern/local-code/KeyPath/Tests/KeyPathTests/Services/DiagnosticsServiceTests.swift:13:26: warning: call to main actor-isolated initializer 'init()' in a synchronous nonisolated context [#ActorIsolatedCall]
 11 |     override func setUp() {
 12 |         super.setUp()
 13 |         processManager = ProcessLifecycleManager()
    |                          `- warning: call to main actor-isolated initializer 'init()' in a synchronous nonisolated context [#ActorIsolatedCall]
 14 |         service = DiagnosticsService(processLifecycleManager: processManager)
 15 |     }

/Users/malpern/local-code/KeyPath/Sources/KeyPathDaemonLifecycle/ProcessLifecycleManager.swift:42:12: note: calls to initializer 'init()' from outside of its actor context are implicitly asynchronous
 40 |     }
 41 | 
 42 |     public init() {
    |            `- note: calls to initializer 'init()' from outside of its actor context are implicitly asynchronous
 43 |         AppLogger.shared.log(
 44 |             "üèóÔ∏è [ProcessLifecycleManager] Initialized with simplified PID-based tracking and caching")

/Users/malpern/local-code/KeyPath/Tests/KeyPathTests/Services/DiagnosticsServiceTests.swift:14:9: warning: main actor-isolated property 'service' can not be mutated from a nonisolated context
  6 | @MainActor
  7 | final class DiagnosticsServiceTests: XCTestCase {
  8 |     var service: DiagnosticsService!
    |         `- note: mutation of this property is only permitted within the actor
  9 |     var processManager: ProcessLifecycleManager!
 10 | 
    :
 12 |         super.setUp()
 13 |         processManager = ProcessLifecycleManager()
 14 |         service = DiagnosticsService(processLifecycleManager: processManager)
    |         `- warning: main actor-isolated property 'service' can not be mutated from a nonisolated context
 15 |     }
 16 | 

/Users/malpern/local-code/KeyPath/Tests/KeyPathTests/Services/DiagnosticsServiceTests.swift:14:63: warning: main actor-isolated property 'processManager' can not be referenced from a nonisolated context
  7 | final class DiagnosticsServiceTests: XCTestCase {
  8 |     var service: DiagnosticsService!
  9 |     var processManager: ProcessLifecycleManager!
    |         `- note: property declared here
 10 | 
 11 |     override func setUp() {
 12 |         super.setUp()
 13 |         processManager = ProcessLifecycleManager()
 14 |         service = DiagnosticsService(processLifecycleManager: processManager)
    |                                                               `- warning: main actor-isolated property 'processManager' can not be referenced from a nonisolated context
 15 |     }
 16 | 

/Users/malpern/local-code/KeyPath/Tests/KeyPathTests/Services/DiagnosticsServiceTests.swift:18:9: warning: main actor-isolated property 'service' can not be mutated from a nonisolated context
  6 | @MainActor
  7 | final class DiagnosticsServiceTests: XCTestCase {
  8 |     var service: DiagnosticsService!
    |         `- note: mutation of this property is only permitted within the actor
  9 |     var processManager: ProcessLifecycleManager!
 10 | 
    :
 16 | 
 17 |     override func tearDown() {
 18 |         service = nil
    |         `- warning: main actor-isolated property 'service' can not be mutated from a nonisolated context
 19 |         processManager = nil
 20 |         super.tearDown()

/Users/malpern/local-code/KeyPath/Tests/KeyPathTests/Services/DiagnosticsServiceTests.swift:19:9: warning: main actor-isolated property 'processManager' can not be mutated from a nonisolated context
  7 | final class DiagnosticsServiceTests: XCTestCase {
  8 |     var service: DiagnosticsService!
  9 |     var processManager: ProcessLifecycleManager!
    |         `- note: mutation of this property is only permitted within the actor
 10 | 
 11 |     override func setUp() {
    :
 17 |     override func tearDown() {
 18 |         service = nil
 19 |         processManager = nil
    |         `- warning: main actor-isolated property 'processManager' can not be mutated from a nonisolated context
 20 |         super.tearDown()
 21 |     }

[#ActorIsolatedCall]: <https://docs.swift.org/compiler/documentation/diagnostics/actor-isolated-call>
[8/51] Compiling KeyPathTests ConfigFileWatcherTests.swift
/Users/malpern/local-code/KeyPath/Tests/KeyPathTests/RuntimeCoordinatorTests.swift:7:23: error: cannot find type 'KanataManager' in scope
 5 | @MainActor
 6 | final class KanataManagerTests: XCTestCase {
 7 |     lazy var manager: KanataManager = .init()
   |                       `- error: cannot find type 'KanataManager' in scope
 8 | 
 9 |     func testInitialState() async {

/Users/malpern/local-code/KeyPath/Tests/KeyPathTests/Services/DiagnosticsServiceTests.swift:13:9: warning: main actor-isolated property 'processManager' can not be mutated from a nonisolated context
  7 | final class DiagnosticsServiceTests: XCTestCase {
  8 |     var service: DiagnosticsService!
  9 |     var processManager: ProcessLifecycleManager!
    |         `- note: mutation of this property is only permitted within the actor
 10 | 
 11 |     override func setUp() {
 12 |         super.setUp()
 13 |         processManager = ProcessLifecycleManager()
    |         `- warning: main actor-isolated property 'processManager' can not be mutated from a nonisolated context
 14 |         service = DiagnosticsService(processLifecycleManager: processManager)
 15 |     }

/Users/malpern/local-code/KeyPath/Tests/KeyPathTests/Services/DiagnosticsServiceTests.swift:13:26: warning: call to main actor-isolated initializer 'init()' in a synchronous nonisolated context [#ActorIsolatedCall]
 11 |     override func setUp() {
 12 |         super.setUp()
 13 |         processManager = ProcessLifecycleManager()
    |                          `- warning: call to main actor-isolated initializer 'init()' in a synchronous nonisolated context [#ActorIsolatedCall]
 14 |         service = DiagnosticsService(processLifecycleManager: processManager)
 15 |     }

/Users/malpern/local-code/KeyPath/Sources/KeyPathDaemonLifecycle/ProcessLifecycleManager.swift:42:12: note: calls to initializer 'init()' from outside of its actor context are implicitly asynchronous
 40 |     }
 41 | 
 42 |     public init() {
    |            `- note: calls to initializer 'init()' from outside of its actor context are implicitly asynchronous
 43 |         AppLogger.shared.log(
 44 |             "üèóÔ∏è [ProcessLifecycleManager] Initialized with simplified PID-based tracking and caching")

/Users/malpern/local-code/KeyPath/Tests/KeyPathTests/Services/DiagnosticsServiceTests.swift:14:9: warning: main actor-isolated property 'service' can not be mutated from a nonisolated context
  6 | @MainActor
  7 | final class DiagnosticsServiceTests: XCTestCase {
  8 |     var service: DiagnosticsService!
    |         `- note: mutation of this property is only permitted within the actor
  9 |     var processManager: ProcessLifecycleManager!
 10 | 
    :
 12 |         super.setUp()
 13 |         processManager = ProcessLifecycleManager()
 14 |         service = DiagnosticsService(processLifecycleManager: processManager)
    |         `- warning: main actor-isolated property 'service' can not be mutated from a nonisolated context
 15 |     }
 16 | 

/Users/malpern/local-code/KeyPath/Tests/KeyPathTests/Services/DiagnosticsServiceTests.swift:14:63: warning: main actor-isolated property 'processManager' can not be referenced from a nonisolated context
  7 | final class DiagnosticsServiceTests: XCTestCase {
  8 |     var service: DiagnosticsService!
  9 |     var processManager: ProcessLifecycleManager!
    |         `- note: property declared here
 10 | 
 11 |     override func setUp() {
 12 |         super.setUp()
 13 |         processManager = ProcessLifecycleManager()
 14 |         service = DiagnosticsService(processLifecycleManager: processManager)
    |                                                               `- warning: main actor-isolated property 'processManager' can not be referenced from a nonisolated context
 15 |     }
 16 | 

/Users/malpern/local-code/KeyPath/Tests/KeyPathTests/Services/DiagnosticsServiceTests.swift:18:9: warning: main actor-isolated property 'service' can not be mutated from a nonisolated context
  6 | @MainActor
  7 | final class DiagnosticsServiceTests: XCTestCase {
  8 |     var service: DiagnosticsService!
    |         `- note: mutation of this property is only permitted within the actor
  9 |     var processManager: ProcessLifecycleManager!
 10 | 
    :
 16 | 
 17 |     override func tearDown() {
 18 |         service = nil
    |         `- warning: main actor-isolated property 'service' can not be mutated from a nonisolated context
 19 |         processManager = nil
 20 |         super.tearDown()

/Users/malpern/local-code/KeyPath/Tests/KeyPathTests/Services/DiagnosticsServiceTests.swift:19:9: warning: main actor-isolated property 'processManager' can not be mutated from a nonisolated context
  7 | final class DiagnosticsServiceTests: XCTestCase {
  8 |     var service: DiagnosticsService!
  9 |     var processManager: ProcessLifecycleManager!
    |         `- note: mutation of this property is only permitted within the actor
 10 | 
 11 |     override func setUp() {
    :
 17 |     override func tearDown() {
 18 |         service = nil
 19 |         processManager = nil
    |         `- warning: main actor-isolated property 'processManager' can not be mutated from a nonisolated context
 20 |         super.tearDown()
 21 |     }

[#ActorIsolatedCall]: <https://docs.swift.org/compiler/documentation/diagnostics/actor-isolated-call>
[9/51] Compiling KeyPathTests ConfigurationServiceTests.swift
/Users/malpern/local-code/KeyPath/Tests/KeyPathTests/RuntimeCoordinatorTests.swift:7:23: error: cannot find type 'KanataManager' in scope
 5 | @MainActor
 6 | final class KanataManagerTests: XCTestCase {
 7 |     lazy var manager: KanataManager = .init()
   |                       `- error: cannot find type 'KanataManager' in scope
 8 | 
 9 |     func testInitialState() async {

/Users/malpern/local-code/KeyPath/Tests/KeyPathTests/Services/DiagnosticsServiceTests.swift:13:9: warning: main actor-isolated property 'processManager' can not be mutated from a nonisolated context
  7 | final class DiagnosticsServiceTests: XCTestCase {
  8 |     var service: DiagnosticsService!
  9 |     var processManager: ProcessLifecycleManager!
    |         `- note: mutation of this property is only permitted within the actor
 10 | 
 11 |     override func setUp() {
 12 |         super.setUp()
 13 |         processManager = ProcessLifecycleManager()
    |         `- warning: main actor-isolated property 'processManager' can not be mutated from a nonisolated context
 14 |         service = DiagnosticsService(processLifecycleManager: processManager)
 15 |     }

/Users/malpern/local-code/KeyPath/Tests/KeyPathTests/Services/DiagnosticsServiceTests.swift:13:26: warning: call to main actor-isolated initializer 'init()' in a synchronous nonisolated context [#ActorIsolatedCall]
 11 |     override func setUp() {
 12 |         super.setUp()
 13 |         processManager = ProcessLifecycleManager()
    |                          `- warning: call to main actor-isolated initializer 'init()' in a synchronous nonisolated context [#ActorIsolatedCall]
 14 |         service = DiagnosticsService(processLifecycleManager: processManager)
 15 |     }

/Users/malpern/local-code/KeyPath/Sources/KeyPathDaemonLifecycle/ProcessLifecycleManager.swift:42:12: note: calls to initializer 'init()' from outside of its actor context are implicitly asynchronous
 40 |     }
 41 | 
 42 |     public init() {
    |            `- note: calls to initializer 'init()' from outside of its actor context are implicitly asynchronous
 43 |         AppLogger.shared.log(
 44 |             "üèóÔ∏è [ProcessLifecycleManager] Initialized with simplified PID-based tracking and caching")

/Users/malpern/local-code/KeyPath/Tests/KeyPathTests/Services/DiagnosticsServiceTests.swift:14:9: warning: main actor-isolated property 'service' can not be mutated from a nonisolated context
  6 | @MainActor
  7 | final class DiagnosticsServiceTests: XCTestCase {
  8 |     var service: DiagnosticsService!
    |         `- note: mutation of this property is only permitted within the actor
  9 |     var processManager: ProcessLifecycleManager!
 10 | 
    :
 12 |         super.setUp()
 13 |         processManager = ProcessLifecycleManager()
 14 |         service = DiagnosticsService(processLifecycleManager: processManager)
    |         `- warning: main actor-isolated property 'service' can not be mutated from a nonisolated context
 15 |     }
 16 | 

/Users/malpern/local-code/KeyPath/Tests/KeyPathTests/Services/DiagnosticsServiceTests.swift:14:63: warning: main actor-isolated property 'processManager' can not be referenced from a nonisolated context
  7 | final class DiagnosticsServiceTests: XCTestCase {
  8 |     var service: DiagnosticsService!
  9 |     var processManager: ProcessLifecycleManager!
    |         `- note: property declared here
 10 | 
 11 |     override func setUp() {
 12 |         super.setUp()
 13 |         processManager = ProcessLifecycleManager()
 14 |         service = DiagnosticsService(processLifecycleManager: processManager)
    |                                                               `- warning: main actor-isolated property 'processManager' can not be referenced from a nonisolated context
 15 |     }
 16 | 

/Users/malpern/local-code/KeyPath/Tests/KeyPathTests/Services/DiagnosticsServiceTests.swift:18:9: warning: main actor-isolated property 'service' can not be mutated from a nonisolated context
  6 | @MainActor
  7 | final class DiagnosticsServiceTests: XCTestCase {
  8 |     var service: DiagnosticsService!
    |         `- note: mutation of this property is only permitted within the actor
  9 |     var processManager: ProcessLifecycleManager!
 10 | 
    :
 16 | 
 17 |     override func tearDown() {
 18 |         service = nil
    |         `- warning: main actor-isolated property 'service' can not be mutated from a nonisolated context
 19 |         processManager = nil
 20 |         super.tearDown()

/Users/malpern/local-code/KeyPath/Tests/KeyPathTests/Services/DiagnosticsServiceTests.swift:19:9: warning: main actor-isolated property 'processManager' can not be mutated from a nonisolated context
  7 | final class DiagnosticsServiceTests: XCTestCase {
  8 |     var service: DiagnosticsService!
  9 |     var processManager: ProcessLifecycleManager!
    |         `- note: mutation of this property is only permitted within the actor
 10 | 
 11 |     override func setUp() {
    :
 17 |     override func tearDown() {
 18 |         service = nil
 19 |         processManager = nil
    |         `- warning: main actor-isolated property 'processManager' can not be mutated from a nonisolated context
 20 |         super.tearDown()
 21 |     }

[#ActorIsolatedCall]: <https://docs.swift.org/compiler/documentation/diagnostics/actor-isolated-call>
[10/51] Compiling KeyPathTests DiagnosticsServiceTests.swift
/Users/malpern/local-code/KeyPath/Tests/KeyPathTests/RuntimeCoordinatorTests.swift:7:23: error: cannot find type 'KanataManager' in scope
 5 | @MainActor
 6 | final class KanataManagerTests: XCTestCase {
 7 |     lazy var manager: KanataManager = .init()
   |                       `- error: cannot find type 'KanataManager' in scope
 8 | 
 9 |     func testInitialState() async {

/Users/malpern/local-code/KeyPath/Tests/KeyPathTests/Services/DiagnosticsServiceTests.swift:13:9: warning: main actor-isolated property 'processManager' can not be mutated from a nonisolated context
  7 | final class DiagnosticsServiceTests: XCTestCase {
  8 |     var service: DiagnosticsService!
  9 |     var processManager: ProcessLifecycleManager!
    |         `- note: mutation of this property is only permitted within the actor
 10 | 
 11 |     override func setUp() {
 12 |         super.setUp()
 13 |         processManager = ProcessLifecycleManager()
    |         `- warning: main actor-isolated property 'processManager' can not be mutated from a nonisolated context
 14 |         service = DiagnosticsService(processLifecycleManager: processManager)
 15 |     }

/Users/malpern/local-code/KeyPath/Tests/KeyPathTests/Services/DiagnosticsServiceTests.swift:13:26: warning: call to main actor-isolated initializer 'init()' in a synchronous nonisolated context [#ActorIsolatedCall]
 11 |     override func setUp() {
 12 |         super.setUp()
 13 |         processManager = ProcessLifecycleManager()
    |                          `- warning: call to main actor-isolated initializer 'init()' in a synchronous nonisolated context [#ActorIsolatedCall]
 14 |         service = DiagnosticsService(processLifecycleManager: processManager)
 15 |     }

/Users/malpern/local-code/KeyPath/Sources/KeyPathDaemonLifecycle/ProcessLifecycleManager.swift:42:12: note: calls to initializer 'init()' from outside of its actor context are implicitly asynchronous
 40 |     }
 41 | 
 42 |     public init() {
    |            `- note: calls to initializer 'init()' from outside of its actor context are implicitly asynchronous
 43 |         AppLogger.shared.log(
 44 |             "üèóÔ∏è [ProcessLifecycleManager] Initialized with simplified PID-based tracking and caching")

/Users/malpern/local-code/KeyPath/Tests/KeyPathTests/Services/DiagnosticsServiceTests.swift:14:9: warning: main actor-isolated property 'service' can not be mutated from a nonisolated context
  6 | @MainActor
  7 | final class DiagnosticsServiceTests: XCTestCase {
  8 |     var service: DiagnosticsService!
    |         `- note: mutation of this property is only permitted within the actor
  9 |     var processManager: ProcessLifecycleManager!
 10 | 
    :
 12 |         super.setUp()
 13 |         processManager = ProcessLifecycleManager()
 14 |         service = DiagnosticsService(processLifecycleManager: processManager)
    |         `- warning: main actor-isolated property 'service' can not be mutated from a nonisolated context
 15 |     }
 16 | 

/Users/malpern/local-code/KeyPath/Tests/KeyPathTests/Services/DiagnosticsServiceTests.swift:14:63: warning: main actor-isolated property 'processManager' can not be referenced from a nonisolated context
  7 | final class DiagnosticsServiceTests: XCTestCase {
  8 |     var service: DiagnosticsService!
  9 |     var processManager: ProcessLifecycleManager!
    |         `- note: property declared here
 10 | 
 11 |     override func setUp() {
 12 |         super.setUp()
 13 |         processManager = ProcessLifecycleManager()
 14 |         service = DiagnosticsService(processLifecycleManager: processManager)
    |                                                               `- warning: main actor-isolated property 'processManager' can not be referenced from a nonisolated context
 15 |     }
 16 | 

/Users/malpern/local-code/KeyPath/Tests/KeyPathTests/Services/DiagnosticsServiceTests.swift:18:9: warning: main actor-isolated property 'service' can not be mutated from a nonisolated context
  6 | @MainActor
  7 | final class DiagnosticsServiceTests: XCTestCase {
  8 |     var service: DiagnosticsService!
    |         `- note: mutation of this property is only permitted within the actor
  9 |     var processManager: ProcessLifecycleManager!
 10 | 
    :
 16 | 
 17 |     override func tearDown() {
 18 |         service = nil
    |         `- warning: main actor-isolated property 'service' can not be mutated from a nonisolated context
 19 |         processManager = nil
 20 |         super.tearDown()

/Users/malpern/local-code/KeyPath/Tests/KeyPathTests/Services/DiagnosticsServiceTests.swift:19:9: warning: main actor-isolated property 'processManager' can not be mutated from a nonisolated context
  7 | final class DiagnosticsServiceTests: XCTestCase {
  8 |     var service: DiagnosticsService!
  9 |     var processManager: ProcessLifecycleManager!
    |         `- note: mutation of this property is only permitted within the actor
 10 | 
 11 |     override func setUp() {
    :
 17 |     override func tearDown() {
 18 |         service = nil
 19 |         processManager = nil
    |         `- warning: main actor-isolated property 'processManager' can not be mutated from a nonisolated context
 20 |         super.tearDown()
 21 |     }

[#ActorIsolatedCall]: <https://docs.swift.org/compiler/documentation/diagnostics/actor-isolated-call>
[11/51] Compiling KeyPathTests HealthCheckServiceTests.swift
/Users/malpern/local-code/KeyPath/Tests/KeyPathTests/RuntimeCoordinatorTests.swift:7:23: error: cannot find type 'KanataManager' in scope
 5 | @MainActor
 6 | final class KanataManagerTests: XCTestCase {
 7 |     lazy var manager: KanataManager = .init()
   |                       `- error: cannot find type 'KanataManager' in scope
 8 | 
 9 |     func testInitialState() async {

/Users/malpern/local-code/KeyPath/Tests/KeyPathTests/Services/DiagnosticsServiceTests.swift:13:9: warning: main actor-isolated property 'processManager' can not be mutated from a nonisolated context
  7 | final class DiagnosticsServiceTests: XCTestCase {
  8 |     var service: DiagnosticsService!
  9 |     var processManager: ProcessLifecycleManager!
    |         `- note: mutation of this property is only permitted within the actor
 10 | 
 11 |     override func setUp() {
 12 |         super.setUp()
 13 |         processManager = ProcessLifecycleManager()
    |         `- warning: main actor-isolated property 'processManager' can not be mutated from a nonisolated context
 14 |         service = DiagnosticsService(processLifecycleManager: processManager)
 15 |     }

/Users/malpern/local-code/KeyPath/Tests/KeyPathTests/Services/DiagnosticsServiceTests.swift:13:26: warning: call to main actor-isolated initializer 'init()' in a synchronous nonisolated context [#ActorIsolatedCall]
 11 |     override func setUp() {
 12 |         super.setUp()
 13 |         processManager = ProcessLifecycleManager()
    |                          `- warning: call to main actor-isolated initializer 'init()' in a synchronous nonisolated context [#ActorIsolatedCall]
 14 |         service = DiagnosticsService(processLifecycleManager: processManager)
 15 |     }

/Users/malpern/local-code/KeyPath/Sources/KeyPathDaemonLifecycle/ProcessLifecycleManager.swift:42:12: note: calls to initializer 'init()' from outside of its actor context are implicitly asynchronous
 40 |     }
 41 | 
 42 |     public init() {
    |            `- note: calls to initializer 'init()' from outside of its actor context are implicitly asynchronous
 43 |         AppLogger.shared.log(
 44 |             "üèóÔ∏è [ProcessLifecycleManager] Initialized with simplified PID-based tracking and caching")

/Users/malpern/local-code/KeyPath/Tests/KeyPathTests/Services/DiagnosticsServiceTests.swift:14:9: warning: main actor-isolated property 'service' can not be mutated from a nonisolated context
  6 | @MainActor
  7 | final class DiagnosticsServiceTests: XCTestCase {
  8 |     var service: DiagnosticsService!
    |         `- note: mutation of this property is only permitted within the actor
  9 |     var processManager: ProcessLifecycleManager!
 10 | 
    :
 12 |         super.setUp()
 13 |         processManager = ProcessLifecycleManager()
 14 |         service = DiagnosticsService(processLifecycleManager: processManager)
    |         `- warning: main actor-isolated property 'service' can not be mutated from a nonisolated context
 15 |     }
 16 | 

/Users/malpern/local-code/KeyPath/Tests/KeyPathTests/Services/DiagnosticsServiceTests.swift:14:63: warning: main actor-isolated property 'processManager' can not be referenced from a nonisolated context
  7 | final class DiagnosticsServiceTests: XCTestCase {
  8 |     var service: DiagnosticsService!
  9 |     var processManager: ProcessLifecycleManager!
    |         `- note: property declared here
 10 | 
 11 |     override func setUp() {
 12 |         super.setUp()
 13 |         processManager = ProcessLifecycleManager()
 14 |         service = DiagnosticsService(processLifecycleManager: processManager)
    |                                                               `- warning: main actor-isolated property 'processManager' can not be referenced from a nonisolated context
 15 |     }
 16 | 

/Users/malpern/local-code/KeyPath/Tests/KeyPathTests/Services/DiagnosticsServiceTests.swift:18:9: warning: main actor-isolated property 'service' can not be mutated from a nonisolated context
  6 | @MainActor
  7 | final class DiagnosticsServiceTests: XCTestCase {
  8 |     var service: DiagnosticsService!
    |         `- note: mutation of this property is only permitted within the actor
  9 |     var processManager: ProcessLifecycleManager!
 10 | 
    :
 16 | 
 17 |     override func tearDown() {
 18 |         service = nil
    |         `- warning: main actor-isolated property 'service' can not be mutated from a nonisolated context
 19 |         processManager = nil
 20 |         super.tearDown()

/Users/malpern/local-code/KeyPath/Tests/KeyPathTests/Services/DiagnosticsServiceTests.swift:19:9: warning: main actor-isolated property 'processManager' can not be mutated from a nonisolated context
  7 | final class DiagnosticsServiceTests: XCTestCase {
  8 |     var service: DiagnosticsService!
  9 |     var processManager: ProcessLifecycleManager!
    |         `- note: mutation of this property is only permitted within the actor
 10 | 
 11 |     override func setUp() {
    :
 17 |     override func tearDown() {
 18 |         service = nil
 19 |         processManager = nil
    |         `- warning: main actor-isolated property 'processManager' can not be mutated from a nonisolated context
 20 |         super.tearDown()
 21 |     }

[#ActorIsolatedCall]: <https://docs.swift.org/compiler/documentation/diagnostics/actor-isolated-call>
[12/51] Compiling KeyPathTests UtilitiesTests.swift
[13/51] Compiling KeyPathTests WizardNavigationEngineTests.swift
[14/51] Compiling KeyPathTests WizardStateMachineDeterminismTests.swift
[15/51] Compiling KeyPathTests WizardSummaryCTATests.swift
[16/51] Compiling KeyPathTests TCPClientIntegrationTests.swift
[17/51] Compiling KeyPathTests TCPClientRequestIDTests.swift
[18/51] Compiling KeyPathTests TCPConnectionLeakTests.swift
[19/51] Compiling KeyPathTests TcpServerResponseTests.swift
[20/51] Compiling KeyPathTests MockSystemEnvironment.swift
/Users/malpern/local-code/KeyPath/Tests/KeyPathTests/PackageManagerTests.swift:274:13: warning: initialization of immutable value 'status1' was never used; consider replacing with assignment to '_' or removing it [#no-usage]
272 | 
273 |         // First call - cache miss
274 |         let status1 = packageManager.getCodeSigningStatus(at: testFile.path)
    |             `- warning: initialization of immutable value 'status1' was never used; consider replacing with assignment to '_' or removing it [#no-usage]
275 | 
276 |         // Modify file (change size)
[21/51] Compiling KeyPathTests PackageManagerTests.swift
/Users/malpern/local-code/KeyPath/Tests/KeyPathTests/PackageManagerTests.swift:274:13: warning: initialization of immutable value 'status1' was never used; consider replacing with assignment to '_' or removing it [#no-usage]
272 | 
273 |         // First call - cache miss
274 |         let status1 = packageManager.getCodeSigningStatus(at: testFile.path)
    |             `- warning: initialization of immutable value 'status1' was never used; consider replacing with assignment to '_' or removing it [#no-usage]
275 | 
276 |         // Modify file (change size)
[22/51] Compiling KeyPathTests PermissionOracleFastModeTests.swift
/Users/malpern/local-code/KeyPath/Tests/KeyPathTests/PackageManagerTests.swift:274:13: warning: initialization of immutable value 'status1' was never used; consider replacing with assignment to '_' or removing it [#no-usage]
272 | 
273 |         // First call - cache miss
274 |         let status1 = packageManager.getCodeSigningStatus(at: testFile.path)
    |             `- warning: initialization of immutable value 'status1' was never used; consider replacing with assignment to '_' or removing it [#no-usage]
275 | 
276 |         // Modify file (change size)
[23/51] Compiling KeyPathTests PermissionOracleXCTests.swift
/Users/malpern/local-code/KeyPath/Tests/KeyPathTests/PackageManagerTests.swift:274:13: warning: initialization of immutable value 'status1' was never used; consider replacing with assignment to '_' or removing it [#no-usage]
272 | 
273 |         // First call - cache miss
274 |         let status1 = packageManager.getCodeSigningStatus(at: testFile.path)
    |             `- warning: initialization of immutable value 'status1' was never used; consider replacing with assignment to '_' or removing it [#no-usage]
275 | 
276 |         // Modify file (change size)
[24/51] Compiling KeyPathTests ProcessLifecycleIntegrationTests.swift
/Users/malpern/local-code/KeyPath/Tests/KeyPathTests/PackageManagerTests.swift:274:13: warning: initialization of immutable value 'status1' was never used; consider replacing with assignment to '_' or removing it [#no-usage]
272 | 
273 |         // First call - cache miss
274 |         let status1 = packageManager.getCodeSigningStatus(at: testFile.path)
    |             `- warning: initialization of immutable value 'status1' was never used; consider replacing with assignment to '_' or removing it [#no-usage]
275 | 
276 |         // Modify file (change size)
[25/51] Compiling KeyPathTests PrivilegedTestHelpers.swift
/Users/malpern/local-code/KeyPath/Tests/KeyPathTests/UI/KanataViewModelTests.swift:18:23: error: cannot find 'KanataManager' in scope
16 |     func testViewModelCompiles() {
17 |         // Basic sanity test to verify MVVM architecture compiles
18 |         let manager = KanataManager()
   |                       `- error: cannot find 'KanataManager' in scope
19 |         let viewModel = KanataViewModel(manager: manager)
20 | 

/Users/malpern/local-code/KeyPath/Tests/KeyPathTests/UI/KanataViewModelTests.swift:30:23: error: cannot find 'KanataManager' in scope
28 |     func testStateSnapshotMethod() {
29 |         // Verify KanataManager can create state snapshots
30 |         let manager = KanataManager()
   |                       `- error: cannot find 'KanataManager' in scope
31 |         let snapshot = manager.getCurrentUIState()
32 | 

/Users/malpern/local-code/KeyPath/Tests/KeyPathTests/UIAutomationFramework.swift:13:32: error: cannot find type 'KanataManager' in scope
 11 |     // MARK: - Core Components
 12 | 
 13 |     private let kanataManager: KanataManager
    |                                `- error: cannot find type 'KanataManager' in scope
 14 |     private let keyboardCapture: MockKeyboardCapture
 15 |     private var automationLog: [AutomationStep] = []

/Users/malpern/local-code/KeyPath/Tests/KeyPathTests/UIAutomationFramework.swift:25:32: error: cannot find type 'KanataManager' in scope
 23 |     // MARK: - Initialization
 24 | 
 25 |     public init(kanataManager: KanataManager, keyboardCapture: MockKeyboardCapture? = nil) {
    |                                `- error: cannot find type 'KanataManager' in scope
 26 |         self.kanataManager = kanataManager
 27 |         self.keyboardCapture = keyboardCapture ?? MockKeyboardCapture()
[26/51] Compiling KeyPathTests KanataViewModelTests.swift
/Users/malpern/local-code/KeyPath/Tests/KeyPathTests/UI/KanataViewModelTests.swift:18:23: error: cannot find 'KanataManager' in scope
16 |     func testViewModelCompiles() {
17 |         // Basic sanity test to verify MVVM architecture compiles
18 |         let manager = KanataManager()
   |                       `- error: cannot find 'KanataManager' in scope
19 |         let viewModel = KanataViewModel(manager: manager)
20 | 

/Users/malpern/local-code/KeyPath/Tests/KeyPathTests/UI/KanataViewModelTests.swift:30:23: error: cannot find 'KanataManager' in scope
28 |     func testStateSnapshotMethod() {
29 |         // Verify KanataManager can create state snapshots
30 |         let manager = KanataManager()
   |                       `- error: cannot find 'KanataManager' in scope
31 |         let snapshot = manager.getCurrentUIState()
32 | 

/Users/malpern/local-code/KeyPath/Tests/KeyPathTests/UIAutomationFramework.swift:13:32: error: cannot find type 'KanataManager' in scope
 11 |     // MARK: - Core Components
 12 | 
 13 |     private let kanataManager: KanataManager
    |                                `- error: cannot find type 'KanataManager' in scope
 14 |     private let keyboardCapture: MockKeyboardCapture
 15 |     private var automationLog: [AutomationStep] = []

/Users/malpern/local-code/KeyPath/Tests/KeyPathTests/UIAutomationFramework.swift:25:32: error: cannot find type 'KanataManager' in scope
 23 |     // MARK: - Initialization
 24 | 
 25 |     public init(kanataManager: KanataManager, keyboardCapture: MockKeyboardCapture? = nil) {
    |                                `- error: cannot find type 'KanataManager' in scope
 26 |         self.kanataManager = kanataManager
 27 |         self.keyboardCapture = keyboardCapture ?? MockKeyboardCapture()
[27/51] Compiling KeyPathTests UIAutomationFramework.swift
/Users/malpern/local-code/KeyPath/Tests/KeyPathTests/UI/KanataViewModelTests.swift:18:23: error: cannot find 'KanataManager' in scope
16 |     func testViewModelCompiles() {
17 |         // Basic sanity test to verify MVVM architecture compiles
18 |         let manager = KanataManager()
   |                       `- error: cannot find 'KanataManager' in scope
19 |         let viewModel = KanataViewModel(manager: manager)
20 | 

/Users/malpern/local-code/KeyPath/Tests/KeyPathTests/UI/KanataViewModelTests.swift:30:23: error: cannot find 'KanataManager' in scope
28 |     func testStateSnapshotMethod() {
29 |         // Verify KanataManager can create state snapshots
30 |         let manager = KanataManager()
   |                       `- error: cannot find 'KanataManager' in scope
31 |         let snapshot = manager.getCurrentUIState()
32 | 

/Users/malpern/local-code/KeyPath/Tests/KeyPathTests/UIAutomationFramework.swift:13:32: error: cannot find type 'KanataManager' in scope
 11 |     // MARK: - Core Components
 12 | 
 13 |     private let kanataManager: KanataManager
    |                                `- error: cannot find type 'KanataManager' in scope
 14 |     private let keyboardCapture: MockKeyboardCapture
 15 |     private var automationLog: [AutomationStep] = []

/Users/malpern/local-code/KeyPath/Tests/KeyPathTests/UIAutomationFramework.swift:25:32: error: cannot find type 'KanataManager' in scope
 23 |     // MARK: - Initialization
 24 | 
 25 |     public init(kanataManager: KanataManager, keyboardCapture: MockKeyboardCapture? = nil) {
    |                                `- error: cannot find type 'KanataManager' in scope
 26 |         self.kanataManager = kanataManager
 27 |         self.keyboardCapture = keyboardCapture ?? MockKeyboardCapture()
[28/51] Compiling KeyPathTests UnitTestSuite.swift
/Users/malpern/local-code/KeyPath/Tests/KeyPathTests/UI/KanataViewModelTests.swift:18:23: error: cannot find 'KanataManager' in scope
16 |     func testViewModelCompiles() {
17 |         // Basic sanity test to verify MVVM architecture compiles
18 |         let manager = KanataManager()
   |                       `- error: cannot find 'KanataManager' in scope
19 |         let viewModel = KanataViewModel(manager: manager)
20 | 

/Users/malpern/local-code/KeyPath/Tests/KeyPathTests/UI/KanataViewModelTests.swift:30:23: error: cannot find 'KanataManager' in scope
28 |     func testStateSnapshotMethod() {
29 |         // Verify KanataManager can create state snapshots
30 |         let manager = KanataManager()
   |                       `- error: cannot find 'KanataManager' in scope
31 |         let snapshot = manager.getCurrentUIState()
32 | 

/Users/malpern/local-code/KeyPath/Tests/KeyPathTests/UIAutomationFramework.swift:13:32: error: cannot find type 'KanataManager' in scope
 11 |     // MARK: - Core Components
 12 | 
 13 |     private let kanataManager: KanataManager
    |                                `- error: cannot find type 'KanataManager' in scope
 14 |     private let keyboardCapture: MockKeyboardCapture
 15 |     private var automationLog: [AutomationStep] = []

/Users/malpern/local-code/KeyPath/Tests/KeyPathTests/UIAutomationFramework.swift:25:32: error: cannot find type 'KanataManager' in scope
 23 |     // MARK: - Initialization
 24 | 
 25 |     public init(kanataManager: KanataManager, keyboardCapture: MockKeyboardCapture? = nil) {
    |                                `- error: cannot find type 'KanataManager' in scope
 26 |         self.kanataManager = kanataManager
 27 |         self.keyboardCapture = keyboardCapture ?? MockKeyboardCapture()
error: emit-module command failed with exit code 1 (use -v to see invocation)
[29/51] Compiling KeyPathTests PrivilegedOperationsCoordinatorTests.swift
[30/51] Compiling KeyPathTests ErrorHandlingTests.swift
[31/51] Compiling KeyPathTests LogRotationTests.swift
[32/51] Compiling KeyPathTests WizardNavigationHeuristicsTests.swift
[33/51] Compiling KeyPathTests WizardStateRegressionTests.swift
[34/51] Emitting module KeyPathTests
/Users/malpern/local-code/KeyPath/Tests/KeyPathTests/ContentViewDebounceTests.swift:11:27: error: cannot find type 'KanataManager' in scope
  9 | @MainActor
 10 | class ContentViewDebounceTests: XCTestCase {
 11 |     lazy var testManager: KanataManager = .init()
    |                           `- error: cannot find type 'KanataManager' in scope
 12 | 
 13 |     // MARK: - Debounce Logic Tests (Non-UI)

/Users/malpern/local-code/KeyPath/Tests/KeyPathTests/RecordingCoordinatorTests.swift:13:38: error: cannot find 'KanataManager' in scope
 11 |     )
 12 |     private lazy var captureStub = StubRecordingCapture()
 13 |     private lazy var kanataManager = KanataManager()
    |                                      `- error: cannot find 'KanataManager' in scope
 14 |     private lazy var coordinator: RecordingCoordinator = {
 15 |         let c = RecordingCoordinator()

/Users/malpern/local-code/KeyPath/Tests/KeyPathTests/RecordingCoordinatorTests.swift:136:59: error: cannot find type 'KanataManager' in scope
134 |     var autoFire = true
135 | 
136 |     func setEventRouter(_: EventRouter?, kanataManager _: KanataManager?) {
    |                                                           `- error: cannot find type 'KanataManager' in scope
137 |         // No-op in tests
138 |     }

/Users/malpern/local-code/KeyPath/Tests/KeyPathTests/RuntimeCoordinatorTests.swift:7:23: error: cannot find type 'KanataManager' in scope
 5 | @MainActor
 6 | final class KanataManagerTests: XCTestCase {
 7 |     lazy var manager: KanataManager = .init()
   |                       `- error: cannot find type 'KanataManager' in scope
 8 | 
 9 |     func testInitialState() async {

/Users/malpern/local-code/KeyPath/Tests/KeyPathTests/UIAutomationFramework.swift:13:32: error: cannot find type 'KanataManager' in scope
 11 |     // MARK: - Core Components
 12 | 
 13 |     private let kanataManager: KanataManager
    |                                `- error: cannot find type 'KanataManager' in scope
 14 |     private let keyboardCapture: MockKeyboardCapture
 15 |     private var automationLog: [AutomationStep] = []

/Users/malpern/local-code/KeyPath/Tests/KeyPathTests/UIAutomationFramework.swift:25:32: error: cannot find type 'KanataManager' in scope
 23 |     // MARK: - Initialization
 24 | 
 25 |     public init(kanataManager: KanataManager, keyboardCapture: MockKeyboardCapture? = nil) {
    |                                `- error: cannot find type 'KanataManager' in scope
 26 |         self.kanataManager = kanataManager
 27 |         self.keyboardCapture = keyboardCapture ?? MockKeyboardCapture()
[35/51] Compiling KeyPathTests LaunchDaemonInstallerTests.swift
/Users/malpern/local-code/KeyPath/Tests/KeyPathTests/MainAppStateControllerTests.swift:67:23: error: cannot find 'KanataManager' in scope
 65 |     func configuration() {
 66 |         let controller = MainAppStateController()
 67 |         let manager = KanataManager()
    |                       `- error: cannot find 'KanataManager' in scope
 68 | 
 69 |         // Should not crash

/Users/malpern/local-code/KeyPath/Tests/KeyPathTests/Managers/KanataDaemonManagerTests.swift:95:15: warning: 'catch' block is unreachable because no errors are thrown in 'do' block
 93 |                 let status = manager.getStatus()
 94 |                 XCTAssertNotNil(status, "Should be able to check status on macOS 13+")
 95 |             } catch {
    |               `- warning: 'catch' block is unreachable because no errors are thrown in 'do' block
 96 |                 // If it throws, it should be for a reason other than macOS version
 97 |                 XCTAssertFalse(
[36/51] Compiling KeyPathTests MainAppStateControllerTests.swift
/Users/malpern/local-code/KeyPath/Tests/KeyPathTests/MainAppStateControllerTests.swift:67:23: error: cannot find 'KanataManager' in scope
 65 |     func configuration() {
 66 |         let controller = MainAppStateController()
 67 |         let manager = KanataManager()
    |                       `- error: cannot find 'KanataManager' in scope
 68 | 
 69 |         // Should not crash

/Users/malpern/local-code/KeyPath/Tests/KeyPathTests/Managers/KanataDaemonManagerTests.swift:95:15: warning: 'catch' block is unreachable because no errors are thrown in 'do' block
 93 |                 let status = manager.getStatus()
 94 |                 XCTAssertNotNil(status, "Should be able to check status on macOS 13+")
 95 |             } catch {
    |               `- warning: 'catch' block is unreachable because no errors are thrown in 'do' block
 96 |                 // If it throws, it should be for a reason other than macOS version
 97 |                 XCTAssertFalse(
[37/51] Compiling KeyPathTests HelperMaintenanceTests.swift
/Users/malpern/local-code/KeyPath/Tests/KeyPathTests/MainAppStateControllerTests.swift:67:23: error: cannot find 'KanataManager' in scope
 65 |     func configuration() {
 66 |         let controller = MainAppStateController()
 67 |         let manager = KanataManager()
    |                       `- error: cannot find 'KanataManager' in scope
 68 | 
 69 |         // Should not crash

/Users/malpern/local-code/KeyPath/Tests/KeyPathTests/Managers/KanataDaemonManagerTests.swift:95:15: warning: 'catch' block is unreachable because no errors are thrown in 'do' block
 93 |                 let status = manager.getStatus()
 94 |                 XCTAssertNotNil(status, "Should be able to check status on macOS 13+")
 95 |             } catch {
    |               `- warning: 'catch' block is unreachable because no errors are thrown in 'do' block
 96 |                 // If it throws, it should be for a reason other than macOS version
 97 |                 XCTAssertFalse(
[38/51] Compiling KeyPathTests KanataDaemonManagerTests.swift
/Users/malpern/local-code/KeyPath/Tests/KeyPathTests/MainAppStateControllerTests.swift:67:23: error: cannot find 'KanataManager' in scope
 65 |     func configuration() {
 66 |         let controller = MainAppStateController()
 67 |         let manager = KanataManager()
    |                       `- error: cannot find 'KanataManager' in scope
 68 | 
 69 |         // Should not crash

/Users/malpern/local-code/KeyPath/Tests/KeyPathTests/Managers/KanataDaemonManagerTests.swift:95:15: warning: 'catch' block is unreachable because no errors are thrown in 'do' block
 93 |                 let status = manager.getStatus()
 94 |                 XCTAssertNotNil(status, "Should be able to check status on macOS 13+")
 95 |             } catch {
    |               `- warning: 'catch' block is unreachable because no errors are thrown in 'do' block
 96 |                 // If it throws, it should be for a reason other than macOS version
 97 |                 XCTAssertFalse(
[39/51] Compiling KeyPathTests UninstallCoordinatorTests.swift
/Users/malpern/local-code/KeyPath/Tests/KeyPathTests/MainAppStateControllerTests.swift:67:23: error: cannot find 'KanataManager' in scope
 65 |     func configuration() {
 66 |         let controller = MainAppStateController()
 67 |         let manager = KanataManager()
    |                       `- error: cannot find 'KanataManager' in scope
 68 | 
 69 |         // Should not crash

/Users/malpern/local-code/KeyPath/Tests/KeyPathTests/Managers/KanataDaemonManagerTests.swift:95:15: warning: 'catch' block is unreachable because no errors are thrown in 'do' block
 93 |                 let status = manager.getStatus()
 94 |                 XCTAssertNotNil(status, "Should be able to check status on macOS 13+")
 95 |             } catch {
    |               `- warning: 'catch' block is unreachable because no errors are thrown in 'do' block
 96 |                 // If it throws, it should be for a reason other than macOS version
 97 |                 XCTAssertFalse(
[40/51] Compiling KeyPathTests KeyPathCLITests.swift
/Users/malpern/local-code/KeyPath/Tests/KeyPathTests/ContentViewDebounceTests.swift:11:27: error: cannot find type 'KanataManager' in scope
  9 | @MainActor
 10 | class ContentViewDebounceTests: XCTestCase {
 11 |     lazy var testManager: KanataManager = .init()
    |                           `- error: cannot find type 'KanataManager' in scope
 12 | 
 13 |     // MARK: - Debounce Logic Tests (Non-UI)

/Users/malpern/local-code/KeyPath/Tests/KeyPathTests/ContentViewDebounceTests.swift:17:13: error: cannot find 'KanataManager' in scope
 15 |     func testConfigurationSaveDebouncing() async throws {
 16 |         // Test actual debounce behavior by making rapid saves and verifying only the final result persists
 17 |         _ = KanataManager()
    |             `- error: cannot find 'KanataManager' in scope
 18 | 
 19 |         // Create test directory

/Users/malpern/local-code/KeyPath/Tests/KeyPathTests/ContentViewDebounceTests.swift:44:23: error: cannot find 'KanataManager' in scope
 42 |     func testErrorHandlingPreservesUIState() async {
 43 |         // Test that errors during save operations properly reset the UI state
 44 |         let manager = KanataManager()
    |                       `- error: cannot find 'KanataManager' in scope
 45 | 
 46 |         // This test verifies that the error handling structure exists

/Users/malpern/local-code/KeyPath/Tests/KeyPathTests/ContentViewDebounceTests.swift:61:13: error: cannot find 'KanataManager' in scope
 59 |     func testConfigurationSaveFlow() async throws {
 60 |         // Test the complete save flow without UI dependencies
 61 |         _ = KanataManager()
    |             `- error: cannot find 'KanataManager' in scope
 62 | 
 63 |         // Create a test directory for configuration

/Users/malpern/local-code/KeyPath/Tests/KeyPathTests/ContentViewDebounceTests.swift:87:13: error: cannot find 'KanataManager' in scope
 85 |     func testMultipleConcurrentSaves() async throws {
 86 |         // Test that multiple concurrent save attempts are handled gracefully
 87 |         _ = KanataManager()
    |             `- error: cannot find 'KanataManager' in scope
 88 | 
 89 |         // Create multiple concurrent save tasks

/Users/malpern/local-code/KeyPath/Tests/KeyPathTests/ContentViewDebounceTests.swift:131:13: error: cannot find 'KanataManager' in scope
129 |     func testLoggingCapturesActualOperations() async {
130 |         // Test that logging captures important operational information
131 |         _ = KanataManager()
    |             `- error: cannot find 'KanataManager' in scope
132 | 
133 |         // Test that we can generate a config and logging reflects the operation

/Users/malpern/local-code/KeyPath/Tests/KeyPathTests/Core/KeyPathErrorTests.swift:349:17: note: '#expect(_:_:)' will always pass here; use 'Bool(true)' to silence this warning (from macro 'expect')
347 | 
348 |         // If this compiles, Sendable conformance is working correctly
349 |         #expect(true)
    |                 `- note: '#expect(_:_:)' will always pass here; use 'Bool(true)' to silence this warning (from macro 'expect')
350 |     }
351 | }
[41/51] Compiling KeyPathTests ConfigApplyTypesTests.swift
/Users/malpern/local-code/KeyPath/Tests/KeyPathTests/ContentViewDebounceTests.swift:11:27: error: cannot find type 'KanataManager' in scope
  9 | @MainActor
 10 | class ContentViewDebounceTests: XCTestCase {
 11 |     lazy var testManager: KanataManager = .init()
    |                           `- error: cannot find type 'KanataManager' in scope
 12 | 
 13 |     // MARK: - Debounce Logic Tests (Non-UI)

/Users/malpern/local-code/KeyPath/Tests/KeyPathTests/ContentViewDebounceTests.swift:17:13: error: cannot find 'KanataManager' in scope
 15 |     func testConfigurationSaveDebouncing() async throws {
 16 |         // Test actual debounce behavior by making rapid saves and verifying only the final result persists
 17 |         _ = KanataManager()
    |             `- error: cannot find 'KanataManager' in scope
 18 | 
 19 |         // Create test directory

/Users/malpern/local-code/KeyPath/Tests/KeyPathTests/ContentViewDebounceTests.swift:44:23: error: cannot find 'KanataManager' in scope
 42 |     func testErrorHandlingPreservesUIState() async {
 43 |         // Test that errors during save operations properly reset the UI state
 44 |         let manager = KanataManager()
    |                       `- error: cannot find 'KanataManager' in scope
 45 | 
 46 |         // This test verifies that the error handling structure exists

/Users/malpern/local-code/KeyPath/Tests/KeyPathTests/ContentViewDebounceTests.swift:61:13: error: cannot find 'KanataManager' in scope
 59 |     func testConfigurationSaveFlow() async throws {
 60 |         // Test the complete save flow without UI dependencies
 61 |         _ = KanataManager()
    |             `- error: cannot find 'KanataManager' in scope
 62 | 
 63 |         // Create a test directory for configuration

/Users/malpern/local-code/KeyPath/Tests/KeyPathTests/ContentViewDebounceTests.swift:87:13: error: cannot find 'KanataManager' in scope
 85 |     func testMultipleConcurrentSaves() async throws {
 86 |         // Test that multiple concurrent save attempts are handled gracefully
 87 |         _ = KanataManager()
    |             `- error: cannot find 'KanataManager' in scope
 88 | 
 89 |         // Create multiple concurrent save tasks

/Users/malpern/local-code/KeyPath/Tests/KeyPathTests/ContentViewDebounceTests.swift:131:13: error: cannot find 'KanataManager' in scope
129 |     func testLoggingCapturesActualOperations() async {
130 |         // Test that logging captures important operational information
131 |         _ = KanataManager()
    |             `- error: cannot find 'KanataManager' in scope
132 | 
133 |         // Test that we can generate a config and logging reflects the operation

/Users/malpern/local-code/KeyPath/Tests/KeyPathTests/Core/KeyPathErrorTests.swift:349:17: note: '#expect(_:_:)' will always pass here; use 'Bool(true)' to silence this warning (from macro 'expect')
347 | 
348 |         // If this compiles, Sendable conformance is working correctly
349 |         #expect(true)
    |                 `- note: '#expect(_:_:)' will always pass here; use 'Bool(true)' to silence this warning (from macro 'expect')
350 |     }
351 | }
[42/51] Compiling KeyPathTests ContentViewDebounceTests.swift
/Users/malpern/local-code/KeyPath/Tests/KeyPathTests/ContentViewDebounceTests.swift:11:27: error: cannot find type 'KanataManager' in scope
  9 | @MainActor
 10 | class ContentViewDebounceTests: XCTestCase {
 11 |     lazy var testManager: KanataManager = .init()
    |                           `- error: cannot find type 'KanataManager' in scope
 12 | 
 13 |     // MARK: - Debounce Logic Tests (Non-UI)

/Users/malpern/local-code/KeyPath/Tests/KeyPathTests/ContentViewDebounceTests.swift:17:13: error: cannot find 'KanataManager' in scope
 15 |     func testConfigurationSaveDebouncing() async throws {
 16 |         // Test actual debounce behavior by making rapid saves and verifying only the final result persists
 17 |         _ = KanataManager()
    |             `- error: cannot find 'KanataManager' in scope
 18 | 
 19 |         // Create test directory

/Users/malpern/local-code/KeyPath/Tests/KeyPathTests/ContentViewDebounceTests.swift:44:23: error: cannot find 'KanataManager' in scope
 42 |     func testErrorHandlingPreservesUIState() async {
 43 |         // Test that errors during save operations properly reset the UI state
 44 |         let manager = KanataManager()
    |                       `- error: cannot find 'KanataManager' in scope
 45 | 
 46 |         // This test verifies that the error handling structure exists

/Users/malpern/local-code/KeyPath/Tests/KeyPathTests/ContentViewDebounceTests.swift:61:13: error: cannot find 'KanataManager' in scope
 59 |     func testConfigurationSaveFlow() async throws {
 60 |         // Test the complete save flow without UI dependencies
 61 |         _ = KanataManager()
    |             `- error: cannot find 'KanataManager' in scope
 62 | 
 63 |         // Create a test directory for configuration

/Users/malpern/local-code/KeyPath/Tests/KeyPathTests/ContentViewDebounceTests.swift:87:13: error: cannot find 'KanataManager' in scope
 85 |     func testMultipleConcurrentSaves() async throws {
 86 |         // Test that multiple concurrent save attempts are handled gracefully
 87 |         _ = KanataManager()
    |             `- error: cannot find 'KanataManager' in scope
 88 | 
 89 |         // Create multiple concurrent save tasks

/Users/malpern/local-code/KeyPath/Tests/KeyPathTests/ContentViewDebounceTests.swift:131:13: error: cannot find 'KanataManager' in scope
129 |     func testLoggingCapturesActualOperations() async {
130 |         // Test that logging captures important operational information
131 |         _ = KanataManager()
    |             `- error: cannot find 'KanataManager' in scope
132 | 
133 |         // Test that we can generate a config and logging reflects the operation

/Users/malpern/local-code/KeyPath/Tests/KeyPathTests/Core/KeyPathErrorTests.swift:349:17: note: '#expect(_:_:)' will always pass here; use 'Bool(true)' to silence this warning (from macro 'expect')
347 | 
348 |         // If this compiles, Sendable conformance is working correctly
349 |         #expect(true)
    |                 `- note: '#expect(_:_:)' will always pass here; use 'Bool(true)' to silence this warning (from macro 'expect')
350 |     }
351 | }
[43/51] Compiling KeyPathTests HelperManagerTests.swift
/Users/malpern/local-code/KeyPath/Tests/KeyPathTests/ContentViewDebounceTests.swift:11:27: error: cannot find type 'KanataManager' in scope
  9 | @MainActor
 10 | class ContentViewDebounceTests: XCTestCase {
 11 |     lazy var testManager: KanataManager = .init()
    |                           `- error: cannot find type 'KanataManager' in scope
 12 | 
 13 |     // MARK: - Debounce Logic Tests (Non-UI)

/Users/malpern/local-code/KeyPath/Tests/KeyPathTests/ContentViewDebounceTests.swift:17:13: error: cannot find 'KanataManager' in scope
 15 |     func testConfigurationSaveDebouncing() async throws {
 16 |         // Test actual debounce behavior by making rapid saves and verifying only the final result persists
 17 |         _ = KanataManager()
    |             `- error: cannot find 'KanataManager' in scope
 18 | 
 19 |         // Create test directory

/Users/malpern/local-code/KeyPath/Tests/KeyPathTests/ContentViewDebounceTests.swift:44:23: error: cannot find 'KanataManager' in scope
 42 |     func testErrorHandlingPreservesUIState() async {
 43 |         // Test that errors during save operations properly reset the UI state
 44 |         let manager = KanataManager()
    |                       `- error: cannot find 'KanataManager' in scope
 45 | 
 46 |         // This test verifies that the error handling structure exists

/Users/malpern/local-code/KeyPath/Tests/KeyPathTests/ContentViewDebounceTests.swift:61:13: error: cannot find 'KanataManager' in scope
 59 |     func testConfigurationSaveFlow() async throws {
 60 |         // Test the complete save flow without UI dependencies
 61 |         _ = KanataManager()
    |             `- error: cannot find 'KanataManager' in scope
 62 | 
 63 |         // Create a test directory for configuration

/Users/malpern/local-code/KeyPath/Tests/KeyPathTests/ContentViewDebounceTests.swift:87:13: error: cannot find 'KanataManager' in scope
 85 |     func testMultipleConcurrentSaves() async throws {
 86 |         // Test that multiple concurrent save attempts are handled gracefully
 87 |         _ = KanataManager()
    |             `- error: cannot find 'KanataManager' in scope
 88 | 
 89 |         // Create multiple concurrent save tasks

/Users/malpern/local-code/KeyPath/Tests/KeyPathTests/ContentViewDebounceTests.swift:131:13: error: cannot find 'KanataManager' in scope
129 |     func testLoggingCapturesActualOperations() async {
130 |         // Test that logging captures important operational information
131 |         _ = KanataManager()
    |             `- error: cannot find 'KanataManager' in scope
132 | 
133 |         // Test that we can generate a config and logging reflects the operation

/Users/malpern/local-code/KeyPath/Tests/KeyPathTests/Core/KeyPathErrorTests.swift:349:17: note: '#expect(_:_:)' will always pass here; use 'Bool(true)' to silence this warning (from macro 'expect')
347 | 
348 |         // If this compiles, Sendable conformance is working correctly
349 |         #expect(true)
    |                 `- note: '#expect(_:_:)' will always pass here; use 'Bool(true)' to silence this warning (from macro 'expect')
350 |     }
351 | }
[44/51] Compiling KeyPathTests KeyPathErrorTests.swift
/Users/malpern/local-code/KeyPath/Tests/KeyPathTests/ContentViewDebounceTests.swift:11:27: error: cannot find type 'KanataManager' in scope
  9 | @MainActor
 10 | class ContentViewDebounceTests: XCTestCase {
 11 |     lazy var testManager: KanataManager = .init()
    |                           `- error: cannot find type 'KanataManager' in scope
 12 | 
 13 |     // MARK: - Debounce Logic Tests (Non-UI)

/Users/malpern/local-code/KeyPath/Tests/KeyPathTests/ContentViewDebounceTests.swift:17:13: error: cannot find 'KanataManager' in scope
 15 |     func testConfigurationSaveDebouncing() async throws {
 16 |         // Test actual debounce behavior by making rapid saves and verifying only the final result persists
 17 |         _ = KanataManager()
    |             `- error: cannot find 'KanataManager' in scope
 18 | 
 19 |         // Create test directory

/Users/malpern/local-code/KeyPath/Tests/KeyPathTests/ContentViewDebounceTests.swift:44:23: error: cannot find 'KanataManager' in scope
 42 |     func testErrorHandlingPreservesUIState() async {
 43 |         // Test that errors during save operations properly reset the UI state
 44 |         let manager = KanataManager()
    |                       `- error: cannot find 'KanataManager' in scope
 45 | 
 46 |         // This test verifies that the error handling structure exists

/Users/malpern/local-code/KeyPath/Tests/KeyPathTests/ContentViewDebounceTests.swift:61:13: error: cannot find 'KanataManager' in scope
 59 |     func testConfigurationSaveFlow() async throws {
 60 |         // Test the complete save flow without UI dependencies
 61 |         _ = KanataManager()
    |             `- error: cannot find 'KanataManager' in scope
 62 | 
 63 |         // Create a test directory for configuration

/Users/malpern/local-code/KeyPath/Tests/KeyPathTests/ContentViewDebounceTests.swift:87:13: error: cannot find 'KanataManager' in scope
 85 |     func testMultipleConcurrentSaves() async throws {
 86 |         // Test that multiple concurrent save attempts are handled gracefully
 87 |         _ = KanataManager()
    |             `- error: cannot find 'KanataManager' in scope
 88 | 
 89 |         // Create multiple concurrent save tasks

/Users/malpern/local-code/KeyPath/Tests/KeyPathTests/ContentViewDebounceTests.swift:131:13: error: cannot find 'KanataManager' in scope
129 |     func testLoggingCapturesActualOperations() async {
130 |         // Test that logging captures important operational information
131 |         _ = KanataManager()
    |             `- error: cannot find 'KanataManager' in scope
132 | 
133 |         // Test that we can generate a config and logging reflects the operation

/Users/malpern/local-code/KeyPath/Tests/KeyPathTests/Core/KeyPathErrorTests.swift:349:17: note: '#expect(_:_:)' will always pass here; use 'Bool(true)' to silence this warning (from macro 'expect')
347 | 
348 |         // If this compiles, Sendable conformance is working correctly
349 |         #expect(true)
    |                 `- note: '#expect(_:_:)' will always pass here; use 'Bool(true)' to silence this warning (from macro 'expect')
350 |     }
351 | }
[45/51] Compiling KeyPathTests WizardSummaryPageTests.swift
/Users/malpern/local-code/KeyPath/Tests/KeyPathTests/InstallationWizard/WizardSystemStatusOverviewTests.swift:34:13: warning: variable 'nav' was never mutated; consider changing to 'let' constant
32 | 
33 |     func testServiceStatusStaysCompletedWhenKanataRunning() {
34 |         var nav: [WizardPage] = []
   |             `- warning: variable 'nav' was never mutated; consider changing to 'let' constant
35 |         var visible = 0
36 |         let overview = WizardSystemStatusOverview(

/Users/malpern/local-code/KeyPath/Tests/KeyPathTests/InstallationWizard/WizardSystemStatusOverviewTests.swift:35:13: warning: variable 'visible' was never mutated; consider changing to 'let' constant
33 |     func testServiceStatusStaysCompletedWhenKanataRunning() {
34 |         var nav: [WizardPage] = []
35 |         var visible = 0
   |             `- warning: variable 'visible' was never mutated; consider changing to 'let' constant
36 |         let overview = WizardSystemStatusOverview(
37 |             systemState: .active,

/Users/malpern/local-code/KeyPath/Tests/KeyPathTests/InstallationWizard/WizardSystemStatusOverviewTests.swift:61:13: warning: variable 'nav' was never mutated; consider changing to 'let' constant
59 |         )
60 | 
61 |         var nav: [WizardPage] = []
   |             `- warning: variable 'nav' was never mutated; consider changing to 'let' constant
62 |         var visible = 0
63 |         let overview = WizardSystemStatusOverview(

/Users/malpern/local-code/KeyPath/Tests/KeyPathTests/InstallationWizard/WizardSystemStatusOverviewTests.swift:62:13: warning: variable 'visible' was never mutated; consider changing to 'let' constant
60 | 
61 |         var nav: [WizardPage] = []
62 |         var visible = 0
   |             `- warning: variable 'visible' was never mutated; consider changing to 'let' constant
63 |         let overview = WizardSystemStatusOverview(
64 |             systemState: .active,

/Users/malpern/local-code/KeyPath/Tests/KeyPathTests/KeyPathTests.swift:18:23: error: cannot find 'KanataManager' in scope
 16 | 
 17 |     func testKanataManagerInitialization() throws {
 18 |         let manager = KanataManager()
    |                       `- error: cannot find 'KanataManager' in scope
 19 |         // Default state should be clean
 20 |         if let error = manager.lastError {

/Users/malpern/local-code/KeyPath/Tests/KeyPathTests/KeyPathTests.swift:29:23: error: cannot find 'KanataManager' in scope
 27 | 
 28 |     func testConvertToKanataKey() throws {
 29 |         let manager = KanataManager()
    |                       `- error: cannot find 'KanataManager' in scope
 30 | 
 31 |         // Test known key conversions

/Users/malpern/local-code/KeyPath/Tests/KeyPathTests/KeyPathTests.swift:58:23: error: cannot find 'KanataManager' in scope
 56 | 
 57 |     func testConvertToKanataSequence() throws {
 58 |         let manager = KanataManager()
    |                       `- error: cannot find 'KanataManager' in scope
 59 | 
 60 |         // Test single character keys

/Users/malpern/local-code/KeyPath/Tests/KeyPathTests/KeyPathTests.swift:181:23: error: cannot find 'KanataManager' in scope
179 | 
180 |     func testKanataManagerConfigIntegration() throws {
181 |         let manager = KanataManager()
    |                       `- error: cannot find 'KanataManager' in scope
182 | 
183 |         // Test that generated config can be used by the manager

/Users/malpern/local-code/KeyPath/Tests/KeyPathTests/KeyPathTests.swift:214:23: error: cannot find 'KanataManager' in scope
212 | 
213 |     func testKeyConversionPerformance() throws {
214 |         let manager = KanataManager()
    |                       `- error: cannot find 'KanataManager' in scope
215 | 
216 |         let testKeys = ["caps", "space", "return", "tab", "escape", "a", "b", "c", "unknown"]

/Users/malpern/local-code/KeyPath/Tests/KeyPathTests/KeyPathTests.swift:258:23: error: cannot find 'KanataManager' in scope
256 |     func testAutoStartInitialization() throws {
257 |         // Test that KanataManager initializes with auto-start
258 |         let manager = KanataManager()
    |                       `- error: cannot find 'KanataManager' in scope
259 | 
260 |         // No sleep needed - initialization is deterministic

/Users/malpern/local-code/KeyPath/Tests/KeyPathTests/KeyPathTests.swift:267:23: error: cannot find 'KanataManager' in scope
265 | 
266 |     func testCleanupFunction() async throws {
267 |         let manager = KanataManager()
    |                       `- error: cannot find 'KanataManager' in scope
268 | 
269 |         // The cleanup function should exist and be callable

/Users/malpern/local-code/KeyPath/Tests/KeyPathTests/KeyPathTests.swift:277:23: error: cannot find 'KanataManager' in scope
275 | 
276 |     func testDaemonManagement() async throws {
277 |         let manager = KanataManager()
    |                       `- error: cannot find 'KanataManager' in scope
278 | 
279 |         // Test that daemon checking doesn't crash

/Users/malpern/local-code/KeyPath/Tests/KeyPathTests/KeyPathTests.swift:293:23: error: cannot find 'KanataManager' in scope
291 | 
292 |     func testAutoStartErrorHandling() async throws {
293 |         let manager = KanataManager()
    |                       `- error: cannot find 'KanataManager' in scope
294 | 
295 |         // Test that errors are properly set when Kanata isn't installed

/Users/malpern/local-code/KeyPath/Tests/KeyPathTests/KeyPathTests.swift:313:23: error: cannot find 'KanataManager' in scope
311 | 
312 |     func testCompleteInstallationCheck() throws {
313 |         let manager = KanataManager()
    |                       `- error: cannot find 'KanataManager' in scope
314 | 
315 |         // Test that isCompletelyInstalled checks both binary and daemon

/Users/malpern/local-code/KeyPath/Tests/KeyPathTests/KeyPathTests.swift:325:23: error: cannot find 'KanataManager' in scope
323 | 
324 |     func testInstallationStatusMessages() throws {
325 |         let manager = KanataManager()
    |                       `- error: cannot find 'KanataManager' in scope
326 | 
327 |         let status = manager.getInstallationStatus()

/Users/malpern/local-code/KeyPath/Tests/KeyPathTests/KeyPathTests.swift:343:23: error: cannot find 'KanataManager' in scope
341 | 
342 |     func testAutoReloadFunctionality() async throws {
343 |         let manager = KanataManager()
    |                       `- error: cannot find 'KanataManager' in scope
344 | 
345 |         // Test that auto-reload doesn't crash when called

/Users/malpern/local-code/KeyPath/Tests/KeyPathTests/KeyPathTests.swift:367:23: error: cannot find 'KanataManager' in scope
365 | 
366 |     func testSeamlessConfigSaving() async throws {
367 |         let manager = KanataManager()
    |                       `- error: cannot find 'KanataManager' in scope
368 | 
369 |         // Test configuration generation and validation

/Users/malpern/local-code/KeyPath/Tests/KeyPathTests/KeyPathTests.swift:390:23: error: cannot find 'KanataManager' in scope
388 | 
389 |     func testErrorMessagesForNewUsers() async throws {
390 |         let manager = KanataManager()
    |                       `- error: cannot find 'KanataManager' in scope
391 | 
392 |         // Simulate new user experience by checking error handling

/Users/malpern/local-code/KeyPath/Tests/KeyPathTests/KeyPathTests.swift:420:23: error: cannot find 'KanataManager' in scope
418 | 
419 |     func testTransparentKanataManagement() throws {
420 |         let manager = KanataManager()
    |                       `- error: cannot find 'KanataManager' in scope
421 | 
422 |         // Test that all user-facing functionality hides Kanata implementation details

/Users/malpern/local-code/KeyPath/Tests/KeyPathTests/KeyPathTests.swift:444:23: error: cannot find 'KanataManager' in scope
442 |     func testInstallationWizardFlow() throws {
443 |         // Test the installation wizard components exist and function
444 |         let manager = KanataManager()
    |                       `- error: cannot find 'KanataManager' in scope
445 | 
446 |         // These functions should exist for the wizard

/Users/malpern/local-code/KeyPath/Tests/KeyPathTests/KeyPathTests.swift:468:23: error: cannot find 'KanataManager' in scope
466 | 
467 |     func testLaunchDaemonRootConfiguration() throws {
468 |         let manager = KanataManager()
    |                       `- error: cannot find 'KanataManager' in scope
469 | 
470 |         // Test that LaunchDaemon components exist

/Users/malpern/local-code/KeyPath/Tests/KeyPathTests/KeyPathTests.swift:484:23: error: cannot find 'KanataManager' in scope
482 | 
483 |     func testRootPrivilegeVerification() async throws {
484 |         let manager = KanataManager()
    |                       `- error: cannot find 'KanataManager' in scope
485 | 
486 |         // Test that root verification doesn't crash

/Users/malpern/local-code/KeyPath/Tests/KeyPathTests/KeyPathTests.swift:515:23: error: cannot find 'KanataManager' in scope
513 | 
514 |     func testAutomatedRootHandling() throws {
515 |         let manager = KanataManager()
    |                       `- error: cannot find 'KanataManager' in scope
516 | 
517 |         // Test that the system is designed to handle root privileges automatically

/Users/malpern/local-code/KeyPath/Tests/KeyPathTests/KeyPathTests.swift:537:23: error: cannot find 'KanataManager' in scope
535 | 
536 |     func testResetToDefaultConfig() async throws {
537 |         let manager = KanataManager()
    |                       `- error: cannot find 'KanataManager' in scope
538 | 
539 |         do {

/Users/malpern/local-code/KeyPath/Tests/KeyPathTests/KeyPathTests.swift:569:23: error: cannot find 'KanataManager' in scope
567 | 
568 |     func testInputMonitoringPermissionDetection() async throws {
569 |         let manager = KanataManager()
    |                       `- error: cannot find 'KanataManager' in scope
570 | 
571 |         // Test that permission detection works

/Users/malpern/local-code/KeyPath/Tests/KeyPathTests/KeyPathTests.swift:594:23: error: cannot find 'KanataManager' in scope
592 | 
593 |     func testConfigurationManagement() throws {
594 |         let manager = KanataManager()
    |                       `- error: cannot find 'KanataManager' in scope
595 | 
596 |         // Test config path is correct

/Users/malpern/local-code/KeyPath/Tests/KeyPathTests/KeyboardCaptureTests.swift:345:18: warning: variable 'weakCapture' was written to, but never read
343 | 
344 |     func testMemoryManagementDuringCapture() throws {
345 |         weak var weakCapture: KeyboardCapture?
    |                  `- warning: variable 'weakCapture' was written to, but never read
346 | 
347 |         // Create capture in local scope

/Users/malpern/local-code/KeyPath/Tests/KeyPathTests/KeyboardCaptureTests.swift:410:23: error: cannot find 'KanataManager' in scope
408 |     func testKeyboardCaptureWithKanataManager() throws {
409 |         // Test integration between KeyboardCapture and KanataManager
410 |         let manager = KanataManager()
    |                       `- error: cannot find 'KanataManager' in scope
411 |         var capturedInput: String?
412 | 
[46/51] Compiling KeyPathTests WizardSystemStatusOverviewTests.swift
/Users/malpern/local-code/KeyPath/Tests/KeyPathTests/InstallationWizard/WizardSystemStatusOverviewTests.swift:34:13: warning: variable 'nav' was never mutated; consider changing to 'let' constant
32 | 
33 |     func testServiceStatusStaysCompletedWhenKanataRunning() {
34 |         var nav: [WizardPage] = []
   |             `- warning: variable 'nav' was never mutated; consider changing to 'let' constant
35 |         var visible = 0
36 |         let overview = WizardSystemStatusOverview(

/Users/malpern/local-code/KeyPath/Tests/KeyPathTests/InstallationWizard/WizardSystemStatusOverviewTests.swift:35:13: warning: variable 'visible' was never mutated; consider changing to 'let' constant
33 |     func testServiceStatusStaysCompletedWhenKanataRunning() {
34 |         var nav: [WizardPage] = []
35 |         var visible = 0
   |             `- warning: variable 'visible' was never mutated; consider changing to 'let' constant
36 |         let overview = WizardSystemStatusOverview(
37 |             systemState: .active,

/Users/malpern/local-code/KeyPath/Tests/KeyPathTests/InstallationWizard/WizardSystemStatusOverviewTests.swift:61:13: warning: variable 'nav' was never mutated; consider changing to 'let' constant
59 |         )
60 | 
61 |         var nav: [WizardPage] = []
   |             `- warning: variable 'nav' was never mutated; consider changing to 'let' constant
62 |         var visible = 0
63 |         let overview = WizardSystemStatusOverview(

/Users/malpern/local-code/KeyPath/Tests/KeyPathTests/InstallationWizard/WizardSystemStatusOverviewTests.swift:62:13: warning: variable 'visible' was never mutated; consider changing to 'let' constant
60 | 
61 |         var nav: [WizardPage] = []
62 |         var visible = 0
   |             `- warning: variable 'visible' was never mutated; consider changing to 'let' constant
63 |         let overview = WizardSystemStatusOverview(
64 |             systemState: .active,

/Users/malpern/local-code/KeyPath/Tests/KeyPathTests/KeyPathTests.swift:18:23: error: cannot find 'KanataManager' in scope
 16 | 
 17 |     func testKanataManagerInitialization() throws {
 18 |         let manager = KanataManager()
    |                       `- error: cannot find 'KanataManager' in scope
 19 |         // Default state should be clean
 20 |         if let error = manager.lastError {

/Users/malpern/local-code/KeyPath/Tests/KeyPathTests/KeyPathTests.swift:29:23: error: cannot find 'KanataManager' in scope
 27 | 
 28 |     func testConvertToKanataKey() throws {
 29 |         let manager = KanataManager()
    |                       `- error: cannot find 'KanataManager' in scope
 30 | 
 31 |         // Test known key conversions

/Users/malpern/local-code/KeyPath/Tests/KeyPathTests/KeyPathTests.swift:58:23: error: cannot find 'KanataManager' in scope
 56 | 
 57 |     func testConvertToKanataSequence() throws {
 58 |         let manager = KanataManager()
    |                       `- error: cannot find 'KanataManager' in scope
 59 | 
 60 |         // Test single character keys

/Users/malpern/local-code/KeyPath/Tests/KeyPathTests/KeyPathTests.swift:181:23: error: cannot find 'KanataManager' in scope
179 | 
180 |     func testKanataManagerConfigIntegration() throws {
181 |         let manager = KanataManager()
    |                       `- error: cannot find 'KanataManager' in scope
182 | 
183 |         // Test that generated config can be used by the manager

/Users/malpern/local-code/KeyPath/Tests/KeyPathTests/KeyPathTests.swift:214:23: error: cannot find 'KanataManager' in scope
212 | 
213 |     func testKeyConversionPerformance() throws {
214 |         let manager = KanataManager()
    |                       `- error: cannot find 'KanataManager' in scope
215 | 
216 |         let testKeys = ["caps", "space", "return", "tab", "escape", "a", "b", "c", "unknown"]

/Users/malpern/local-code/KeyPath/Tests/KeyPathTests/KeyPathTests.swift:258:23: error: cannot find 'KanataManager' in scope
256 |     func testAutoStartInitialization() throws {
257 |         // Test that KanataManager initializes with auto-start
258 |         let manager = KanataManager()
    |                       `- error: cannot find 'KanataManager' in scope
259 | 
260 |         // No sleep needed - initialization is deterministic

/Users/malpern/local-code/KeyPath/Tests/KeyPathTests/KeyPathTests.swift:267:23: error: cannot find 'KanataManager' in scope
265 | 
266 |     func testCleanupFunction() async throws {
267 |         let manager = KanataManager()
    |                       `- error: cannot find 'KanataManager' in scope
268 | 
269 |         // The cleanup function should exist and be callable

/Users/malpern/local-code/KeyPath/Tests/KeyPathTests/KeyPathTests.swift:277:23: error: cannot find 'KanataManager' in scope
275 | 
276 |     func testDaemonManagement() async throws {
277 |         let manager = KanataManager()
    |                       `- error: cannot find 'KanataManager' in scope
278 | 
279 |         // Test that daemon checking doesn't crash

/Users/malpern/local-code/KeyPath/Tests/KeyPathTests/KeyPathTests.swift:293:23: error: cannot find 'KanataManager' in scope
291 | 
292 |     func testAutoStartErrorHandling() async throws {
293 |         let manager = KanataManager()
    |                       `- error: cannot find 'KanataManager' in scope
294 | 
295 |         // Test that errors are properly set when Kanata isn't installed

/Users/malpern/local-code/KeyPath/Tests/KeyPathTests/KeyPathTests.swift:313:23: error: cannot find 'KanataManager' in scope
311 | 
312 |     func testCompleteInstallationCheck() throws {
313 |         let manager = KanataManager()
    |                       `- error: cannot find 'KanataManager' in scope
314 | 
315 |         // Test that isCompletelyInstalled checks both binary and daemon

/Users/malpern/local-code/KeyPath/Tests/KeyPathTests/KeyPathTests.swift:325:23: error: cannot find 'KanataManager' in scope
323 | 
324 |     func testInstallationStatusMessages() throws {
325 |         let manager = KanataManager()
    |                       `- error: cannot find 'KanataManager' in scope
326 | 
327 |         let status = manager.getInstallationStatus()

/Users/malpern/local-code/KeyPath/Tests/KeyPathTests/KeyPathTests.swift:343:23: error: cannot find 'KanataManager' in scope
341 | 
342 |     func testAutoReloadFunctionality() async throws {
343 |         let manager = KanataManager()
    |                       `- error: cannot find 'KanataManager' in scope
344 | 
345 |         // Test that auto-reload doesn't crash when called

/Users/malpern/local-code/KeyPath/Tests/KeyPathTests/KeyPathTests.swift:367:23: error: cannot find 'KanataManager' in scope
365 | 
366 |     func testSeamlessConfigSaving() async throws {
367 |         let manager = KanataManager()
    |                       `- error: cannot find 'KanataManager' in scope
368 | 
369 |         // Test configuration generation and validation

/Users/malpern/local-code/KeyPath/Tests/KeyPathTests/KeyPathTests.swift:390:23: error: cannot find 'KanataManager' in scope
388 | 
389 |     func testErrorMessagesForNewUsers() async throws {
390 |         let manager = KanataManager()
    |                       `- error: cannot find 'KanataManager' in scope
391 | 
392 |         // Simulate new user experience by checking error handling

/Users/malpern/local-code/KeyPath/Tests/KeyPathTests/KeyPathTests.swift:420:23: error: cannot find 'KanataManager' in scope
418 | 
419 |     func testTransparentKanataManagement() throws {
420 |         let manager = KanataManager()
    |                       `- error: cannot find 'KanataManager' in scope
421 | 
422 |         // Test that all user-facing functionality hides Kanata implementation details

/Users/malpern/local-code/KeyPath/Tests/KeyPathTests/KeyPathTests.swift:444:23: error: cannot find 'KanataManager' in scope
442 |     func testInstallationWizardFlow() throws {
443 |         // Test the installation wizard components exist and function
444 |         let manager = KanataManager()
    |                       `- error: cannot find 'KanataManager' in scope
445 | 
446 |         // These functions should exist for the wizard

/Users/malpern/local-code/KeyPath/Tests/KeyPathTests/KeyPathTests.swift:468:23: error: cannot find 'KanataManager' in scope
466 | 
467 |     func testLaunchDaemonRootConfiguration() throws {
468 |         let manager = KanataManager()
    |                       `- error: cannot find 'KanataManager' in scope
469 | 
470 |         // Test that LaunchDaemon components exist

/Users/malpern/local-code/KeyPath/Tests/KeyPathTests/KeyPathTests.swift:484:23: error: cannot find 'KanataManager' in scope
482 | 
483 |     func testRootPrivilegeVerification() async throws {
484 |         let manager = KanataManager()
    |                       `- error: cannot find 'KanataManager' in scope
485 | 
486 |         // Test that root verification doesn't crash

/Users/malpern/local-code/KeyPath/Tests/KeyPathTests/KeyPathTests.swift:515:23: error: cannot find 'KanataManager' in scope
513 | 
514 |     func testAutomatedRootHandling() throws {
515 |         let manager = KanataManager()
    |                       `- error: cannot find 'KanataManager' in scope
516 | 
517 |         // Test that the system is designed to handle root privileges automatically

/Users/malpern/local-code/KeyPath/Tests/KeyPathTests/KeyPathTests.swift:537:23: error: cannot find 'KanataManager' in scope
535 | 
536 |     func testResetToDefaultConfig() async throws {
537 |         let manager = KanataManager()
    |                       `- error: cannot find 'KanataManager' in scope
538 | 
539 |         do {

/Users/malpern/local-code/KeyPath/Tests/KeyPathTests/KeyPathTests.swift:569:23: error: cannot find 'KanataManager' in scope
567 | 
568 |     func testInputMonitoringPermissionDetection() async throws {
569 |         let manager = KanataManager()
    |                       `- error: cannot find 'KanataManager' in scope
570 | 
571 |         // Test that permission detection works

/Users/malpern/local-code/KeyPath/Tests/KeyPathTests/KeyPathTests.swift:594:23: error: cannot find 'KanataManager' in scope
592 | 
593 |     func testConfigurationManagement() throws {
594 |         let manager = KanataManager()
    |                       `- error: cannot find 'KanataManager' in scope
595 | 
596 |         // Test config path is correct

/Users/malpern/local-code/KeyPath/Tests/KeyPathTests/KeyboardCaptureTests.swift:345:18: warning: variable 'weakCapture' was written to, but never read
343 | 
344 |     func testMemoryManagementDuringCapture() throws {
345 |         weak var weakCapture: KeyboardCapture?
    |                  `- warning: variable 'weakCapture' was written to, but never read
346 | 
347 |         // Create capture in local scope

/Users/malpern/local-code/KeyPath/Tests/KeyPathTests/KeyboardCaptureTests.swift:410:23: error: cannot find 'KanataManager' in scope
408 |     func testKeyboardCaptureWithKanataManager() throws {
409 |         // Test integration between KeyboardCapture and KanataManager
410 |         let manager = KanataManager()
    |                       `- error: cannot find 'KanataManager' in scope
411 |         var capturedInput: String?
412 | 
[47/51] Compiling KeyPathTests IntegrationTestSuite.swift
/Users/malpern/local-code/KeyPath/Tests/KeyPathTests/InstallationWizard/WizardSystemStatusOverviewTests.swift:34:13: warning: variable 'nav' was never mutated; consider changing to 'let' constant
32 | 
33 |     func testServiceStatusStaysCompletedWhenKanataRunning() {
34 |         var nav: [WizardPage] = []
   |             `- warning: variable 'nav' was never mutated; consider changing to 'let' constant
35 |         var visible = 0
36 |         let overview = WizardSystemStatusOverview(

/Users/malpern/local-code/KeyPath/Tests/KeyPathTests/InstallationWizard/WizardSystemStatusOverviewTests.swift:35:13: warning: variable 'visible' was never mutated; consider changing to 'let' constant
33 |     func testServiceStatusStaysCompletedWhenKanataRunning() {
34 |         var nav: [WizardPage] = []
35 |         var visible = 0
   |             `- warning: variable 'visible' was never mutated; consider changing to 'let' constant
36 |         let overview = WizardSystemStatusOverview(
37 |             systemState: .active,

/Users/malpern/local-code/KeyPath/Tests/KeyPathTests/InstallationWizard/WizardSystemStatusOverviewTests.swift:61:13: warning: variable 'nav' was never mutated; consider changing to 'let' constant
59 |         )
60 | 
61 |         var nav: [WizardPage] = []
   |             `- warning: variable 'nav' was never mutated; consider changing to 'let' constant
62 |         var visible = 0
63 |         let overview = WizardSystemStatusOverview(

/Users/malpern/local-code/KeyPath/Tests/KeyPathTests/InstallationWizard/WizardSystemStatusOverviewTests.swift:62:13: warning: variable 'visible' was never mutated; consider changing to 'let' constant
60 | 
61 |         var nav: [WizardPage] = []
62 |         var visible = 0
   |             `- warning: variable 'visible' was never mutated; consider changing to 'let' constant
63 |         let overview = WizardSystemStatusOverview(
64 |             systemState: .active,

/Users/malpern/local-code/KeyPath/Tests/KeyPathTests/KeyPathTests.swift:18:23: error: cannot find 'KanataManager' in scope
 16 | 
 17 |     func testKanataManagerInitialization() throws {
 18 |         let manager = KanataManager()
    |                       `- error: cannot find 'KanataManager' in scope
 19 |         // Default state should be clean
 20 |         if let error = manager.lastError {

/Users/malpern/local-code/KeyPath/Tests/KeyPathTests/KeyPathTests.swift:29:23: error: cannot find 'KanataManager' in scope
 27 | 
 28 |     func testConvertToKanataKey() throws {
 29 |         let manager = KanataManager()
    |                       `- error: cannot find 'KanataManager' in scope
 30 | 
 31 |         // Test known key conversions

/Users/malpern/local-code/KeyPath/Tests/KeyPathTests/KeyPathTests.swift:58:23: error: cannot find 'KanataManager' in scope
 56 | 
 57 |     func testConvertToKanataSequence() throws {
 58 |         let manager = KanataManager()
    |                       `- error: cannot find 'KanataManager' in scope
 59 | 
 60 |         // Test single character keys

/Users/malpern/local-code/KeyPath/Tests/KeyPathTests/KeyPathTests.swift:181:23: error: cannot find 'KanataManager' in scope
179 | 
180 |     func testKanataManagerConfigIntegration() throws {
181 |         let manager = KanataManager()
    |                       `- error: cannot find 'KanataManager' in scope
182 | 
183 |         // Test that generated config can be used by the manager

/Users/malpern/local-code/KeyPath/Tests/KeyPathTests/KeyPathTests.swift:214:23: error: cannot find 'KanataManager' in scope
212 | 
213 |     func testKeyConversionPerformance() throws {
214 |         let manager = KanataManager()
    |                       `- error: cannot find 'KanataManager' in scope
215 | 
216 |         let testKeys = ["caps", "space", "return", "tab", "escape", "a", "b", "c", "unknown"]

/Users/malpern/local-code/KeyPath/Tests/KeyPathTests/KeyPathTests.swift:258:23: error: cannot find 'KanataManager' in scope
256 |     func testAutoStartInitialization() throws {
257 |         // Test that KanataManager initializes with auto-start
258 |         let manager = KanataManager()
    |                       `- error: cannot find 'KanataManager' in scope
259 | 
260 |         // No sleep needed - initialization is deterministic

/Users/malpern/local-code/KeyPath/Tests/KeyPathTests/KeyPathTests.swift:267:23: error: cannot find 'KanataManager' in scope
265 | 
266 |     func testCleanupFunction() async throws {
267 |         let manager = KanataManager()
    |                       `- error: cannot find 'KanataManager' in scope
268 | 
269 |         // The cleanup function should exist and be callable

/Users/malpern/local-code/KeyPath/Tests/KeyPathTests/KeyPathTests.swift:277:23: error: cannot find 'KanataManager' in scope
275 | 
276 |     func testDaemonManagement() async throws {
277 |         let manager = KanataManager()
    |                       `- error: cannot find 'KanataManager' in scope
278 | 
279 |         // Test that daemon checking doesn't crash

/Users/malpern/local-code/KeyPath/Tests/KeyPathTests/KeyPathTests.swift:293:23: error: cannot find 'KanataManager' in scope
291 | 
292 |     func testAutoStartErrorHandling() async throws {
293 |         let manager = KanataManager()
    |                       `- error: cannot find 'KanataManager' in scope
294 | 
295 |         // Test that errors are properly set when Kanata isn't installed

/Users/malpern/local-code/KeyPath/Tests/KeyPathTests/KeyPathTests.swift:313:23: error: cannot find 'KanataManager' in scope
311 | 
312 |     func testCompleteInstallationCheck() throws {
313 |         let manager = KanataManager()
    |                       `- error: cannot find 'KanataManager' in scope
314 | 
315 |         // Test that isCompletelyInstalled checks both binary and daemon

/Users/malpern/local-code/KeyPath/Tests/KeyPathTests/KeyPathTests.swift:325:23: error: cannot find 'KanataManager' in scope
323 | 
324 |     func testInstallationStatusMessages() throws {
325 |         let manager = KanataManager()
    |                       `- error: cannot find 'KanataManager' in scope
326 | 
327 |         let status = manager.getInstallationStatus()

/Users/malpern/local-code/KeyPath/Tests/KeyPathTests/KeyPathTests.swift:343:23: error: cannot find 'KanataManager' in scope
341 | 
342 |     func testAutoReloadFunctionality() async throws {
343 |         let manager = KanataManager()
    |                       `- error: cannot find 'KanataManager' in scope
344 | 
345 |         // Test that auto-reload doesn't crash when called

/Users/malpern/local-code/KeyPath/Tests/KeyPathTests/KeyPathTests.swift:367:23: error: cannot find 'KanataManager' in scope
365 | 
366 |     func testSeamlessConfigSaving() async throws {
367 |         let manager = KanataManager()
    |                       `- error: cannot find 'KanataManager' in scope
368 | 
369 |         // Test configuration generation and validation

/Users/malpern/local-code/KeyPath/Tests/KeyPathTests/KeyPathTests.swift:390:23: error: cannot find 'KanataManager' in scope
388 | 
389 |     func testErrorMessagesForNewUsers() async throws {
390 |         let manager = KanataManager()
    |                       `- error: cannot find 'KanataManager' in scope
391 | 
392 |         // Simulate new user experience by checking error handling

/Users/malpern/local-code/KeyPath/Tests/KeyPathTests/KeyPathTests.swift:420:23: error: cannot find 'KanataManager' in scope
418 | 
419 |     func testTransparentKanataManagement() throws {
420 |         let manager = KanataManager()
    |                       `- error: cannot find 'KanataManager' in scope
421 | 
422 |         // Test that all user-facing functionality hides Kanata implementation details

/Users/malpern/local-code/KeyPath/Tests/KeyPathTests/KeyPathTests.swift:444:23: error: cannot find 'KanataManager' in scope
442 |     func testInstallationWizardFlow() throws {
443 |         // Test the installation wizard components exist and function
444 |         let manager = KanataManager()
    |                       `- error: cannot find 'KanataManager' in scope
445 | 
446 |         // These functions should exist for the wizard

/Users/malpern/local-code/KeyPath/Tests/KeyPathTests/KeyPathTests.swift:468:23: error: cannot find 'KanataManager' in scope
466 | 
467 |     func testLaunchDaemonRootConfiguration() throws {
468 |         let manager = KanataManager()
    |                       `- error: cannot find 'KanataManager' in scope
469 | 
470 |         // Test that LaunchDaemon components exist

/Users/malpern/local-code/KeyPath/Tests/KeyPathTests/KeyPathTests.swift:484:23: error: cannot find 'KanataManager' in scope
482 | 
483 |     func testRootPrivilegeVerification() async throws {
484 |         let manager = KanataManager()
    |                       `- error: cannot find 'KanataManager' in scope
485 | 
486 |         // Test that root verification doesn't crash

/Users/malpern/local-code/KeyPath/Tests/KeyPathTests/KeyPathTests.swift:515:23: error: cannot find 'KanataManager' in scope
513 | 
514 |     func testAutomatedRootHandling() throws {
515 |         let manager = KanataManager()
    |                       `- error: cannot find 'KanataManager' in scope
516 | 
517 |         // Test that the system is designed to handle root privileges automatically

/Users/malpern/local-code/KeyPath/Tests/KeyPathTests/KeyPathTests.swift:537:23: error: cannot find 'KanataManager' in scope
535 | 
536 |     func testResetToDefaultConfig() async throws {
537 |         let manager = KanataManager()
    |                       `- error: cannot find 'KanataManager' in scope
538 | 
539 |         do {

/Users/malpern/local-code/KeyPath/Tests/KeyPathTests/KeyPathTests.swift:569:23: error: cannot find 'KanataManager' in scope
567 | 
568 |     func testInputMonitoringPermissionDetection() async throws {
569 |         let manager = KanataManager()
    |                       `- error: cannot find 'KanataManager' in scope
570 | 
571 |         // Test that permission detection works

/Users/malpern/local-code/KeyPath/Tests/KeyPathTests/KeyPathTests.swift:594:23: error: cannot find 'KanataManager' in scope
592 | 
593 |     func testConfigurationManagement() throws {
594 |         let manager = KanataManager()
    |                       `- error: cannot find 'KanataManager' in scope
595 | 
596 |         // Test config path is correct

/Users/malpern/local-code/KeyPath/Tests/KeyPathTests/KeyboardCaptureTests.swift:345:18: warning: variable 'weakCapture' was written to, but never read
343 | 
344 |     func testMemoryManagementDuringCapture() throws {
345 |         weak var weakCapture: KeyboardCapture?
    |                  `- warning: variable 'weakCapture' was written to, but never read
346 | 
347 |         // Create capture in local scope

/Users/malpern/local-code/KeyPath/Tests/KeyPathTests/KeyboardCaptureTests.swift:410:23: error: cannot find 'KanataManager' in scope
408 |     func testKeyboardCaptureWithKanataManager() throws {
409 |         // Test integration between KeyboardCapture and KanataManager
410 |         let manager = KanataManager()
    |                       `- error: cannot find 'KanataManager' in scope
411 |         var capturedInput: String?
412 | 
[48/51] Compiling KeyPathTests KeyPathTests.swift
/Users/malpern/local-code/KeyPath/Tests/KeyPathTests/InstallationWizard/WizardSystemStatusOverviewTests.swift:34:13: warning: variable 'nav' was never mutated; consider changing to 'let' constant
32 | 
33 |     func testServiceStatusStaysCompletedWhenKanataRunning() {
34 |         var nav: [WizardPage] = []
   |             `- warning: variable 'nav' was never mutated; consider changing to 'let' constant
35 |         var visible = 0
36 |         let overview = WizardSystemStatusOverview(

/Users/malpern/local-code/KeyPath/Tests/KeyPathTests/InstallationWizard/WizardSystemStatusOverviewTests.swift:35:13: warning: variable 'visible' was never mutated; consider changing to 'let' constant
33 |     func testServiceStatusStaysCompletedWhenKanataRunning() {
34 |         var nav: [WizardPage] = []
35 |         var visible = 0
   |             `- warning: variable 'visible' was never mutated; consider changing to 'let' constant
36 |         let overview = WizardSystemStatusOverview(
37 |             systemState: .active,

/Users/malpern/local-code/KeyPath/Tests/KeyPathTests/InstallationWizard/WizardSystemStatusOverviewTests.swift:61:13: warning: variable 'nav' was never mutated; consider changing to 'let' constant
59 |         )
60 | 
61 |         var nav: [WizardPage] = []
   |             `- warning: variable 'nav' was never mutated; consider changing to 'let' constant
62 |         var visible = 0
63 |         let overview = WizardSystemStatusOverview(

/Users/malpern/local-code/KeyPath/Tests/KeyPathTests/InstallationWizard/WizardSystemStatusOverviewTests.swift:62:13: warning: variable 'visible' was never mutated; consider changing to 'let' constant
60 | 
61 |         var nav: [WizardPage] = []
62 |         var visible = 0
   |             `- warning: variable 'visible' was never mutated; consider changing to 'let' constant
63 |         let overview = WizardSystemStatusOverview(
64 |             systemState: .active,

/Users/malpern/local-code/KeyPath/Tests/KeyPathTests/KeyPathTests.swift:18:23: error: cannot find 'KanataManager' in scope
 16 | 
 17 |     func testKanataManagerInitialization() throws {
 18 |         let manager = KanataManager()
    |                       `- error: cannot find 'KanataManager' in scope
 19 |         // Default state should be clean
 20 |         if let error = manager.lastError {

/Users/malpern/local-code/KeyPath/Tests/KeyPathTests/KeyPathTests.swift:29:23: error: cannot find 'KanataManager' in scope
 27 | 
 28 |     func testConvertToKanataKey() throws {
 29 |         let manager = KanataManager()
    |                       `- error: cannot find 'KanataManager' in scope
 30 | 
 31 |         // Test known key conversions

/Users/malpern/local-code/KeyPath/Tests/KeyPathTests/KeyPathTests.swift:58:23: error: cannot find 'KanataManager' in scope
 56 | 
 57 |     func testConvertToKanataSequence() throws {
 58 |         let manager = KanataManager()
    |                       `- error: cannot find 'KanataManager' in scope
 59 | 
 60 |         // Test single character keys

/Users/malpern/local-code/KeyPath/Tests/KeyPathTests/KeyPathTests.swift:181:23: error: cannot find 'KanataManager' in scope
179 | 
180 |     func testKanataManagerConfigIntegration() throws {
181 |         let manager = KanataManager()
    |                       `- error: cannot find 'KanataManager' in scope
182 | 
183 |         // Test that generated config can be used by the manager

/Users/malpern/local-code/KeyPath/Tests/KeyPathTests/KeyPathTests.swift:214:23: error: cannot find 'KanataManager' in scope
212 | 
213 |     func testKeyConversionPerformance() throws {
214 |         let manager = KanataManager()
    |                       `- error: cannot find 'KanataManager' in scope
215 | 
216 |         let testKeys = ["caps", "space", "return", "tab", "escape", "a", "b", "c", "unknown"]

/Users/malpern/local-code/KeyPath/Tests/KeyPathTests/KeyPathTests.swift:258:23: error: cannot find 'KanataManager' in scope
256 |     func testAutoStartInitialization() throws {
257 |         // Test that KanataManager initializes with auto-start
258 |         let manager = KanataManager()
    |                       `- error: cannot find 'KanataManager' in scope
259 | 
260 |         // No sleep needed - initialization is deterministic

/Users/malpern/local-code/KeyPath/Tests/KeyPathTests/KeyPathTests.swift:267:23: error: cannot find 'KanataManager' in scope
265 | 
266 |     func testCleanupFunction() async throws {
267 |         let manager = KanataManager()
    |                       `- error: cannot find 'KanataManager' in scope
268 | 
269 |         // The cleanup function should exist and be callable

/Users/malpern/local-code/KeyPath/Tests/KeyPathTests/KeyPathTests.swift:277:23: error: cannot find 'KanataManager' in scope
275 | 
276 |     func testDaemonManagement() async throws {
277 |         let manager = KanataManager()
    |                       `- error: cannot find 'KanataManager' in scope
278 | 
279 |         // Test that daemon checking doesn't crash

/Users/malpern/local-code/KeyPath/Tests/KeyPathTests/KeyPathTests.swift:293:23: error: cannot find 'KanataManager' in scope
291 | 
292 |     func testAutoStartErrorHandling() async throws {
293 |         let manager = KanataManager()
    |                       `- error: cannot find 'KanataManager' in scope
294 | 
295 |         // Test that errors are properly set when Kanata isn't installed

/Users/malpern/local-code/KeyPath/Tests/KeyPathTests/KeyPathTests.swift:313:23: error: cannot find 'KanataManager' in scope
311 | 
312 |     func testCompleteInstallationCheck() throws {
313 |         let manager = KanataManager()
    |                       `- error: cannot find 'KanataManager' in scope
314 | 
315 |         // Test that isCompletelyInstalled checks both binary and daemon

/Users/malpern/local-code/KeyPath/Tests/KeyPathTests/KeyPathTests.swift:325:23: error: cannot find 'KanataManager' in scope
323 | 
324 |     func testInstallationStatusMessages() throws {
325 |         let manager = KanataManager()
    |                       `- error: cannot find 'KanataManager' in scope
326 | 
327 |         let status = manager.getInstallationStatus()

/Users/malpern/local-code/KeyPath/Tests/KeyPathTests/KeyPathTests.swift:343:23: error: cannot find 'KanataManager' in scope
341 | 
342 |     func testAutoReloadFunctionality() async throws {
343 |         let manager = KanataManager()
    |                       `- error: cannot find 'KanataManager' in scope
344 | 
345 |         // Test that auto-reload doesn't crash when called

/Users/malpern/local-code/KeyPath/Tests/KeyPathTests/KeyPathTests.swift:367:23: error: cannot find 'KanataManager' in scope
365 | 
366 |     func testSeamlessConfigSaving() async throws {
367 |         let manager = KanataManager()
    |                       `- error: cannot find 'KanataManager' in scope
368 | 
369 |         // Test configuration generation and validation

/Users/malpern/local-code/KeyPath/Tests/KeyPathTests/KeyPathTests.swift:390:23: error: cannot find 'KanataManager' in scope
388 | 
389 |     func testErrorMessagesForNewUsers() async throws {
390 |         let manager = KanataManager()
    |                       `- error: cannot find 'KanataManager' in scope
391 | 
392 |         // Simulate new user experience by checking error handling

/Users/malpern/local-code/KeyPath/Tests/KeyPathTests/KeyPathTests.swift:420:23: error: cannot find 'KanataManager' in scope
418 | 
419 |     func testTransparentKanataManagement() throws {
420 |         let manager = KanataManager()
    |                       `- error: cannot find 'KanataManager' in scope
421 | 
422 |         // Test that all user-facing functionality hides Kanata implementation details

/Users/malpern/local-code/KeyPath/Tests/KeyPathTests/KeyPathTests.swift:444:23: error: cannot find 'KanataManager' in scope
442 |     func testInstallationWizardFlow() throws {
443 |         // Test the installation wizard components exist and function
444 |         let manager = KanataManager()
    |                       `- error: cannot find 'KanataManager' in scope
445 | 
446 |         // These functions should exist for the wizard

/Users/malpern/local-code/KeyPath/Tests/KeyPathTests/KeyPathTests.swift:468:23: error: cannot find 'KanataManager' in scope
466 | 
467 |     func testLaunchDaemonRootConfiguration() throws {
468 |         let manager = KanataManager()
    |                       `- error: cannot find 'KanataManager' in scope
469 | 
470 |         // Test that LaunchDaemon components exist

/Users/malpern/local-code/KeyPath/Tests/KeyPathTests/KeyPathTests.swift:484:23: error: cannot find 'KanataManager' in scope
482 | 
483 |     func testRootPrivilegeVerification() async throws {
484 |         let manager = KanataManager()
    |                       `- error: cannot find 'KanataManager' in scope
485 | 
486 |         // Test that root verification doesn't crash

/Users/malpern/local-code/KeyPath/Tests/KeyPathTests/KeyPathTests.swift:515:23: error: cannot find 'KanataManager' in scope
513 | 
514 |     func testAutomatedRootHandling() throws {
515 |         let manager = KanataManager()
    |                       `- error: cannot find 'KanataManager' in scope
516 | 
517 |         // Test that the system is designed to handle root privileges automatically

/Users/malpern/local-code/KeyPath/Tests/KeyPathTests/KeyPathTests.swift:537:23: error: cannot find 'KanataManager' in scope
535 | 
536 |     func testResetToDefaultConfig() async throws {
537 |         let manager = KanataManager()
    |                       `- error: cannot find 'KanataManager' in scope
538 | 
539 |         do {

/Users/malpern/local-code/KeyPath/Tests/KeyPathTests/KeyPathTests.swift:569:23: error: cannot find 'KanataManager' in scope
567 | 
568 |     func testInputMonitoringPermissionDetection() async throws {
569 |         let manager = KanataManager()
    |                       `- error: cannot find 'KanataManager' in scope
570 | 
571 |         // Test that permission detection works

/Users/malpern/local-code/KeyPath/Tests/KeyPathTests/KeyPathTests.swift:594:23: error: cannot find 'KanataManager' in scope
592 | 
593 |     func testConfigurationManagement() throws {
594 |         let manager = KanataManager()
    |                       `- error: cannot find 'KanataManager' in scope
595 | 
596 |         // Test config path is correct

/Users/malpern/local-code/KeyPath/Tests/KeyPathTests/KeyboardCaptureTests.swift:345:18: warning: variable 'weakCapture' was written to, but never read
343 | 
344 |     func testMemoryManagementDuringCapture() throws {
345 |         weak var weakCapture: KeyboardCapture?
    |                  `- warning: variable 'weakCapture' was written to, but never read
346 | 
347 |         // Create capture in local scope

/Users/malpern/local-code/KeyPath/Tests/KeyPathTests/KeyboardCaptureTests.swift:410:23: error: cannot find 'KanataManager' in scope
408 |     func testKeyboardCaptureWithKanataManager() throws {
409 |         // Test integration between KeyboardCapture and KanataManager
410 |         let manager = KanataManager()
    |                       `- error: cannot find 'KanataManager' in scope
411 |         var capturedInput: String?
412 | 
[49/51] Compiling KeyPathTests KeyboardCaptureTests.swift
/Users/malpern/local-code/KeyPath/Tests/KeyPathTests/InstallationWizard/WizardSystemStatusOverviewTests.swift:34:13: warning: variable 'nav' was never mutated; consider changing to 'let' constant
32 | 
33 |     func testServiceStatusStaysCompletedWhenKanataRunning() {
34 |         var nav: [WizardPage] = []
   |             `- warning: variable 'nav' was never mutated; consider changing to 'let' constant
35 |         var visible = 0
36 |         let overview = WizardSystemStatusOverview(

/Users/malpern/local-code/KeyPath/Tests/KeyPathTests/InstallationWizard/WizardSystemStatusOverviewTests.swift:35:13: warning: variable 'visible' was never mutated; consider changing to 'let' constant
33 |     func testServiceStatusStaysCompletedWhenKanataRunning() {
34 |         var nav: [WizardPage] = []
35 |         var visible = 0
   |             `- warning: variable 'visible' was never mutated; consider changing to 'let' constant
36 |         let overview = WizardSystemStatusOverview(
37 |             systemState: .active,

/Users/malpern/local-code/KeyPath/Tests/KeyPathTests/InstallationWizard/WizardSystemStatusOverviewTests.swift:61:13: warning: variable 'nav' was never mutated; consider changing to 'let' constant
59 |         )
60 | 
61 |         var nav: [WizardPage] = []
   |             `- warning: variable 'nav' was never mutated; consider changing to 'let' constant
62 |         var visible = 0
63 |         let overview = WizardSystemStatusOverview(

/Users/malpern/local-code/KeyPath/Tests/KeyPathTests/InstallationWizard/WizardSystemStatusOverviewTests.swift:62:13: warning: variable 'visible' was never mutated; consider changing to 'let' constant
60 | 
61 |         var nav: [WizardPage] = []
62 |         var visible = 0
   |             `- warning: variable 'visible' was never mutated; consider changing to 'let' constant
63 |         let overview = WizardSystemStatusOverview(
64 |             systemState: .active,

/Users/malpern/local-code/KeyPath/Tests/KeyPathTests/KeyPathTests.swift:18:23: error: cannot find 'KanataManager' in scope
 16 | 
 17 |     func testKanataManagerInitialization() throws {
 18 |         let manager = KanataManager()
    |                       `- error: cannot find 'KanataManager' in scope
 19 |         // Default state should be clean
 20 |         if let error = manager.lastError {

/Users/malpern/local-code/KeyPath/Tests/KeyPathTests/KeyPathTests.swift:29:23: error: cannot find 'KanataManager' in scope
 27 | 
 28 |     func testConvertToKanataKey() throws {
 29 |         let manager = KanataManager()
    |                       `- error: cannot find 'KanataManager' in scope
 30 | 
 31 |         // Test known key conversions

/Users/malpern/local-code/KeyPath/Tests/KeyPathTests/KeyPathTests.swift:58:23: error: cannot find 'KanataManager' in scope
 56 | 
 57 |     func testConvertToKanataSequence() throws {
 58 |         let manager = KanataManager()
    |                       `- error: cannot find 'KanataManager' in scope
 59 | 
 60 |         // Test single character keys

/Users/malpern/local-code/KeyPath/Tests/KeyPathTests/KeyPathTests.swift:181:23: error: cannot find 'KanataManager' in scope
179 | 
180 |     func testKanataManagerConfigIntegration() throws {
181 |         let manager = KanataManager()
    |                       `- error: cannot find 'KanataManager' in scope
182 | 
183 |         // Test that generated config can be used by the manager

/Users/malpern/local-code/KeyPath/Tests/KeyPathTests/KeyPathTests.swift:214:23: error: cannot find 'KanataManager' in scope
212 | 
213 |     func testKeyConversionPerformance() throws {
214 |         let manager = KanataManager()
    |                       `- error: cannot find 'KanataManager' in scope
215 | 
216 |         let testKeys = ["caps", "space", "return", "tab", "escape", "a", "b", "c", "unknown"]

/Users/malpern/local-code/KeyPath/Tests/KeyPathTests/KeyPathTests.swift:258:23: error: cannot find 'KanataManager' in scope
256 |     func testAutoStartInitialization() throws {
257 |         // Test that KanataManager initializes with auto-start
258 |         let manager = KanataManager()
    |                       `- error: cannot find 'KanataManager' in scope
259 | 
260 |         // No sleep needed - initialization is deterministic

/Users/malpern/local-code/KeyPath/Tests/KeyPathTests/KeyPathTests.swift:267:23: error: cannot find 'KanataManager' in scope
265 | 
266 |     func testCleanupFunction() async throws {
267 |         let manager = KanataManager()
    |                       `- error: cannot find 'KanataManager' in scope
268 | 
269 |         // The cleanup function should exist and be callable

/Users/malpern/local-code/KeyPath/Tests/KeyPathTests/KeyPathTests.swift:277:23: error: cannot find 'KanataManager' in scope
275 | 
276 |     func testDaemonManagement() async throws {
277 |         let manager = KanataManager()
    |                       `- error: cannot find 'KanataManager' in scope
278 | 
279 |         // Test that daemon checking doesn't crash

/Users/malpern/local-code/KeyPath/Tests/KeyPathTests/KeyPathTests.swift:293:23: error: cannot find 'KanataManager' in scope
291 | 
292 |     func testAutoStartErrorHandling() async throws {
293 |         let manager = KanataManager()
    |                       `- error: cannot find 'KanataManager' in scope
294 | 
295 |         // Test that errors are properly set when Kanata isn't installed

/Users/malpern/local-code/KeyPath/Tests/KeyPathTests/KeyPathTests.swift:313:23: error: cannot find 'KanataManager' in scope
311 | 
312 |     func testCompleteInstallationCheck() throws {
313 |         let manager = KanataManager()
    |                       `- error: cannot find 'KanataManager' in scope
314 | 
315 |         // Test that isCompletelyInstalled checks both binary and daemon

/Users/malpern/local-code/KeyPath/Tests/KeyPathTests/KeyPathTests.swift:325:23: error: cannot find 'KanataManager' in scope
323 | 
324 |     func testInstallationStatusMessages() throws {
325 |         let manager = KanataManager()
    |                       `- error: cannot find 'KanataManager' in scope
326 | 
327 |         let status = manager.getInstallationStatus()

/Users/malpern/local-code/KeyPath/Tests/KeyPathTests/KeyPathTests.swift:343:23: error: cannot find 'KanataManager' in scope
341 | 
342 |     func testAutoReloadFunctionality() async throws {
343 |         let manager = KanataManager()
    |                       `- error: cannot find 'KanataManager' in scope
344 | 
345 |         // Test that auto-reload doesn't crash when called

/Users/malpern/local-code/KeyPath/Tests/KeyPathTests/KeyPathTests.swift:367:23: error: cannot find 'KanataManager' in scope
365 | 
366 |     func testSeamlessConfigSaving() async throws {
367 |         let manager = KanataManager()
    |                       `- error: cannot find 'KanataManager' in scope
368 | 
369 |         // Test configuration generation and validation

/Users/malpern/local-code/KeyPath/Tests/KeyPathTests/KeyPathTests.swift:390:23: error: cannot find 'KanataManager' in scope
388 | 
389 |     func testErrorMessagesForNewUsers() async throws {
390 |         let manager = KanataManager()
    |                       `- error: cannot find 'KanataManager' in scope
391 | 
392 |         // Simulate new user experience by checking error handling

/Users/malpern/local-code/KeyPath/Tests/KeyPathTests/KeyPathTests.swift:420:23: error: cannot find 'KanataManager' in scope
418 | 
419 |     func testTransparentKanataManagement() throws {
420 |         let manager = KanataManager()
    |                       `- error: cannot find 'KanataManager' in scope
421 | 
422 |         // Test that all user-facing functionality hides Kanata implementation details

/Users/malpern/local-code/KeyPath/Tests/KeyPathTests/KeyPathTests.swift:444:23: error: cannot find 'KanataManager' in scope
442 |     func testInstallationWizardFlow() throws {
443 |         // Test the installation wizard components exist and function
444 |         let manager = KanataManager()
    |                       `- error: cannot find 'KanataManager' in scope
445 | 
446 |         // These functions should exist for the wizard

/Users/malpern/local-code/KeyPath/Tests/KeyPathTests/KeyPathTests.swift:468:23: error: cannot find 'KanataManager' in scope
466 | 
467 |     func testLaunchDaemonRootConfiguration() throws {
468 |         let manager = KanataManager()
    |                       `- error: cannot find 'KanataManager' in scope
469 | 
470 |         // Test that LaunchDaemon components exist

/Users/malpern/local-code/KeyPath/Tests/KeyPathTests/KeyPathTests.swift:484:23: error: cannot find 'KanataManager' in scope
482 | 
483 |     func testRootPrivilegeVerification() async throws {
484 |         let manager = KanataManager()
    |                       `- error: cannot find 'KanataManager' in scope
485 | 
486 |         // Test that root verification doesn't crash

/Users/malpern/local-code/KeyPath/Tests/KeyPathTests/KeyPathTests.swift:515:23: error: cannot find 'KanataManager' in scope
513 | 
514 |     func testAutomatedRootHandling() throws {
515 |         let manager = KanataManager()
    |                       `- error: cannot find 'KanataManager' in scope
516 | 
517 |         // Test that the system is designed to handle root privileges automatically

/Users/malpern/local-code/KeyPath/Tests/KeyPathTests/KeyPathTests.swift:537:23: error: cannot find 'KanataManager' in scope
535 | 
536 |     func testResetToDefaultConfig() async throws {
537 |         let manager = KanataManager()
    |                       `- error: cannot find 'KanataManager' in scope
538 | 
539 |         do {

/Users/malpern/local-code/KeyPath/Tests/KeyPathTests/KeyPathTests.swift:569:23: error: cannot find 'KanataManager' in scope
567 | 
568 |     func testInputMonitoringPermissionDetection() async throws {
569 |         let manager = KanataManager()
    |                       `- error: cannot find 'KanataManager' in scope
570 | 
571 |         // Test that permission detection works

/Users/malpern/local-code/KeyPath/Tests/KeyPathTests/KeyPathTests.swift:594:23: error: cannot find 'KanataManager' in scope
592 | 
593 |     func testConfigurationManagement() throws {
594 |         let manager = KanataManager()
    |                       `- error: cannot find 'KanataManager' in scope
595 | 
596 |         // Test config path is correct

/Users/malpern/local-code/KeyPath/Tests/KeyPathTests/KeyboardCaptureTests.swift:345:18: warning: variable 'weakCapture' was written to, but never read
343 | 
344 |     func testMemoryManagementDuringCapture() throws {
345 |         weak var weakCapture: KeyboardCapture?
    |                  `- warning: variable 'weakCapture' was written to, but never read
346 | 
347 |         // Create capture in local scope

/Users/malpern/local-code/KeyPath/Tests/KeyPathTests/KeyboardCaptureTests.swift:410:23: error: cannot find 'KanataManager' in scope
408 |     func testKeyboardCaptureWithKanataManager() throws {
409 |         // Test integration between KeyboardCapture and KanataManager
410 |         let manager = KanataManager()
    |                       `- error: cannot find 'KanataManager' in scope
411 |         var capturedInput: String?
412 | 
error: fatalError
