Filename                                                                                                   Regions    Missed Regions     Cover   Functions  Missed Functions  Executed       Lines      Missed Lines     Cover    Branches   Missed Branches     Cover
----------------------------------------------------------------------------------------------------------------------------------------------------------------------------------------------------------------------------------------------------------------------
.build/arm64-apple-macosx/debug/KeyPathAppKit.build/DerivedSources/resource_bundle_accessor.swift                5                 2    60.00%           3                 1    66.67%          15                 3    80.00%           0                 0         -
.build/arm64-apple-macosx/debug/KeyPathPackageTests.derived/runner.swift                                         9                 1    88.89%           2                 0   100.00%          17                 3    82.35%           0                 0         -
Sources/KeyPathAppKit/ActivityLogging/Models/ActivityEvent.swift                                                44                44     0.00%          10                10     0.00%          70                70     0.00%           0                 0         -
Sources/KeyPathAppKit/ActivityLogging/Models/ActivityReport.swift                                               20                20     0.00%          14                14     0.00%          71                71     0.00%           0                 0         -
Sources/KeyPathAppKit/ActivityLogging/Services/ActivityLogEncryption.swift                                      42                42     0.00%          10                10     0.00%         114               114     0.00%           0                 0         -
Sources/KeyPathAppKit/ActivityLogging/Services/ActivityLogStorage.swift                                         89                89     0.00%          30                30     0.00%         236               236     0.00%           0                 0         -
Sources/KeyPathAppKit/ActivityLogging/Services/ActivityLogger.swift                                             64                64     0.00%          35                35     0.00%         240               240     0.00%           0                 0         -
Sources/KeyPathAppKit/ActivityLogging/Services/ActivityReportGenerator.swift                                    37                37     0.00%          22                22     0.00%         144               144     0.00%           0                 0         -
Sources/KeyPathAppKit/ActivityLogging/UI/ActivityLoggingSettingsSection.swift                                   46                46     0.00%          31                31     0.00%         322               322     0.00%           0                 0         -
Sources/KeyPathAppKit/ActivityLogging/UI/ActivityOptInFlow.swift                                                27                27     0.00%          24                24     0.00%         320               320     0.00%           0                 0         -
Sources/KeyPathAppKit/ActivityLogging/UI/ActivityReportView.swift                                               45                45     0.00%          32                32     0.00%         568               568     0.00%           0                 0         -
Sources/KeyPathAppKit/App.swift                                                                                204               204     0.00%          89                89     0.00%        1563              1563     0.00%           0                 0         -
Sources/KeyPathAppKit/CLI/KeyPathCLI.swift                                                                     162               103    36.42%          22                10    54.55%         409               259    36.67%           0                 0         -
Sources/KeyPathAppKit/CLI/KeyPathCLIEntrypoint.swift                                                             5                 5     0.00%           1                 1     0.00%          13                13     0.00%           0                 0         -
Sources/KeyPathAppKit/Core/BlessDiagnostics.swift                                                               35                35     0.00%          13                13     0.00%         124               124     0.00%           0                 0         -
Sources/KeyPathAppKit/Core/Contracts/ConfigurationProviding.swift                                               18                17     5.56%           8                 7    12.50%          44                41     6.82%           0                 0         -
Sources/KeyPathAppKit/Core/Contracts/EngineClient.swift                                                         17                17     0.00%           3                 3     0.00%          20                20     0.00%           0                 0         -
Sources/KeyPathAppKit/Core/Contracts/EventProcessing.swift                                                       6                 6     0.00%           4                 4     0.00%          30                30     0.00%           0                 0         -
Sources/KeyPathAppKit/Core/Contracts/EventTapping.swift                                                          7                 7     0.00%           2                 2     0.00%          13                13     0.00%           0                 0         -
Sources/KeyPathAppKit/Core/Contracts/LifecycleControlling.swift                                                 11                11     0.00%           2                 2     0.00%          11                11     0.00%           0                 0         -
Sources/KeyPathAppKit/Core/Contracts/Logging.swift                                                              31                31     0.00%          11                11     0.00%          50                50     0.00%           0                 0         -
Sources/KeyPathAppKit/Core/Contracts/PermissionChecking.swift                                                   60                60     0.00%          22                22     0.00%         134               134     0.00%           0                 0         -
Sources/KeyPathAppKit/Core/Events/DefaultEventProcessor.swift                                                   36                36     0.00%          12                12     0.00%         135               135     0.00%           0                 0         -
Sources/KeyPathAppKit/Core/Events/EventRouter.swift                                                             53                53     0.00%          33                33     0.00%         183               183     0.00%           0                 0         -
Sources/KeyPathAppKit/Core/HelperManager+ConnectionLifecycle.swift                                              43                43     0.00%           9                 9     0.00%         164               164     0.00%           0                 0         -
Sources/KeyPathAppKit/Core/HelperManager+Installation.swift                                                     70                56    20.00%           4                 1    75.00%         177               117    33.90%           0                 0         -
Sources/KeyPathAppKit/Core/HelperManager+RequestHandlers.swift                                                  91                91     0.00%          49                49     0.00%         350               350     0.00%           0                 0         -
Sources/KeyPathAppKit/Core/HelperManager+Status.swift                                                          114                96    15.79%          25                20    20.00%         357               324     9.24%           0                 0         -
Sources/KeyPathAppKit/Core/HelperManager.swift                                                                  28                16    42.86%          11                 3    72.73%          44                21    52.27%           0                 0         -
Sources/KeyPathAppKit/Core/PrivilegedOperationsCoordinator.swift                                               305               233    23.61%          65                44    32.31%         742               506    31.81%           0                 0         -
Sources/KeyPathAppKit/Infrastructure/Config/ConfigurationService+Parsing.swift                                  22                 0   100.00%           2                 0   100.00%          59                 0   100.00%           0                 0         -
Sources/KeyPathAppKit/Infrastructure/Config/ConfigurationService+Validation.swift                               74                52    29.73%           9                 5    44.44%         239               181    24.27%           0                 0         -
Sources/KeyPathAppKit/Infrastructure/Config/ConfigurationService.swift                                         220                51    76.82%          72                18    75.00%         872               180    79.36%           0                 0         -
Sources/KeyPathAppKit/Infrastructure/Config/KanataBehaviorParser.swift                                          80                14    82.50%          10                 0   100.00%         198                 2    98.99%           0                 0         -
Sources/KeyPathAppKit/Infrastructure/Config/KanataBehaviorRenderer.swift                                        68                 8    88.24%          18                 4    77.78%         169                23    86.39%           0                 0         -
Sources/KeyPathAppKit/Infrastructure/Config/KanataConfigTokenizer.swift                                         19                 0   100.00%           2                 0   100.00%          36                 0   100.00%           0                 0         -
Sources/KeyPathAppKit/Infrastructure/Config/KanataConfiguration+AppSpecificKeys.swift                           20                15    25.00%           6                 5    16.67%          57                29    49.12%           0                 0         -
Sources/KeyPathAppKit/Infrastructure/Config/KanataConfiguration+BlockBuilders.swift                            180                20    88.89%          40                 5    87.50%         680                31    95.44%           0                 0         -
Sources/KeyPathAppKit/Infrastructure/Config/KanataConfiguration+Collections.swift                                3                 1    66.67%           3                 1    66.67%          32                 3    90.62%           0                 0         -
Sources/KeyPathAppKit/Infrastructure/Config/KanataConfiguration+GridFormatter.swift                             36                 1    97.22%          16                 1    93.75%          85                 1    98.82%           0                 0         -
Sources/KeyPathAppKit/Infrastructure/Config/KanataConfiguration+MappingGenerators.swift                         48                31    35.42%          19                12    36.84%         182                94    48.35%           0                 0         -
Sources/KeyPathAppKit/Infrastructure/Config/KanataConfiguration+Rendering.swift                                122                14    88.52%          17                 2    88.24%         369                30    91.87%           0                 0         -
Sources/KeyPathAppKit/Infrastructure/Config/KanataConfigurationGenerator.swift                                  26                 3    88.46%          14                 0   100.00%         134                 5    96.27%           0                 0         -
Sources/KeyPathAppKit/Infrastructure/Config/KanataDefchordsParser.swift                                         49                 8    83.67%          10                 0   100.00%          85                 6    92.94%           0                 0         -
Sources/KeyPathAppKit/Infrastructure/Config/TextToKanataKeyMapper.swift                                         40                 2    95.00%           4                 0   100.00%          57                 0   100.00%           0                 0         -
Sources/KeyPathAppKit/Infrastructure/Privileged/HelperBackedPrivilegedOperations.swift                          25                25     0.00%           5                 5     0.00%          61                61     0.00%           0                 0         -
Sources/KeyPathAppKit/Infrastructure/Privileged/PrivilegedOperationsProvider.swift                               4                 4     0.00%           1                 1     0.00%           6                 6     0.00%           0                 0         -
Sources/KeyPathAppKit/Infrastructure/Testing/MockPrivilegedOperations.swift                                      4                 4     0.00%           4                 4     0.00%           4                 4     0.00%           0                 0         -
Sources/KeyPathAppKit/InstallationWizard/Components/HelpSheets.swift                                            92                92     0.00%          77                77     0.00%        1945              1945     0.00%           0                 0         -
Sources/KeyPathAppKit/InstallationWizard/Components/HelperLogsView.swift                                         7                 7     0.00%           5                 5     0.00%          43                43     0.00%           0                 0         -
Sources/KeyPathAppKit/InstallationWizard/Components/PermissionCard.swift                                        37                37     0.00%          14                14     0.00%         228               228     0.00%           0                 0         -
Sources/KeyPathAppKit/InstallationWizard/Components/StatusIndicators.swift                                     109               109     0.00%          38                38     0.00%         535               535     0.00%           0                 0         -
Sources/KeyPathAppKit/InstallationWizard/Core/ActionDeterminer.swift                                            49                 6    87.76%           5                 0   100.00%         118                10    91.53%           0                 0         -
Sources/KeyPathAppKit/InstallationWizard/Core/AutoFixActionDescriptions.swift                                   38                38     0.00%           2                 2     0.00%          74                74     0.00%           0                 0         -
Sources/KeyPathAppKit/InstallationWizard/Core/InstallerEngine+Recipes.swift                                     63                 3    95.24%           8                 1    87.50%         263                 8    96.96%           0                 0         -
Sources/KeyPathAppKit/InstallationWizard/Core/InstallerEngine.swift                                            160                42    73.75%          38                 8    78.95%         557                87    84.38%           0                 0         -
Sources/KeyPathAppKit/InstallationWizard/Core/InstallerEngineTypes.swift                                        20                 6    70.00%          20                 6    70.00%          92                 8    91.30%           0                 0         -
Sources/KeyPathAppKit/InstallationWizard/Core/IssueGenerator.swift                                             193               193     0.00%          23                23     0.00%         534               534     0.00%           0                 0         -
Sources/KeyPathAppKit/InstallationWizard/Core/IssueSeverityInstallationStatusMapper.swift                       25                17    32.00%           8                 5    37.50%          30                19    36.67%           0                 0         -
Sources/KeyPathAppKit/InstallationWizard/Core/KanataBinaryDetector.swift                                        52                45    13.46%          11                 6    45.45%         161               123    23.60%           0                 0         -
Sources/KeyPathAppKit/InstallationWizard/Core/KanataBinaryInstaller.swift                                       62                47    24.19%          12                 6    50.00%         215               149    30.70%           0                 0         -
Sources/KeyPathAppKit/InstallationWizard/Core/KarabinerComponentsStatusEvaluator.swift                          47                27    42.55%           9                 4    55.56%         176                83    52.84%           0                 0         -
Sources/KeyPathAppKit/InstallationWizard/Core/PackageManager.swift                                             193                77    60.10%          46                16    65.22%         604               194    67.88%           0                 0         -
Sources/KeyPathAppKit/InstallationWizard/Core/PermissionGrantCoordinator.swift                                  87                87     0.00%          35                35     0.00%         424               424     0.00%           0                 0         -
Sources/KeyPathAppKit/InstallationWizard/Core/PlistGenerator.swift                                              10                 0   100.00%           5                 0   100.00%         160                 0   100.00%           0                 0         -
Sources/KeyPathAppKit/InstallationWizard/Core/PrivilegeBroker.swift                                             37                13    64.86%          19                 6    68.42%          59                20    66.10%           0                 0         -
Sources/KeyPathAppKit/InstallationWizard/Core/PrivilegedExecutor.swift                                          43                24    44.19%          14                 8    42.86%         158                84    46.84%           0                 0         -
Sources/KeyPathAppKit/InstallationWizard/Core/ServiceBootstrapper.swift                                        244               225     7.79%          42                31    26.19%         763               715     6.29%           0                 0         -
Sources/KeyPathAppKit/InstallationWizard/Core/ServiceHealthChecker.swift                                       112                66    41.07%          25                11    56.00%         376               194    48.40%           0                 0         -
Sources/KeyPathAppKit/InstallationWizard/Core/ServiceStatusEvaluator.swift                                      28                21    25.00%           4                 2    50.00%          48                37    22.92%           0                 0         -
Sources/KeyPathAppKit/InstallationWizard/Core/SystemContextAdapter.swift                                        90                 7    92.22%           8                 0   100.00%         412                17    95.87%           0                 0         -
Sources/KeyPathAppKit/InstallationWizard/Core/SystemRequirements.swift                                          81                11    86.42%          18                 0   100.00%         272                37    86.40%           0                 0         -
Sources/KeyPathAppKit/InstallationWizard/Core/ToastPresenting.swift                                              3                 3     0.00%           3                 3     0.00%           9                 9     0.00%           0                 0         -
Sources/KeyPathAppKit/InstallationWizard/Core/VHIDDeviceManager.swift                                          215               149    30.70%          53                35    33.96%         855               569    33.45%           0                 0         -
Sources/KeyPathAppKit/InstallationWizard/Core/WizardAsyncOperationManager.swift                                158               158     0.00%          49                49     0.00%         871               871     0.00%           0                 0         -
Sources/KeyPathAppKit/InstallationWizard/Core/WizardAutoFixer.swift                                             23                19    17.39%           9                 5    44.44%          78                60    23.08%           0                 0         -
Sources/KeyPathAppKit/InstallationWizard/Core/WizardAutoFixerManager.swift                                       7                 7     0.00%           5                 5     0.00%          22                22     0.00%           0                 0         -
Sources/KeyPathAppKit/InstallationWizard/Core/WizardLogger.swift                                                 7                 7     0.00%           2                 2     0.00%          34                34     0.00%           0                 0         -
Sources/KeyPathAppKit/InstallationWizard/Core/WizardNavigationEngine.swift                                     114                50    56.14%          26                 9    65.38%         281                88    68.68%           0                 0         -
Sources/KeyPathAppKit/InstallationWizard/Core/WizardNavigationHeuristics.swift                                   3                 0   100.00%           3                 0   100.00%           5                 0   100.00%           0                 0         -
Sources/KeyPathAppKit/InstallationWizard/Core/WizardOperationsUIExtension.swift                                 25                25     0.00%          12                12     0.00%         179               179     0.00%           0                 0         -
Sources/KeyPathAppKit/InstallationWizard/Core/WizardRouter.swift                                                58                 4    93.10%          10                 0   100.00%         156                 5    96.79%           0                 0         -
Sources/KeyPathAppKit/InstallationWizard/Core/WizardSleep.swift                                                  5                 2    60.00%           2                 1    50.00%          12                 6    50.00%           0                 0         -
Sources/KeyPathAppKit/InstallationWizard/Core/WizardStateInterpreter.swift                                     114               102    10.53%          52                44    15.38%         277               227    18.05%           0                 0         -
Sources/KeyPathAppKit/InstallationWizard/Core/WizardStateMachine.swift                                          95                54    43.16%          52                25    51.92%         300               182    39.33%           0                 0         -
Sources/KeyPathAppKit/InstallationWizard/Core/WizardTelemetry.swift                                             12                 1    91.67%           7                 0   100.00%          23                 1    95.65%           0                 0         -
Sources/KeyPathAppKit/InstallationWizard/Core/WizardWindowManager.swift                                         23                23     0.00%          11                11     0.00%         100               100     0.00%           0                 0         -
Sources/KeyPathAppKit/InstallationWizard/UI/Components/FDADetectionModals.swift                                 39                39     0.00%          28                28     0.00%         536               536     0.00%           0                 0         -
Sources/KeyPathAppKit/InstallationWizard/UI/Components/KeyboardNavigationModifier.swift                          7                 7     0.00%           5                 5     0.00%          38                38     0.00%           0                 0         -
Sources/KeyPathAppKit/InstallationWizard/UI/Components/SheetWindowModifier.swift                                23                23     0.00%          10                10     0.00%         164               164     0.00%           0                 0         -
Sources/KeyPathAppKit/InstallationWizard/UI/Components/StartConfirmationDialog.swift                            29                29     0.00%          29                29     0.00%         776               776     0.00%           0                 0         -
Sources/KeyPathAppKit/InstallationWizard/UI/Components/WizardActionSection.swift                                58                58     0.00%          17                17     0.00%         182               182     0.00%           0                 0         -
Sources/KeyPathAppKit/InstallationWizard/UI/Components/WizardButtonBar.swift                                    24                24     0.00%          15                15     0.00%         141               141     0.00%           0                 0         -
Sources/KeyPathAppKit/InstallationWizard/UI/Components/WizardErrorDisplay.swift                                 42                42     0.00%          25                25     0.00%         489               489     0.00%           0                 0         -
Sources/KeyPathAppKit/InstallationWizard/UI/Components/WizardHeroSection.swift                                  51                51     0.00%          23                23     0.00%         359               359     0.00%           0                 0         -
Sources/KeyPathAppKit/InstallationWizard/UI/Components/WizardNavigationControl.swift                            34                34     0.00%          19                19     0.00%         215               215     0.00%           0                 0         -
Sources/KeyPathAppKit/InstallationWizard/UI/Components/WizardPreflightView.swift                                 5                 5     0.00%           5                 5     0.00%          55                55     0.00%           0                 0         -
Sources/KeyPathAppKit/InstallationWizard/UI/Components/WizardProgressIndicator.swift                            33                33     0.00%          18                18     0.00%         324               324     0.00%           0                 0         -
Sources/KeyPathAppKit/InstallationWizard/UI/Components/WizardSystemStatusOverview.swift                        255               161    36.86%         104                69    33.65%        1158               713    38.43%           0                 0         -
Sources/KeyPathAppKit/InstallationWizard/UI/InstallationWizardView+Actions.swift                                90                90     0.00%          30                30     0.00%         499               499     0.00%           0                 0         -
Sources/KeyPathAppKit/InstallationWizard/UI/InstallationWizardView+Computed.swift                                7                 7     0.00%           3                 3     0.00%          17                17     0.00%           0                 0         -
Sources/KeyPathAppKit/InstallationWizard/UI/InstallationWizardView+Freshness.swift                               2                 2     0.00%           2                 2     0.00%           6                 6     0.00%           0                 0         -
Sources/KeyPathAppKit/InstallationWizard/UI/InstallationWizardView+KeyboardNavigation.swift                     14                14     0.00%           2                 2     0.00%          28                28     0.00%           0                 0         -
Sources/KeyPathAppKit/InstallationWizard/UI/InstallationWizardView+OperationProgress.swift                      41                41     0.00%           6                 6     0.00%          66                66     0.00%           0                 0         -
Sources/KeyPathAppKit/InstallationWizard/UI/InstallationWizardView+StateManagement.swift                        69                69     0.00%          23                23     0.00%         476               476     0.00%           0                 0         -
Sources/KeyPathAppKit/InstallationWizard/UI/InstallationWizardView+UIComponents.swift                           61                61     0.00%          33                33     0.00%         387               387     0.00%           0                 0         -
Sources/KeyPathAppKit/InstallationWizard/UI/InstallationWizardView+UnifiedRefresh.swift                        133               133     0.00%          52                52     0.00%         637               637     0.00%           0                 0         -
Sources/KeyPathAppKit/InstallationWizard/UI/InstallationWizardView.swift                                       100               100     0.00%          58                58     0.00%         507               507     0.00%           0                 0         -
Sources/KeyPathAppKit/InstallationWizard/UI/Pages/WizardAccessibilityPage.swift                                145               145     0.00%          63                63     0.00%        1522              1522     0.00%           0                 0         -
Sources/KeyPathAppKit/InstallationWizard/UI/Pages/WizardCommunicationPage.swift                                190               190     0.00%          68                68     0.00%        1060              1060     0.00%           0                 0         -
Sources/KeyPathAppKit/InstallationWizard/UI/Pages/WizardConflictsPage.swift                                    161               161     0.00%          62                62     0.00%        1394              1394     0.00%           0                 0         -
Sources/KeyPathAppKit/InstallationWizard/UI/Pages/WizardFullDiskAccessPage.swift                               119               119     0.00%          63                63     0.00%         963               963     0.00%           0                 0         -
Sources/KeyPathAppKit/InstallationWizard/UI/Pages/WizardHelperPage.swift                                       175               175     0.00%          82                82     0.00%        1015              1015     0.00%           0                 0         -
Sources/KeyPathAppKit/InstallationWizard/UI/Pages/WizardInputMonitoringPage.swift                              158               158     0.00%          77                77     0.00%        1642              1642     0.00%           0                 0         -
Sources/KeyPathAppKit/InstallationWizard/UI/Pages/WizardKanataComponentsPage.swift                             143               143     0.00%          53                53     0.00%         651               651     0.00%           0                 0         -
Sources/KeyPathAppKit/InstallationWizard/UI/Pages/WizardKanataMigrationPage.swift                              106               106     0.00%          49                49     0.00%         703               703     0.00%           0                 0         -
Sources/KeyPathAppKit/InstallationWizard/UI/Pages/WizardKanataServicePage.swift                                211               211     0.00%          57                57     0.00%         637               637     0.00%           0                 0         -
Sources/KeyPathAppKit/InstallationWizard/UI/Pages/WizardKarabinerComponentsPage.swift                          217               217     0.00%          80                80     0.00%        1107              1107     0.00%           0                 0         -
Sources/KeyPathAppKit/InstallationWizard/UI/Pages/WizardStopKanataPage.swift                                    54                54     0.00%          28                28     0.00%         462               462     0.00%           0                 0         -
Sources/KeyPathAppKit/InstallationWizard/UI/Pages/WizardSummaryPage.swift                                      141               138     2.13%          47                46     2.13%         747               743     0.54%           0                 0         -
Sources/KeyPathAppKit/InstallationWizard/UI/WizardDesignSystem.swift                                           283               283     0.00%         112               112     0.00%        1307              1307     0.00%           0                 0         -
Sources/KeyPathAppKit/InstallationWizard/UI/WizardToastManager.swift                                            74                74     0.00%          30                30     0.00%         310               310     0.00%           0                 0         -
Sources/KeyPathAppKit/InstallationWizard/UI/WizardWindowController.swift                                        33                33     0.00%          15                15     0.00%         175               175     0.00%           0                 0         -
Sources/KeyPathAppKit/Managers/Configuration/ConfigurationManager.swift                                         90                87     3.33%          19                17    10.53%         332               316     4.82%           0                 0         -
Sources/KeyPathAppKit/Managers/Diagnostics/DiagnosticsManager.swift                                             52                45    13.46%          17                11    35.29%         252               229     9.13%           0                 0         -
Sources/KeyPathAppKit/Managers/HelperMaintenance.swift                                                         117                56    52.14%          29                 9    68.97%         313               112    64.22%           0                 0         -
Sources/KeyPathAppKit/Managers/InstallationCoordinator.swift                                                    43                42     2.33%          11                10     9.09%         134               133     0.75%           0                 0         -
Sources/KeyPathAppKit/Managers/KanataDaemonManager.swift                                                       161               115    28.57%          36                16    55.56%         624               464    25.64%           0                 0         -
Sources/KeyPathAppKit/Managers/Process/ProcessCoordinator.swift                                                 28                27     3.57%          10                 9    10.00%          87                82     5.75%           0                 0         -
Sources/KeyPathAppKit/Managers/Process/ProcessManager.swift                                                     55                54     1.82%          12                11     8.33%         196               192     2.04%           0                 0         -
Sources/KeyPathAppKit/Managers/RecoveryCoordinator.swift                                                        55                53     3.64%          17                15    11.76%         171               160     6.43%           0                 0         -
Sources/KeyPathAppKit/Managers/RuleCollectionsCoordinator.swift                                                 30                26    13.33%          28                24    14.29%         128               112    12.50%           0                 0         -
Sources/KeyPathAppKit/Managers/RuntimeCoordinator+ConfigHotReload.swift                                         20                20     0.00%          10                10     0.00%          93                93     0.00%           0                 0         -
Sources/KeyPathAppKit/Managers/RuntimeCoordinator+ConfigMaintenance.swift                                       26                21    19.23%           7                 5    28.57%          79                52    34.18%           0                 0         -
Sources/KeyPathAppKit/Managers/RuntimeCoordinator+Configuration.swift                                           58                49    15.52%          19                16    15.79%         152               122    19.74%           0                 0         -
Sources/KeyPathAppKit/Managers/RuntimeCoordinator+ConflictResolution.swift                                       3                 3     0.00%           3                 3     0.00%          21                21     0.00%           0                 0         -
Sources/KeyPathAppKit/Managers/RuntimeCoordinator+Diagnostics.swift                                             16                13    18.75%           7                 4    42.86%          57                45    21.05%           0                 0         -
Sources/KeyPathAppKit/Managers/RuntimeCoordinator+Lifecycle.swift                                               16                16     0.00%           5                 5     0.00%          61                61     0.00%           0                 0         -
Sources/KeyPathAppKit/Managers/RuntimeCoordinator+RuleCollections.swift                                         24                24     0.00%          24                24     0.00%          75                75     0.00%           0                 0         -
Sources/KeyPathAppKit/Managers/RuntimeCoordinator+ServiceManagement.swift                                       28                28     0.00%          13                13     0.00%         103               103     0.00%           0                 0         -
Sources/KeyPathAppKit/Managers/RuntimeCoordinator+State.swift                                                   10                 4    60.00%           9                 3    66.67%          54                 9    83.33%           0                 0         -
Sources/KeyPathAppKit/Managers/RuntimeCoordinator.swift                                                        191               134    29.84%         114                74    35.09%         791               451    42.98%           0                 0         -
Sources/KeyPathAppKit/Managers/SaveCoordinator.swift                                                            57                34    40.35%          29                17    41.38%         239               143    40.17%           0                 0         -
Sources/KeyPathAppKit/Managers/UninstallCoordinator.swift                                                       84                36    57.14%          17                 5    70.59%         233                76    67.38%           0                 0         -
Sources/KeyPathAppKit/MenuBar/MenuBarController.swift                                                           82                82     0.00%          38                38     0.00%         423               423     0.00%           0                 0         -
Sources/KeyPathAppKit/Models/ANSIPositionTable.swift                                                            88                31    64.77%           3                 2    33.33%         116                10    91.38%           0                 0         -
Sources/KeyPathAppKit/Models/AppKeyMapping.swift                                                                21                 1    95.24%          15                 1    93.33%          77                 1    98.70%           0                 0         -
Sources/KeyPathAppKit/Models/ChordGroupConfig.swift                                                              4                 2    50.00%           4                 2    50.00%          13                 4    69.23%           0                 0         -
Sources/KeyPathAppKit/Models/ChordGroupsConfig.swift                                                           178                43    75.84%          70                20    71.43%         380                69    81.84%           0                 0         -
Sources/KeyPathAppKit/Models/ConfigApplyTypes.swift                                                              2                 0   100.00%           2                 0   100.00%          14                 0   100.00%           0                 0         -
Sources/KeyPathAppKit/Models/CustomLayoutStore.swift                                                             7                 1    85.71%           3                 0   100.00%          23                 2    91.30%           0                 0         -
Sources/KeyPathAppKit/Models/CustomRule.swift                                                                   36                 3    91.67%          13                 3    76.92%          75                 5    93.33%           0                 0         -
Sources/KeyPathAppKit/Models/CustomRuleValidator.swift                                                         154                71    53.90%          35                17    51.43%         355               131    63.10%           0                 0         -
Sources/KeyPathAppKit/Models/GMKColorway.swift                                                                  36                36     0.00%          14                14     0.00%          64                64     0.00%           0                 0         -
Sources/KeyPathAppKit/Models/HomeRowLayerTogglesConfig.swift                                                    16                15     6.25%           4                 3    25.00%          26                18    30.77%           0                 0         -
Sources/KeyPathAppKit/Models/HomeRowModsConfig.swift                                                            30                13    56.67%          11                 7    36.36%          51                18    64.71%           0                 0         -
Sources/KeyPathAppKit/Models/ISOPositionTable.swift                                                             91                80    12.09%           3                 2    33.33%         112                10    91.07%           0                 0         -
Sources/KeyPathAppKit/Models/KanataUIState.swift                                                                13                13     0.00%           2                 2     0.00%          15                15     0.00%           0                 0         -
Sources/KeyPathAppKit/Models/KeyMapping.swift                                                                   25                 1    96.00%           7                 1    85.71%          40                 1    97.50%           0                 0         -
Sources/KeyPathAppKit/Models/KeySequence.swift                                                                 110                93    15.45%          18                12    33.33%         194               107    44.85%           0                 0         -
Sources/KeyPathAppKit/Models/KeyboardMetadata.swift                                                              5                 5     0.00%           5                 5     0.00%          21                21     0.00%           0                 0         -
Sources/KeyPathAppKit/Models/Kinesis360KeyMap.swift                                                             80                80     0.00%           1                 1     0.00%         103               103     0.00%           0                 0         -
Sources/KeyPathAppKit/Models/LeaderKeyPreference.swift                                                           1                 0   100.00%           1                 0   100.00%           5                 0   100.00%           0                 0         -
Sources/KeyPathAppKit/Models/LiveKeyboardState.swift                                                            18                18     0.00%          13                13     0.00%          54                54     0.00%           0                 0         -
Sources/KeyPathAppKit/Models/LogicalKeymap.swift                                                                38                14    63.16%          15                 9    40.00%          95                42    55.79%           0                 0         -
Sources/KeyPathAppKit/Models/MappingBehavior.swift                                                              76                13    82.89%          31                 3    90.32%         178                15    91.57%           0                 0         -
Sources/KeyPathAppKit/Models/PhysicalLayout+Builtins.swift                                                     111                23    79.28%          29                11    62.07%        1363               110    91.93%           0                 0         -
Sources/KeyPathAppKit/Models/PhysicalLayout.swift                                                               23                13    43.48%          11                 5    54.55%         125                45    64.00%           0                 0         -
Sources/KeyPathAppKit/Models/PhysicalLayoutTypes.swift                                                          12                 5    58.33%           8                 5    37.50%          44                 7    84.09%           0                 0         -
Sources/KeyPathAppKit/Models/QMKLayoutParser.swift                                                              40                14    65.00%          12                 3    75.00%         111                26    76.58%           0                 0         -
Sources/KeyPathAppKit/Models/RuleCollectionConfiguration.swift                                                 177                33    81.36%          48                 8    83.33%         347                44    87.32%           0                 0         -
Sources/KeyPathAppKit/Models/RuleCollectionDeduplicator.swift                                                   27                 0   100.00%           8                 0   100.00%         124                 0   100.00%           0                 0         -
Sources/KeyPathAppKit/Models/RuleCollectionModels.swift                                                        156                62    60.26%          39                16    58.97%         269                90    66.54%           0                 0         -
Sources/KeyPathAppKit/Models/SequencesConfig.swift                                                              46                14    69.57%          21                 5    76.19%         123                20    83.74%           0                 0         -
Sources/KeyPathAppKit/Models/SimpleModsModels.swift                                                              4                 2    50.00%           4                 2    50.00%          30                14    53.33%           0                 0         -
Sources/KeyPathAppKit/Models/SimulationModels.swift                                                             90                64    28.89%          13                10    23.08%         145               101    30.34%           0                 0         -
Sources/KeyPathAppKit/Models/VirtualKey.swift                                                                   74                 9    87.84%          11                 0   100.00%         150                 6    96.00%           0                 0         -
Sources/KeyPathAppKit/Services/AI/AICostTracker.swift                                                           18                11    38.89%          16                 9    43.75%          80                54    32.50%           0                 0         -
Sources/KeyPathAppKit/Services/AI/APIKeyValidator.swift                                                         40                30    25.00%          12                 5    58.33%         116                93    19.83%           0                 0         -
Sources/KeyPathAppKit/Services/AI/AnthropicConfigRepairService.swift                                            22                21     4.55%           5                 4    20.00%         127               122     3.94%           0                 0         -
Sources/KeyPathAppKit/Services/AI/BiometricAuthService.swift                                                    47                33    29.79%          11                 2    81.82%         123                89    27.64%           0                 0         -
Sources/KeyPathAppKit/Services/AI/ConfigRepairService.swift                                                      2                 2     0.00%           2                 2     0.00%           5                 5     0.00%           0                 0         -
Sources/KeyPathAppKit/Services/ActionDispatcher.swift                                                          234               170    27.35%          50                35    30.00%         930               561    39.68%           0                 0         -
Sources/KeyPathAppKit/Services/AppConfigGenerator.swift                                                         91                33    63.74%          27                12    55.56%         322               121    62.42%           0                 0         -
Sources/KeyPathAppKit/Services/AppContextService.swift                                                          50                45    10.00%          24                19    20.83%         167               162     2.99%           0                 0         -
Sources/KeyPathAppKit/Services/AppIconResolver.swift                                                            64                64     0.00%          11                11     0.00%         149               149     0.00%           0                 0         -
Sources/KeyPathAppKit/Services/AppKeymapStore.swift                                                             45                 2    95.56%          21                 2    90.48%         151                 4    97.35%           0                 0         -
Sources/KeyPathAppKit/Services/BrowserHistoryScanner.swift                                                     217               217     0.00%          44                44     0.00%         523               523     0.00%           0                 0         -
Sources/KeyPathAppKit/Services/CGSPrivate.swift                                                                 76                48    36.84%          21                 9    57.14%         208               127    38.94%           0                 0         -
Sources/KeyPathAppKit/Services/ConfigBackupManager.swift                                                        71                37    47.89%          18                 6    66.67%         209                90    56.94%           0                 0         -
Sources/KeyPathAppKit/Services/ConfigFileWatcher.swift                                                         139                74    46.76%          51                21    58.82%         522               268    48.66%           0                 0         -
Sources/KeyPathAppKit/Services/ConfigHotReloadService.swift                                                     42                12    71.43%          15                 3    80.00%         140                34    75.71%           0                 0         -
Sources/KeyPathAppKit/Services/CustomRulesStore.swift                                                           18                 1    94.44%           5                 1    80.00%          51                 3    94.12%           0                 0         -
Sources/KeyPathAppKit/Services/DiagnosticsService.swift                                                        133                78    41.35%          34                21    38.24%         593               353    40.47%           0                 0         -
Sources/KeyPathAppKit/Services/EventTapController.swift                                                         20                20     0.00%           8                 8     0.00%          63                63     0.00%           0                 0         -
Sources/KeyPathAppKit/Services/ExternalKanataService.swift                                                      44                44     0.00%           9                 9     0.00%         127               127     0.00%           0                 0         -
Sources/KeyPathAppKit/Services/FaviconFetcher.swift                                                            125               125     0.00%          40                40     0.00%         393               393     0.00%           0                 0         -
Sources/KeyPathAppKit/Services/FaviconLoader.swift                                                              41                41     0.00%          14                14     0.00%         108               108     0.00%           0                 0         -
Sources/KeyPathAppKit/Services/FeatureTipManager.swift                                                          42                42     0.00%          21                21     0.00%          96                96     0.00%           0                 0         -
Sources/KeyPathAppKit/Services/FullDiskAccessChecker.swift                                                      20                 5    75.00%           8                 1    87.50%          53                 8    84.91%           0                 0         -
Sources/KeyPathAppKit/Services/GlobalHotkeyService.swift                                                        42                42     0.00%          18                18     0.00%         146               146     0.00%           0                 0         -
Sources/KeyPathAppKit/Services/IconResolverService.swift                                                        59                45    23.73%          19                14    26.32%         157               126    19.75%           0                 0         -
Sources/KeyPathAppKit/Services/InputSourceDetector.swift                                                        59                34    42.37%          19                15    21.05%         143               100    30.07%           0                 0         -
Sources/KeyPathAppKit/Services/KanataConfigGenerator.swift                                                      77                72     6.49%          13                12     7.69%         310               302     2.58%           0                 0         -
Sources/KeyPathAppKit/Services/KanataConfigMigrationService.swift                                               80                25    68.75%          13                 1    92.31%         172                36    79.07%           0                 0         -
Sources/KeyPathAppKit/Services/KanataErrorMonitor.swift                                                        117               117     0.00%          46                46     0.00%         338               338     0.00%           0                 0         -
Sources/KeyPathAppKit/Services/KanataEventListener.swift                                                       203               152    25.12%          48                31    35.42%         641               480    25.12%           0                 0         -
Sources/KeyPathAppKit/Services/KanataService.swift                                                             174                81    53.45%          42                20    52.38%         445               182    59.10%           0                 0         -
Sources/KeyPathAppKit/Services/KanataTCPClient+Connection.swift                                                 61                44    27.87%          12                 6    50.00%         308                86    72.08%           0                 0         -
Sources/KeyPathAppKit/Services/KanataTCPClient+Operations.swift                                                118               113     4.24%          27                26     3.70%         428               414     3.27%           0                 0         -
Sources/KeyPathAppKit/Services/KanataTCPClient+Parsing.swift                                                    54                47    12.96%           9                 6    33.33%         130               104    20.00%           0                 0         -
Sources/KeyPathAppKit/Services/KanataTCPClient+Protocol.swift                                                   19                12    36.84%           7                 6    14.29%          40                27    32.50%           0                 0         -
Sources/KeyPathAppKit/Services/KanataTCPClient+Transport.swift                                                  95                88     7.37%          20                17    15.00%         611               574     6.06%           0                 0         -
Sources/KeyPathAppKit/Services/KanataTCPClient.swift                                                            45                21    53.33%          20                 6    70.00%          76                35    53.95%           0                 0         -
Sources/KeyPathAppKit/Services/KarabinerConflictService.swift                                                  117               110     5.98%          39                32    17.95%         712               699     1.83%           0                 0         -
Sources/KeyPathAppKit/Services/KeyboardCapture+Emergency.swift                                                  28                22    21.43%           6                 4    33.33%         113               102     9.73%           0                 0         -
Sources/KeyPathAppKit/Services/KeyboardCapture+TCP.swift                                                        25                25     0.00%           6                 6     0.00%         107               107     0.00%           0                 0         -
Sources/KeyPathAppKit/Services/KeyboardCapture.swift                                                           233               192    17.60%          64                41    35.94%         853               738    13.48%           0                 0         -
Sources/KeyPathAppKit/Services/KeyboardTypeDetector.swift                                                       30                30     0.00%           6                 6     0.00%          80                80     0.00%           0                 0         -
Sources/KeyPathAppKit/Services/KeychainService.swift                                                            58                42    27.59%          26                15    42.31%         208               164    21.15%           0                 0         -
Sources/KeyPathAppKit/Services/KeymapMappingGenerator.swift                                                     26                 3    88.46%           4                 0   100.00%          86                 2    97.67%           0                 0         -
Sources/KeyPathAppKit/Services/LayerInfo.swift                                                                  32                32     0.00%           4                 4     0.00%          78                78     0.00%           0                 0         -
Sources/KeyPathAppKit/Services/LayerKeyMapper+Collections.swift                                                 15                11    26.67%           2                 0   100.00%          41                21    48.78%           0                 0         -
Sources/KeyPathAppKit/Services/LayerKeyMapper+Helpers.swift                                                     59                17    71.19%          12                 4    66.67%         119                23    80.67%           0                 0         -
Sources/KeyPathAppKit/Services/LayerKeyMapper+KeyConversion.swift                                              130                48    63.08%           8                 1    87.50%         169                 3    98.22%           0                 0         -
Sources/KeyPathAppKit/Services/LayerKeyMapper+Simulation.swift                                                 172                80    53.49%          31                11    64.52%         510               193    62.16%           0                 0         -
Sources/KeyPathAppKit/Services/LayerKeyMapper.swift                                                             44                28    36.36%          19                10    47.37%         255               161    36.86%           0                 0         -
Sources/KeyPathAppKit/Services/MainAppStateController.swift                                                    177               155    12.43%          40                27    32.50%         686               569    17.06%           0                 0         -
Sources/KeyPathAppKit/Services/OrphanDetector.swift                                                             69                66     4.35%          17                15    11.76%         240               231     3.75%           0                 0         -
Sources/KeyPathAppKit/Services/PermissionGate.swift                                                             75                56    25.33%          10                 8    20.00%         166               122    26.51%           0                 0         -
Sources/KeyPathAppKit/Services/PermissionRequestService.swift                                                   33                33     0.00%          11                11     0.00%          79                79     0.00%           0                 0         -
Sources/KeyPathAppKit/Services/PermissionService.swift                                                          11                11     0.00%          10                10     0.00%          43                43     0.00%           0                 0         -
Sources/KeyPathAppKit/Services/PreferencesService.swift                                                         20                 7    65.00%          16                 5    68.75%          81                17    79.01%           0                 0         -
Sources/KeyPathAppKit/Services/ProcessKiller.swift                                                               8                 8     0.00%           1                 1     0.00%          18                18     0.00%           0                 0         -
Sources/KeyPathAppKit/Services/QMKImportService.swift                                                           75                35    53.33%          15                 4    73.33%         218                57    73.85%           0                 0         -
Sources/KeyPathAppKit/Services/QMKKeyboardDatabase.swift                                                        76                76     0.00%          31                31     0.00%         285               285     0.00%           0                 0         -
Sources/KeyPathAppKit/Services/RecentKeypressesService.swift                                                    68                29    57.35%          30                 7    76.67%         208                60    71.15%           0                 0         -
Sources/KeyPathAppKit/Services/ReloadSafetyMonitor.swift                                                        56                50    10.71%          19                13    31.58%         161               155     3.73%           0                 0         -
Sources/KeyPathAppKit/Services/RuleCollectionCatalog.swift                                                      43                 2    95.35%          27                 1    96.30%         781                25    96.80%           0                 0         -
Sources/KeyPathAppKit/Services/RuleCollectionStore.swift                                                        19                 1    94.74%           8                 0   100.00%          52                 4    92.31%           0                 0         -
Sources/KeyPathAppKit/Services/RuleCollectionsManager+Bootstrap.swift                                           20                13    35.00%           6                 2    66.67%          84                46    45.24%           0                 0         -
Sources/KeyPathAppKit/Services/RuleCollectionsManager+ConflictDetection.swift                                   45                11    75.56%          10                 1    90.00%          69                10    85.51%           0                 0         -
Sources/KeyPathAppKit/Services/RuleCollectionsManager+ConflictResolution.swift                                   5                 0   100.00%           1                 0   100.00%           8                 0   100.00%           0                 0         -
Sources/KeyPathAppKit/Services/RuleCollectionsManager+EventMonitoring.swift                                     40                38     5.00%          24                23     4.17%         369               363     1.63%           0                 0         -
Sources/KeyPathAppKit/Services/RuleCollectionsManager+Helpers.swift                                              3                 1    66.67%           1                 0   100.00%           6                 2    66.67%           0                 0         -
Sources/KeyPathAppKit/Services/RuleCollectionsManager+Keymap.swift                                              23                22     4.35%           8                 7    12.50%          95                90     5.26%           0                 0         -
Sources/KeyPathAppKit/Services/RuleCollectionsManager+Migrations.swift                                          39                13    66.67%          12                 2    83.33%         127                43    66.14%           0                 0         -
Sources/KeyPathAppKit/Services/RuleCollectionsManager+PublicAPI.swift                                          199               144    27.64%          77                57    25.97%         695               508    26.91%           0                 0         -
Sources/KeyPathAppKit/Services/RuleCollectionsManager.swift                                                     14                 0   100.00%          10                 0   100.00%          27                 0   100.00%           0                 0         -
Sources/KeyPathAppKit/Services/SafetyAlertPresenter.swift                                                        4                 4     0.00%           1                 1     0.00%          18                18     0.00%           0                 0         -
Sources/KeyPathAppKit/Services/SafetyTimeoutService.swift                                                        4                 0   100.00%           2                 0   100.00%          24                 0   100.00%           0                 0         -
Sources/KeyPathAppKit/Services/ScriptSecurityService.swift                                                      40                 3    92.50%          24                 2    91.67%         102                 3    97.06%           0                 0         -
Sources/KeyPathAppKit/Services/ServiceHealthMonitor.swift                                                      100                31    69.00%          40                 2    95.00%         335                90    73.13%           0                 0         -
Sources/KeyPathAppKit/Services/SimpleModsCatalog.swift                                                          10                10     0.00%           6                 6     0.00%         102               102     0.00%           0                 0         -
Sources/KeyPathAppKit/Services/SimpleModsParser.swift                                                           86                14    83.72%          26                 7    73.08%         238                33    86.13%           0                 0         -
Sources/KeyPathAppKit/Services/SimpleModsService.swift                                                          80                80     0.00%          29                29     0.00%         330               330     0.00%           0                 0         -
Sources/KeyPathAppKit/Services/SimpleModsWriter.swift                                                           65                12    81.54%           9                 2    77.78%         162                18    88.89%           0                 0         -
Sources/KeyPathAppKit/Services/SimulatorService.swift                                                           50                29    42.00%          13                 4    69.23%         181                76    58.01%           0                 0         -
Sources/KeyPathAppKit/Services/StartupCoordinator.swift                                                         22                22     0.00%          12                12     0.00%          71                71     0.00%           0                 0         -
Sources/KeyPathAppKit/Services/StatePublisherService.swift                                                      14                 0   100.00%           8                 0   100.00%          52                 0   100.00%           0                 0         -
Sources/KeyPathAppKit/Services/SystemRequirementsChecker.swift                                                  81                71    12.35%          33                26    21.21%         227               194    14.54%           0                 0         -
Sources/KeyPathAppKit/Services/SystemValidator.swift                                                            88                78    11.36%          42                36    14.29%         732               668     8.74%           0                 0         -
Sources/KeyPathAppKit/Services/TCPEngineClient.swift                                                             9                 8    11.11%           4                 3    25.00%          21                18    14.29%           0                 0         -
Sources/KeyPathAppKit/Services/TypingSoundsManager.swift                                                        66                66     0.00%          24                24     0.00%         196               196     0.00%           0                 0         -
Sources/KeyPathAppKit/Services/URLMappingFormatter.swift                                                        14                 7    50.00%           6                 3    50.00%          29                 9    68.97%           0                 0         -
Sources/KeyPathAppKit/Services/UpdateService.swift                                                              31                31     0.00%          20                20     0.00%         149               149     0.00%           0                 0         -
Sources/KeyPathAppKit/Services/UserFeedbackService.swift                                                         1                 1     0.00%           1                 1     0.00%           7                 7     0.00%           0                 0         -
Sources/KeyPathAppKit/Services/UserNotificationService.swift                                                    63                55    12.70%          21                16    23.81%         218               202     7.34%           0                 0         -
Sources/KeyPathAppKit/Services/WindowManager.swift                                                             159               157     1.26%          40                38     5.00%         482               478     0.83%           0                 0         -
Sources/KeyPathAppKit/Services/WordlistStore.swift                                                              16                 8    50.00%          12                 5    58.33%          46                21    54.35%           0                 0         -
Sources/KeyPathAppKit/UI/AIKeyRequiredDialog.swift                                                              67                64     4.48%          48                45     6.25%         566               557     1.59%           0                 0         -
Sources/KeyPathAppKit/UI/AboutView.swift                                                                       138               138     0.00%          78                78     0.00%        1127              1127     0.00%           0                 0         -
Sources/KeyPathAppKit/UI/Components/DraggableAreaView.swift                                                      2                 2     0.00%           2                 2     0.00%          12                12     0.00%           0                 0         -
Sources/KeyPathAppKit/UI/Components/MapperToolbar.swift                                                         25                25     0.00%           8                 8     0.00%         114               114     0.00%           0                 0         -
Sources/KeyPathAppKit/UI/Components/SystemStatusIndicator.swift                                                134               134     0.00%          39                39     0.00%         592               592     0.00%           0                 0         -
Sources/KeyPathAppKit/UI/Components/TitlebarHeaderAccessory.swift                                                2                 2     0.00%           2                 2     0.00%          33                33     0.00%           0                 0         -
Sources/KeyPathAppKit/UI/Components/WindowControlsView.swift                                                     7                 7     0.00%           7                 7     0.00%          46                46     0.00%           0                 0         -
Sources/KeyPathAppKit/UI/ContentView+Orchestration.swift                                                        86                86     0.00%          43                43     0.00%         515               515     0.00%           0                 0         -
Sources/KeyPathAppKit/UI/ContentView+Recording.swift                                                            84                84     0.00%          25                25     0.00%         238               238     0.00%           0                 0         -
Sources/KeyPathAppKit/UI/ContentView+Subviews.swift                                                             74                74     0.00%          43                43     0.00%         819               819     0.00%           0                 0         -
Sources/KeyPathAppKit/UI/ContentView.swift                                                                     176               176     0.00%         127               127     0.00%         937               937     0.00%           0                 0         -
Sources/KeyPathAppKit/UI/ContentView/ContentViewHeader.swift                                                     9                 9     0.00%           6                 6     0.00%         174               174     0.00%           0                 0         -
Sources/KeyPathAppKit/UI/ContentView/DiagnosticSummarySection.swift                                             16                16     0.00%          10                10     0.00%         172               172     0.00%           0                 0         -
Sources/KeyPathAppKit/UI/ContentView/DiagnosticSummaryView.swift                                                22                22     0.00%           8                 8     0.00%         257               257     0.00%           0                 0         -
Sources/KeyPathAppKit/UI/ContentView/LayerStatusIndicator.swift                                                  9                 9     0.00%           3                 3     0.00%          30                30     0.00%           0                 0         -
Sources/KeyPathAppKit/UI/ContentView/RecordingSection.swift                                                     33                33     0.00%          13                13     0.00%         336               336     0.00%           0                 0         -
Sources/KeyPathAppKit/UI/ContentView/StatusMessageView.swift                                                    56                56     0.00%          30                30     0.00%         159               159     0.00%           0                 0         -
Sources/KeyPathAppKit/UI/EmergencyStopDialog.swift                                                              43                43     0.00%          19                19     0.00%         796               796     0.00%           0                 0         -
Sources/KeyPathAppKit/UI/EmergencyStopPauseCard.swift                                                           19                19     0.00%          12                12     0.00%         296               296     0.00%           0                 0         -
Sources/KeyPathAppKit/UI/Experimental/InputCaptureExperiment.swift                                             231               231     0.00%         115               115     0.00%        1295              1295     0.00%           0                 0         -
Sources/KeyPathAppKit/UI/Experimental/Mapper/AdvancedBehaviorManager.swift                                      75                56    25.33%          57                38    33.33%         148               129    12.84%           0                 0         -
Sources/KeyPathAppKit/UI/Experimental/Mapper/AppConditionManager.swift                                          21                20     4.76%          13                12     7.69%         119               118     0.84%           0                 0         -
Sources/KeyPathAppKit/UI/Experimental/Mapper/KeyMappingFormatter.swift                                          18                17     5.56%           5                 4    20.00%          54                48    11.11%           0                 0         -
Sources/KeyPathAppKit/UI/Experimental/Mapper/MapperActionTypes.swift                                            23                 0   100.00%          13                 0   100.00%          56                 0   100.00%           0                 0         -
Sources/KeyPathAppKit/UI/Experimental/MapperKeycapViews.swift                                                  250               250     0.00%         105               105     0.00%        1018              1018     0.00%           0                 0         -
Sources/KeyPathAppKit/UI/Experimental/MapperView+Components.swift                                              253               253     0.00%         132               132     0.00%        2005              2005     0.00%           0                 0         -
Sources/KeyPathAppKit/UI/Experimental/MapperView+Inspector.swift                                                87                87     0.00%          49                49     0.00%         847               847     0.00%           0                 0         -
Sources/KeyPathAppKit/UI/Experimental/MapperView.swift                                                          63                63     0.00%          46                46     0.00%         497               497     0.00%           0                 0         -
Sources/KeyPathAppKit/UI/Experimental/MapperViewModel+AppCondition.swift                                         3                 3     0.00%           3                 3     0.00%           9                 9     0.00%           0                 0         -
Sources/KeyPathAppKit/UI/Experimental/MapperViewModel+AppKeymapIntegration.swift                                33                33     0.00%           4                 4     0.00%         105               105     0.00%           0                 0         -
Sources/KeyPathAppKit/UI/Experimental/MapperViewModel+ConflictResolution.swift                                 267               263     1.50%          59                58     1.69%        1068              1041     2.53%           0                 0         -
Sources/KeyPathAppKit/UI/Experimental/MapperViewModel+KanataFormat.swift                                         7                 7     0.00%           3                 3     0.00%          19                19     0.00%           0                 0         -
[...]
Tests/KeyPathTests/RuleCollections/RuleCollectionDeduplicatorTests.swift                                        51                 0   100.00%          51                 0   100.00%         281                 0   100.00%           0                 0         -
Tests/KeyPathTests/RuleCollections/RuleCollectionStoreTests.swift                                               41                 5    87.80%          31                 4    87.10%         138                 6    95.65%           0                 0         -
Tests/KeyPathTests/RuleCollections/RuleCollectionsManagerTests.swift                                           202                42    79.21%         186                42    77.42%         663                42    93.67%           0                 0         -
Tests/KeyPathTests/RuntimeCoordinatorResetTests.swift                                                           17                 8    52.94%          15                 8    46.67%          51                 8    84.31%           0                 0         -
Tests/KeyPathTests/RuntimeCoordinatorTests.swift                                                                43                12    72.09%          42                11    73.81%         116                16    86.21%           0                 0         -
Tests/KeyPathTests/Services/ActionDispatcherTests.swift                                                         72                12    83.33%          49                 0   100.00%         430                20    95.35%           0                 0         -
Tests/KeyPathTests/Services/ConfigFileWatcherTests.swift                                                         8                 0   100.00%           4                 0   100.00%          28                 0   100.00%           0                 0         -
Tests/KeyPathTests/Services/ConfigHotReloadServiceTests.swift                                                   86                29    66.28%          79                29    63.29%         287                32    88.85%           0                 0         -
Tests/KeyPathTests/Services/ConfigurationServiceTests.swift                                                    618               192    68.93%         547               181    66.91%        1839               213    88.42%           0                 0         -
Tests/KeyPathTests/Services/DiagnosticsServiceTests.swift                                                      157                 1    99.36%         155                 1    99.35%         356                 1    99.72%           0                 0         -
Tests/KeyPathTests/Services/FullDiskAccessCheckerTests.swift                                                    21                 2    90.48%          20                 2    90.00%          66                 2    96.97%           0                 0         -
Tests/KeyPathTests/Services/IconResolverServiceTests.swift                                                      49                 1    97.96%          47                 1    97.87%          98                 1    98.98%           0                 0         -
Tests/KeyPathTests/Services/KanataBinaryInstallerTests.swift                                                    28                 8    71.43%          26                 8    69.23%          63                 8    87.30%           0                 0         -
Tests/KeyPathTests/Services/KanataConfigMigrationServiceTests.swift                                             61                14    77.05%          37                10    72.97%         205                18    91.22%           0                 0         -
Tests/KeyPathTests/Services/KanataEventListenerTests.swift                                                      57                11    80.70%          55                11    80.00%         175                11    93.71%           0                 0         -
Tests/KeyPathTests/Services/KanataServiceIntegrationTests.swift                                                 58                11    81.03%          39                 6    84.62%         181                12    93.37%           0                 0         -
Tests/KeyPathTests/Services/KeychainServiceTests.swift                                                          11                 4    63.64%          10                 4    60.00%          33                 4    87.88%           0                 0         -
Tests/KeyPathTests/Services/LayerKeyMapperCollectionTests.swift                                                 71                55    22.54%          51                39    23.53%         330               277    16.06%           0                 0         -
Tests/KeyPathTests/Services/LayerKeyMapperLabelTests.swift                                                      27                 6    77.78%          22                 5    77.27%          54                 5    90.74%           0                 0         -
Tests/KeyPathTests/Services/LayerKeyMapperNormalizeTests.swift                                                   6                 1    83.33%           4                 1    75.00%          21                 1    95.24%           0                 0         -
Tests/KeyPathTests/Services/LayerKeyMapperTests.swift                                                           82                14    82.93%          63                12    80.95%         249                18    92.77%           0                 0         -
Tests/KeyPathTests/Services/PermissionGateEvaluationTests.swift                                                 10                 0   100.00%          10                 0   100.00%          58                 0   100.00%           0                 0         -
Tests/KeyPathTests/Services/PermissionOraclePolicyTests.swift                                                    6                 3    50.00%           6                 3    50.00%          87                 3    96.55%           0                 0         -
Tests/KeyPathTests/Services/PermissionOracleTests.swift                                                         12                 0   100.00%          12                 0   100.00%         276                 0   100.00%           0                 0         -
Tests/KeyPathTests/Services/PlistGeneratorTests.swift                                                          105                 6    94.29%          92                 2    97.83%         315                10    96.83%           0                 0         -
Tests/KeyPathTests/Services/PrivilegedExecutorTests.swift                                                       38                13    65.79%          36                13    63.89%         103                13    87.38%           0                 0         -
Tests/KeyPathTests/Services/QMKImportServiceTests.swift                                                         62                 8    87.10%          30                 0   100.00%         242                11    95.45%           0                 0         -
Tests/KeyPathTests/Services/RecentKeypressesServiceTests.swift                                                 103                16    84.47%          73                16    78.08%         312                16    94.87%           0                 0         -
Tests/KeyPathTests/Services/RuleCollectionsManagerLayerTests.swift                                              86                 0   100.00%          82                 0   100.00%         290                 0   100.00%           0                 0         -
Tests/KeyPathTests/Services/SafetyTimeoutServiceTests.swift                                                      6                 1    83.33%           6                 1    83.33%          37                 3    91.89%           0                 0         -
Tests/KeyPathTests/Services/ScriptSecurityServiceTests.swift                                                    79                 9    88.61%          67                 4    94.03%         223                14    93.72%           0                 0         -
Tests/KeyPathTests/Services/ServiceBootstrapperTests.swift                                                      60                15    75.00%          52                15    71.15%         193                15    92.23%           0                 0         -
Tests/KeyPathTests/Services/ServiceHealthCheckerTests.swift                                                     74                24    67.57%          72                24    66.67%         177                24    86.44%           0                 0         -
Tests/KeyPathTests/Services/ServiceHealthMonitorTests.swift                                                    169                63    62.72%         145                55    62.07%         495                91    81.62%           0                 0         -
Tests/KeyPathTests/Services/ServiceInstallGuardTests.swift                                                      40                 2    95.00%          33                 2    93.94%         123                 4    96.75%           0                 0         -
Tests/KeyPathTests/Services/SimpleModsWriterTests.swift                                                         72                23    68.06%          48                20    58.33%         223                29    87.00%           0                 0         -
Tests/KeyPathTests/Services/SimulatorServiceTests.swift                                                         93                 5    94.62%          76                 0   100.00%         207                10    95.17%           0                 0         -
Tests/KeyPathTests/Services/StatePublisherServiceTests.swift                                                    71                13    81.69%          52                12    76.92%         274                15    94.53%           0                 0         -
Tests/KeyPathTests/Services/SystemValidatorTests.swift                                                           5                 0   100.00%           5                 0   100.00%         138                 0   100.00%           0                 0         -
Tests/KeyPathTests/Services/UserNotificationServiceTests.swift                                                   7                 0   100.00%           7                 0   100.00%          62                 0   100.00%           0                 0         -
Tests/KeyPathTests/Services/VHIDDeviceManagerTests.swift                                                       100                31    69.00%          86                27    68.60%         319                34    89.34%           0                 0         -
Tests/KeyPathTests/Services/WordlistStoreTests.swift                                                             4                 0   100.00%           2                 0   100.00%          22                 0   100.00%           0                 0         -
Tests/KeyPathTests/SimpleModsSmokeTests.swift                                                                   19                17    10.53%           9                 8    11.11%          57                53     7.02%           0                 0         -
Tests/KeyPathTests/SwiftTestingWorkaround.swift                                                                  1                 0   100.00%           1                 0   100.00%           5                 0   100.00%           0                 0         -
Tests/KeyPathTests/SystemRequirementsTests.swift                                                               146                11    92.47%         135                 9    93.33%         380                11    97.11%           0                 0         -
Tests/KeyPathTests/TCPClientIntegrationTests.swift                                                              97                69    28.87%          43                24    44.19%         165               131    20.61%           0                 0         -
Tests/KeyPathTests/TCPClientRequestIDTests.swift                                                               113                72    36.28%          61                39    36.07%         240               149    37.92%           0                 0         -
Tests/KeyPathTests/TCPConnectionLeakTests.swift                                                                 70                57    18.57%          24                17    29.17%         192               178     7.29%           0                 0         -
Tests/KeyPathTests/TCPReadBufferTests.swift                                                                     35                 2    94.29%          35                 2    94.29%         107                 2    98.13%           0                 0         -
Tests/KeyPathTests/TcpServerResponseTests.swift                                                                 11                 0   100.00%           9                 0   100.00%          23                 0   100.00%           0                 0         -
Tests/KeyPathTests/TestHelpers/PrivilegedTestHelpers.swift                                                      15                 7    53.33%           7                 2    71.43%          29                10    65.52%           0                 0         -
Tests/KeyPathTests/TestHelpers/SubprocessRunnerFake.swift                                                       32                 3    90.62%          17                 1    94.12%          91                 5    94.51%           0                 0         -
Tests/KeyPathTests/TestSupport/StubPrivilegedOperationsCoordinator.swift                                        45                24    46.67%          22                12    45.45%          69                38    44.93%           0                 0         -
Tests/KeyPathTests/TestSupport/SystemContextBuilder.swift                                                       13                 4    69.23%           8                 4    50.00%          68                 4    94.12%           0                 0         -
Tests/KeyPathTests/UI/AppLaunchInfoTests.swift                                                                  18                 0   100.00%          18                 0   100.00%          56                 0   100.00%           0                 0         -
Tests/KeyPathTests/UI/CustomRulesInlineEditorTests.swift                                                        17                 3    82.35%          15                 2    86.67%          56                 3    94.64%           0                 0         -
Tests/KeyPathTests/UI/KanataViewModelTests.swift                                                                 5                 0   100.00%           5                 0   100.00%          24                 0   100.00%           0                 0         -
Tests/KeyPathTests/UI/KeyIconRegistryTests.swift                                                                95                19    80.00%          57                 5    91.23%         180                33    81.67%           0                 0         -
Tests/KeyPathTests/UI/KeyboardVisualizationViewModelTests.swift                                                257                27    89.49%         257                27    89.49%         701                27    96.15%           0                 0         -
Tests/KeyPathTests/UI/LauncherKeymapTranslatorTests.swift                                                       10                 0   100.00%          10                 0   100.00%          20                 0   100.00%           0                 0         -
Tests/KeyPathTests/UI/LayerSelectorTests.swift                                                                 124                 6    95.16%         117                 3    97.44%         298                 9    96.98%           0                 0         -
Tests/KeyPathTests/UI/MediaKeyLayerKeyInfoTests.swift                                                           81                 7    91.36%          77                 6    92.21%         155                 8    94.84%           0                 0         -
Tests/KeyPathTests/UI/OverlayKeyboardViewTests.swift                                                           187                 0   100.00%         187                 0   100.00%         312                 0   100.00%           0                 0         -
Tests/KeyPathTests/UI/OverlayKeycapViewColorTests.swift                                                         64                15    76.56%          64                15    76.56%         182                15    91.76%           0                 0         -
Tests/KeyPathTests/UI/OverlayOneShotLayerOverrideStateTests.swift                                               20                 1    95.00%          17                 0   100.00%          65                 1    98.46%           0                 0         -
Tests/KeyPathTests/UI/SystemActionInfoTests.swift                                                              126                 3    97.62%         126                 3    97.62%         251                 3    98.80%           0                 0         -
Tests/KeyPathTests/UI/TapHoldCustomizeTests.swift                                                              226                71    68.58%         214                71    66.82%         398                71    82.16%           0                 0         -
Tests/KeyPathTests/UIAutomationFramework.swift                                                                  63                63     0.00%          31                31     0.00%         294               294     0.00%           0                 0         -
Tests/KeyPathTests/UnitTestSuite.swift                                                                          60                 2    96.67%          57                 2    96.49%         152                 2    98.68%           0                 0         -
Tests/KeyPathTests/UtilitiesTests.swift                                                                        151                38    74.83%         117                35    70.09%         481                39    91.89%           0                 0         -
Tests/KeyPathTests/WindowManagerTests.swift                                                                     39                 2    94.87%          23                 0   100.00%         159                 3    98.11%           0                 0         -
Tests/KeyPathTests/WizardNavigationEngineTests.swift                                                           158                44    72.15%         152                44    71.05%         554                44    92.06%           0                 0         -
Tests/KeyPathTests/WizardStateMachineDeterminismTests.swift                                                     17                 0   100.00%          17                 0   100.00%         164                 0   100.00%           0                 0         -
Tests/KeyPathTests/WizardSummaryCTATests.swift                                                                   6                 0   100.00%           6                 0   100.00%          14                 0   100.00%           0                 0         -
----------------------------------------------------------------------------------------------------------------------------------------------------------------------------------------------------------------------------------------------------------------------
TOTAL                                                                                                        43948             29735    32.34%       21744             12751    41.36%      198344            147164    25.80%           0                 0         -
