Filename                                                                                                   Regions    Missed Regions     Cover   Functions  Missed Functions  Executed       Lines      Missed Lines     Cover    Branches   Missed Branches     Cover
----------------------------------------------------------------------------------------------------------------------------------------------------------------------------------------------------------------------------------------------------------------------
.build/arm64-apple-macosx/debug/KeyPathAppKit.build/DerivedSources/resource_bundle_accessor.swift                5                 5     0.00%           3                 3     0.00%          15                15     0.00%           0                 0         -
.build/arm64-apple-macosx/debug/KeyPathPackageTests.derived/runner.swift                                         9                 1    88.89%           2                 0   100.00%          17                 3    82.35%           0                 0         -
Sources/KeyPathAppKit/ActivityLogging/Models/ActivityEvent.swift                                                44                44     0.00%          10                10     0.00%          70                70     0.00%           0                 0         -
Sources/KeyPathAppKit/ActivityLogging/Models/ActivityReport.swift                                               20                20     0.00%          14                14     0.00%          71                71     0.00%           0                 0         -
Sources/KeyPathAppKit/ActivityLogging/Services/ActivityLogEncryption.swift                                      42                42     0.00%          10                10     0.00%         114               114     0.00%           0                 0         -
Sources/KeyPathAppKit/ActivityLogging/Services/ActivityLogStorage.swift                                         89                89     0.00%          30                30     0.00%         236               236     0.00%           0                 0         -
Sources/KeyPathAppKit/ActivityLogging/Services/ActivityLogger.swift                                             64                64     0.00%          35                35     0.00%         240               240     0.00%           0                 0         -
Sources/KeyPathAppKit/ActivityLogging/Services/ActivityReportGenerator.swift                                    37                37     0.00%          22                22     0.00%         144               144     0.00%           0                 0         -
Sources/KeyPathAppKit/ActivityLogging/UI/ActivityLoggingSettingsSection.swift                                   46                46     0.00%          31                31     0.00%         322               322     0.00%           0                 0         -
Sources/KeyPathAppKit/ActivityLogging/UI/ActivityOptInFlow.swift                                                27                27     0.00%          24                24     0.00%         320               320     0.00%           0                 0         -
Sources/KeyPathAppKit/ActivityLogging/UI/ActivityReportView.swift                                               45                45     0.00%          32                32     0.00%         568               568     0.00%           0                 0         -
Sources/KeyPathAppKit/App.swift                                                                                204               204     0.00%          89                89     0.00%        1563              1563     0.00%           0                 0         -
Sources/KeyPathAppKit/CLI/KeyPathCLI.swift                                                                     162               162     0.00%          22                22     0.00%         409               409     0.00%           0                 0         -
Sources/KeyPathAppKit/CLI/KeyPathCLIEntrypoint.swift                                                             5                 5     0.00%           1                 1     0.00%          13                13     0.00%           0                 0         -
Sources/KeyPathAppKit/Core/BlessDiagnostics.swift                                                               35                35     0.00%          13                13     0.00%         124               124     0.00%           0                 0         -
Sources/KeyPathAppKit/Core/Contracts/ConfigurationProviding.swift                                               18                18     0.00%           8                 8     0.00%          44                44     0.00%           0                 0         -
Sources/KeyPathAppKit/Core/Contracts/EngineClient.swift                                                         17                17     0.00%           3                 3     0.00%          20                20     0.00%           0                 0         -
Sources/KeyPathAppKit/Core/Contracts/EventProcessing.swift                                                       6                 6     0.00%           4                 4     0.00%          30                30     0.00%           0                 0         -
Sources/KeyPathAppKit/Core/Contracts/EventTapping.swift                                                          7                 7     0.00%           2                 2     0.00%          13                13     0.00%           0                 0         -
Sources/KeyPathAppKit/Core/Contracts/LifecycleControlling.swift                                                 11                11     0.00%           2                 2     0.00%          11                11     0.00%           0                 0         -
Sources/KeyPathAppKit/Core/Contracts/Logging.swift                                                              31                31     0.00%          11                11     0.00%          50                50     0.00%           0                 0         -
Sources/KeyPathAppKit/Core/Contracts/PermissionChecking.swift                                                   60                60     0.00%          22                22     0.00%         134               134     0.00%           0                 0         -
Sources/KeyPathAppKit/Core/Events/DefaultEventProcessor.swift                                                   36                36     0.00%          12                12     0.00%         135               135     0.00%           0                 0         -
Sources/KeyPathAppKit/Core/Events/EventRouter.swift                                                             53                53     0.00%          33                33     0.00%         183               183     0.00%           0                 0         -
Sources/KeyPathAppKit/Core/HelperManager+ConnectionLifecycle.swift                                              43                43     0.00%           9                 9     0.00%         164               164     0.00%           0                 0         -
Sources/KeyPathAppKit/Core/HelperManager+Installation.swift                                                     70                70     0.00%           4                 4     0.00%         177               177     0.00%           0                 0         -
Sources/KeyPathAppKit/Core/HelperManager+RequestHandlers.swift                                                  91                91     0.00%          49                49     0.00%         350               350     0.00%           0                 0         -
Sources/KeyPathAppKit/Core/HelperManager+Status.swift                                                          114               114     0.00%          25                25     0.00%         357               357     0.00%           0                 0         -
Sources/KeyPathAppKit/Core/HelperManager.swift                                                                  28                28     0.00%          11                11     0.00%          44                44     0.00%           0                 0         -
Sources/KeyPathAppKit/Core/PrivilegedOperationsCoordinator.swift                                               305               305     0.00%          65                65     0.00%         742               742     0.00%           0                 0         -
Sources/KeyPathAppKit/Infrastructure/Config/ConfigurationService+Parsing.swift                                  22                22     0.00%           2                 2     0.00%          59                59     0.00%           0                 0         -
Sources/KeyPathAppKit/Infrastructure/Config/ConfigurationService+Validation.swift                               74                74     0.00%           9                 9     0.00%         239               239     0.00%           0                 0         -
Sources/KeyPathAppKit/Infrastructure/Config/ConfigurationService.swift                                         220               220     0.00%          72                72     0.00%         872               872     0.00%           0                 0         -
Sources/KeyPathAppKit/Infrastructure/Config/KanataBehaviorParser.swift                                          80                80     0.00%          10                10     0.00%         198               198     0.00%           0                 0         -
Sources/KeyPathAppKit/Infrastructure/Config/KanataBehaviorRenderer.swift                                        68                68     0.00%          18                18     0.00%         169               169     0.00%           0                 0         -
Sources/KeyPathAppKit/Infrastructure/Config/KanataConfigTokenizer.swift                                         19                19     0.00%           2                 2     0.00%          36                36     0.00%           0                 0         -
Sources/KeyPathAppKit/Infrastructure/Config/KanataConfiguration+AppSpecificKeys.swift                           20                20     0.00%           6                 6     0.00%          57                57     0.00%           0                 0         -
Sources/KeyPathAppKit/Infrastructure/Config/KanataConfiguration+BlockBuilders.swift                            180               180     0.00%          40                40     0.00%         680               680     0.00%           0                 0         -
Sources/KeyPathAppKit/Infrastructure/Config/KanataConfiguration+Collections.swift                                3                 3     0.00%           3                 3     0.00%          32                32     0.00%           0                 0         -
Sources/KeyPathAppKit/Infrastructure/Config/KanataConfiguration+GridFormatter.swift                             36                36     0.00%          16                16     0.00%          85                85     0.00%           0                 0         -
Sources/KeyPathAppKit/Infrastructure/Config/KanataConfiguration+MappingGenerators.swift                         48                48     0.00%          19                19     0.00%         182               182     0.00%           0                 0         -
Sources/KeyPathAppKit/Infrastructure/Config/KanataConfiguration+Rendering.swift                                122               122     0.00%          17                17     0.00%         369               369     0.00%           0                 0         -
Sources/KeyPathAppKit/Infrastructure/Config/KanataConfigurationGenerator.swift                                  26                26     0.00%          14                14     0.00%         134               134     0.00%           0                 0         -
Sources/KeyPathAppKit/Infrastructure/Config/KanataDefchordsParser.swift                                         49                49     0.00%          10                10     0.00%          85                85     0.00%           0                 0         -
Sources/KeyPathAppKit/Infrastructure/Config/TextToKanataKeyMapper.swift                                         40                40     0.00%           4                 4     0.00%          57                57     0.00%           0                 0         -
Sources/KeyPathAppKit/Infrastructure/Privileged/HelperBackedPrivilegedOperations.swift                          25                25     0.00%           5                 5     0.00%          61                61     0.00%           0                 0         -
Sources/KeyPathAppKit/Infrastructure/Privileged/PrivilegedOperationsProvider.swift                               4                 4     0.00%           1                 1     0.00%           6                 6     0.00%           0                 0         -
Sources/KeyPathAppKit/Infrastructure/Testing/MockPrivilegedOperations.swift                                      4                 4     0.00%           4                 4     0.00%           4                 4     0.00%           0                 0         -
Sources/KeyPathAppKit/InstallationWizard/Components/HelpSheets.swift                                            92                92     0.00%          77                77     0.00%        1945              1945     0.00%           0                 0         -
Sources/KeyPathAppKit/InstallationWizard/Components/HelperLogsView.swift                                         7                 7     0.00%           5                 5     0.00%          43                43     0.00%           0                 0         -
Sources/KeyPathAppKit/InstallationWizard/Components/PermissionCard.swift                                        37                37     0.00%          14                14     0.00%         228               228     0.00%           0                 0         -
Sources/KeyPathAppKit/InstallationWizard/Components/StatusIndicators.swift                                     109               109     0.00%          38                38     0.00%         535               535     0.00%           0                 0         -
Sources/KeyPathAppKit/InstallationWizard/Core/ActionDeterminer.swift                                            49                49     0.00%           5                 5     0.00%         118               118     0.00%           0                 0         -
Sources/KeyPathAppKit/InstallationWizard/Core/AutoFixActionDescriptions.swift                                   38                38     0.00%           2                 2     0.00%          74                74     0.00%           0                 0         -
Sources/KeyPathAppKit/InstallationWizard/Core/InstallerEngine+Recipes.swift                                     63                63     0.00%           8                 8     0.00%         263               263     0.00%           0                 0         -
Sources/KeyPathAppKit/InstallationWizard/Core/InstallerEngine.swift                                            160               160     0.00%          38                38     0.00%         557               557     0.00%           0                 0         -
Sources/KeyPathAppKit/InstallationWizard/Core/InstallerEngineTypes.swift                                        20                20     0.00%          20                20     0.00%          92                92     0.00%           0                 0         -
Sources/KeyPathAppKit/InstallationWizard/Core/IssueGenerator.swift                                             193               193     0.00%          23                23     0.00%         534               534     0.00%           0                 0         -
Sources/KeyPathAppKit/InstallationWizard/Core/IssueSeverityInstallationStatusMapper.swift                       25                25     0.00%           8                 8     0.00%          30                30     0.00%           0                 0         -
Sources/KeyPathAppKit/InstallationWizard/Core/KanataBinaryDetector.swift                                        52                52     0.00%          11                11     0.00%         161               161     0.00%           0                 0         -
Sources/KeyPathAppKit/InstallationWizard/Core/KanataBinaryInstaller.swift                                       62                62     0.00%          12                12     0.00%         215               215     0.00%           0                 0         -
Sources/KeyPathAppKit/InstallationWizard/Core/KarabinerComponentsStatusEvaluator.swift                          47                47     0.00%           9                 9     0.00%         176               176     0.00%           0                 0         -
Sources/KeyPathAppKit/InstallationWizard/Core/PackageManager.swift                                             193               193     0.00%          46                46     0.00%         604               604     0.00%           0                 0         -
Sources/KeyPathAppKit/InstallationWizard/Core/PermissionGrantCoordinator.swift                                  87                87     0.00%          35                35     0.00%         424               424     0.00%           0                 0         -
Sources/KeyPathAppKit/InstallationWizard/Core/PlistGenerator.swift                                              10                10     0.00%           5                 5     0.00%         160               160     0.00%           0                 0         -
Sources/KeyPathAppKit/InstallationWizard/Core/PrivilegeBroker.swift                                             37                37     0.00%          19                19     0.00%          59                59     0.00%           0                 0         -
Sources/KeyPathAppKit/InstallationWizard/Core/PrivilegedExecutor.swift                                          43                43     0.00%          14                14     0.00%         158               158     0.00%           0                 0         -
Sources/KeyPathAppKit/InstallationWizard/Core/ServiceBootstrapper.swift                                        244               244     0.00%          42                42     0.00%         763               763     0.00%           0                 0         -
Sources/KeyPathAppKit/InstallationWizard/Core/ServiceHealthChecker.swift                                       112               112     0.00%          25                25     0.00%         376               376     0.00%           0                 0         -
Sources/KeyPathAppKit/InstallationWizard/Core/ServiceStatusEvaluator.swift                                      28                28     0.00%           4                 4     0.00%          48                48     0.00%           0                 0         -
Sources/KeyPathAppKit/InstallationWizard/Core/SystemContextAdapter.swift                                        90                90     0.00%           8                 8     0.00%         412               412     0.00%           0                 0         -
Sources/KeyPathAppKit/InstallationWizard/Core/SystemRequirements.swift                                          81                81     0.00%          18                18     0.00%         272               272     0.00%           0                 0         -
Sources/KeyPathAppKit/InstallationWizard/Core/ToastPresenting.swift                                              3                 3     0.00%           3                 3     0.00%           9                 9     0.00%           0                 0         -
Sources/KeyPathAppKit/InstallationWizard/Core/VHIDDeviceManager.swift                                          215               215     0.00%          53                53     0.00%         855               855     0.00%           0                 0         -
Sources/KeyPathAppKit/InstallationWizard/Core/WizardAsyncOperationManager.swift                                158               158     0.00%          49                49     0.00%         871               871     0.00%           0                 0         -
Sources/KeyPathAppKit/InstallationWizard/Core/WizardAutoFixer.swift                                             23                23     0.00%           9                 9     0.00%          78                78     0.00%           0                 0         -
Sources/KeyPathAppKit/InstallationWizard/Core/WizardAutoFixerManager.swift                                       7                 7     0.00%           5                 5     0.00%          22                22     0.00%           0                 0         -
Sources/KeyPathAppKit/InstallationWizard/Core/WizardLogger.swift                                                 7                 7     0.00%           2                 2     0.00%          34                34     0.00%           0                 0         -
Sources/KeyPathAppKit/InstallationWizard/Core/WizardNavigationEngine.swift                                     114               114     0.00%          26                26     0.00%         281               281     0.00%           0                 0         -
Sources/KeyPathAppKit/InstallationWizard/Core/WizardNavigationHeuristics.swift                                   3                 3     0.00%           3                 3     0.00%           5                 5     0.00%           0                 0         -
Sources/KeyPathAppKit/InstallationWizard/Core/WizardOperationsUIExtension.swift                                 25                25     0.00%          12                12     0.00%         179               179     0.00%           0                 0         -
Sources/KeyPathAppKit/InstallationWizard/Core/WizardRouter.swift                                                58                58     0.00%          10                10     0.00%         156               156     0.00%           0                 0         -
Sources/KeyPathAppKit/InstallationWizard/Core/WizardSleep.swift                                                  5                 5     0.00%           2                 2     0.00%          12                12     0.00%           0                 0         -
Sources/KeyPathAppKit/InstallationWizard/Core/WizardStateInterpreter.swift                                     114               114     0.00%          52                52     0.00%         277               277     0.00%           0                 0         -
Sources/KeyPathAppKit/InstallationWizard/Core/WizardStateMachine.swift                                          95                95     0.00%          52                52     0.00%         300               300     0.00%           0                 0         -
Sources/KeyPathAppKit/InstallationWizard/Core/WizardTelemetry.swift                                             12                12     0.00%           7                 7     0.00%          23                23     0.00%           0                 0         -
Sources/KeyPathAppKit/InstallationWizard/Core/WizardWindowManager.swift                                         23                23     0.00%          11                11     0.00%         100               100     0.00%           0                 0         -
Sources/KeyPathAppKit/InstallationWizard/UI/Components/FDADetectionModals.swift                                 39                39     0.00%          28                28     0.00%         536               536     0.00%           0                 0         -
Sources/KeyPathAppKit/InstallationWizard/UI/Components/KeyboardNavigationModifier.swift                          7                 7     0.00%           5                 5     0.00%          38                38     0.00%           0                 0         -
Sources/KeyPathAppKit/InstallationWizard/UI/Components/SheetWindowModifier.swift                                23                23     0.00%          10                10     0.00%         164               164     0.00%           0                 0         -
Sources/KeyPathAppKit/InstallationWizard/UI/Components/StartConfirmationDialog.swift                            29                29     0.00%          29                29     0.00%         776               776     0.00%           0                 0         -
Sources/KeyPathAppKit/InstallationWizard/UI/Components/WizardActionSection.swift                                58                58     0.00%          17                17     0.00%         182               182     0.00%           0                 0         -
Sources/KeyPathAppKit/InstallationWizard/UI/Components/WizardButtonBar.swift                                    24                24     0.00%          15                15     0.00%         141               141     0.00%           0                 0         -
Sources/KeyPathAppKit/InstallationWizard/UI/Components/WizardErrorDisplay.swift                                 42                42     0.00%          25                25     0.00%         489               489     0.00%           0                 0         -
Sources/KeyPathAppKit/InstallationWizard/UI/Components/WizardHeroSection.swift                                  51                51     0.00%          23                23     0.00%         359               359     0.00%           0                 0         -
Sources/KeyPathAppKit/InstallationWizard/UI/Components/WizardNavigationControl.swift                            34                34     0.00%          19                19     0.00%         215               215     0.00%           0                 0         -
Sources/KeyPathAppKit/InstallationWizard/UI/Components/WizardPreflightView.swift                                 5                 5     0.00%           5                 5     0.00%          55                55     0.00%           0                 0         -
Sources/KeyPathAppKit/InstallationWizard/UI/Components/WizardProgressIndicator.swift                            33                33     0.00%          18                18     0.00%         324               324     0.00%           0                 0         -
Sources/KeyPathAppKit/InstallationWizard/UI/Components/WizardSystemStatusOverview.swift                        255               255     0.00%         104               104     0.00%        1158              1158     0.00%           0                 0         -
Sources/KeyPathAppKit/InstallationWizard/UI/InstallationWizardView+Actions.swift                                90                90     0.00%          30                30     0.00%         499               499     0.00%           0                 0         -
Sources/KeyPathAppKit/InstallationWizard/UI/InstallationWizardView+Computed.swift                                7                 7     0.00%           3                 3     0.00%          17                17     0.00%           0                 0         -
Sources/KeyPathAppKit/InstallationWizard/UI/InstallationWizardView+Freshness.swift                               2                 2     0.00%           2                 2     0.00%           6                 6     0.00%           0                 0         -
Sources/KeyPathAppKit/InstallationWizard/UI/InstallationWizardView+KeyboardNavigation.swift                     14                14     0.00%           2                 2     0.00%          28                28     0.00%           0                 0         -
Sources/KeyPathAppKit/InstallationWizard/UI/InstallationWizardView+OperationProgress.swift                      41                41     0.00%           6                 6     0.00%          66                66     0.00%           0                 0         -
Sources/KeyPathAppKit/InstallationWizard/UI/InstallationWizardView+StateManagement.swift                        69                69     0.00%          23                23     0.00%         476               476     0.00%           0                 0         -
Sources/KeyPathAppKit/InstallationWizard/UI/InstallationWizardView+UIComponents.swift                           61                61     0.00%          33                33     0.00%         387               387     0.00%           0                 0         -
Sources/KeyPathAppKit/InstallationWizard/UI/InstallationWizardView+UnifiedRefresh.swift                        133               133     0.00%          52                52     0.00%         637               637     0.00%           0                 0         -
Sources/KeyPathAppKit/InstallationWizard/UI/InstallationWizardView.swift                                       100               100     0.00%          58                58     0.00%         507               507     0.00%           0                 0         -
Sources/KeyPathAppKit/InstallationWizard/UI/Pages/WizardAccessibilityPage.swift                                145               145     0.00%          63                63     0.00%        1522              1522     0.00%           0                 0         -
Sources/KeyPathAppKit/InstallationWizard/UI/Pages/WizardCommunicationPage.swift                                190               190     0.00%          68                68     0.00%        1060              1060     0.00%           0                 0         -
Sources/KeyPathAppKit/InstallationWizard/UI/Pages/WizardConflictsPage.swift                                    161               161     0.00%          62                62     0.00%        1394              1394     0.00%           0                 0         -
Sources/KeyPathAppKit/InstallationWizard/UI/Pages/WizardFullDiskAccessPage.swift                               119               119     0.00%          63                63     0.00%         963               963     0.00%           0                 0         -
Sources/KeyPathAppKit/InstallationWizard/UI/Pages/WizardHelperPage.swift                                       175               175     0.00%          82                82     0.00%        1015              1015     0.00%           0                 0         -
Sources/KeyPathAppKit/InstallationWizard/UI/Pages/WizardInputMonitoringPage.swift                              158               158     0.00%          77                77     0.00%        1642              1642     0.00%           0                 0         -
Sources/KeyPathAppKit/InstallationWizard/UI/Pages/WizardKanataComponentsPage.swift                             143               143     0.00%          53                53     0.00%         651               651     0.00%           0                 0         -
Sources/KeyPathAppKit/InstallationWizard/UI/Pages/WizardKanataMigrationPage.swift                              106               106     0.00%          49                49     0.00%         703               703     0.00%           0                 0         -
Sources/KeyPathAppKit/InstallationWizard/UI/Pages/WizardKanataServicePage.swift                                211               211     0.00%          57                57     0.00%         637               637     0.00%           0                 0         -
Sources/KeyPathAppKit/InstallationWizard/UI/Pages/WizardKarabinerComponentsPage.swift                          217               217     0.00%          80                80     0.00%        1107              1107     0.00%           0                 0         -
Sources/KeyPathAppKit/InstallationWizard/UI/Pages/WizardStopKanataPage.swift                                    54                54     0.00%          28                28     0.00%         462               462     0.00%           0                 0         -
Sources/KeyPathAppKit/InstallationWizard/UI/Pages/WizardSummaryPage.swift                                      141               141     0.00%          47                47     0.00%         747               747     0.00%           0                 0         -
Sources/KeyPathAppKit/InstallationWizard/UI/WizardDesignSystem.swift                                           283               283     0.00%         112               112     0.00%        1307              1307     0.00%           0                 0         -
Sources/KeyPathAppKit/InstallationWizard/UI/WizardToastManager.swift                                            74                74     0.00%          30                30     0.00%         310               310     0.00%           0                 0         -
Sources/KeyPathAppKit/InstallationWizard/UI/WizardWindowController.swift                                        33                33     0.00%          15                15     0.00%         175               175     0.00%           0                 0         -
Sources/KeyPathAppKit/Managers/Configuration/ConfigurationManager.swift                                         90                90     0.00%          19                19     0.00%         332               332     0.00%           0                 0         -
Sources/KeyPathAppKit/Managers/Diagnostics/DiagnosticsManager.swift                                             52                52     0.00%          17                17     0.00%         252               252     0.00%           0                 0         -
Sources/KeyPathAppKit/Managers/HelperMaintenance.swift                                                         117               117     0.00%          29                29     0.00%         313               313     0.00%           0                 0         -
Sources/KeyPathAppKit/Managers/InstallationCoordinator.swift                                                    43                43     0.00%          11                11     0.00%         134               134     0.00%           0                 0         -
Sources/KeyPathAppKit/Managers/KanataDaemonManager.swift                                                       161               161     0.00%          36                36     0.00%         624               624     0.00%           0                 0         -
Sources/KeyPathAppKit/Managers/Process/ProcessCoordinator.swift                                                 28                28     0.00%          10                10     0.00%          87                87     0.00%           0                 0         -
Sources/KeyPathAppKit/Managers/Process/ProcessManager.swift                                                     55                55     0.00%          12                12     0.00%         196               196     0.00%           0                 0         -
Sources/KeyPathAppKit/Managers/RecoveryCoordinator.swift                                                        55                55     0.00%          17                17     0.00%         171               171     0.00%           0                 0         -
Sources/KeyPathAppKit/Managers/RuleCollectionsCoordinator.swift                                                 30                30     0.00%          28                28     0.00%         128               128     0.00%           0                 0         -
Sources/KeyPathAppKit/Managers/RuntimeCoordinator+ConfigHotReload.swift                                         20                20     0.00%          10                10     0.00%          93                93     0.00%           0                 0         -
Sources/KeyPathAppKit/Managers/RuntimeCoordinator+ConfigMaintenance.swift                                       26                26     0.00%           7                 7     0.00%          79                79     0.00%           0                 0         -
Sources/KeyPathAppKit/Managers/RuntimeCoordinator+Configuration.swift                                           58                58     0.00%          19                19     0.00%         152               152     0.00%           0                 0         -
Sources/KeyPathAppKit/Managers/RuntimeCoordinator+ConflictResolution.swift                                       3                 3     0.00%           3                 3     0.00%          21                21     0.00%           0                 0         -
Sources/KeyPathAppKit/Managers/RuntimeCoordinator+Diagnostics.swift                                             16                16     0.00%           7                 7     0.00%          57                57     0.00%           0                 0         -
Sources/KeyPathAppKit/Managers/RuntimeCoordinator+Lifecycle.swift                                               16                16     0.00%           5                 5     0.00%          61                61     0.00%           0                 0         -
Sources/KeyPathAppKit/Managers/RuntimeCoordinator+RuleCollections.swift                                         24                24     0.00%          24                24     0.00%          75                75     0.00%           0                 0         -
Sources/KeyPathAppKit/Managers/RuntimeCoordinator+ServiceManagement.swift                                       28                28     0.00%          13                13     0.00%         103               103     0.00%           0                 0         -
Sources/KeyPathAppKit/Managers/RuntimeCoordinator+State.swift                                                   10                10     0.00%           9                 9     0.00%          54                54     0.00%           0                 0         -
Sources/KeyPathAppKit/Managers/RuntimeCoordinator.swift                                                        191               191     0.00%         114               114     0.00%         791               791     0.00%           0                 0         -
Sources/KeyPathAppKit/Managers/SaveCoordinator.swift                                                            57                57     0.00%          29                29     0.00%         239               239     0.00%           0                 0         -
Sources/KeyPathAppKit/Managers/UninstallCoordinator.swift                                                       84                84     0.00%          17                17     0.00%         233               233     0.00%           0                 0         -
Sources/KeyPathAppKit/MenuBar/MenuBarController.swift                                                           82                82     0.00%          38                38     0.00%         423               423     0.00%           0                 0         -
Sources/KeyPathAppKit/Models/ANSIPositionTable.swift                                                            88                88     0.00%           3                 3     0.00%         116               116     0.00%           0                 0         -
Sources/KeyPathAppKit/Models/AppKeyMapping.swift                                                                21                21     0.00%          15                15     0.00%          77                77     0.00%           0                 0         -
Sources/KeyPathAppKit/Models/ChordGroupConfig.swift                                                              4                 4     0.00%           4                 4     0.00%          13                13     0.00%           0                 0         -
Sources/KeyPathAppKit/Models/ChordGroupsConfig.swift                                                           178               178     0.00%          70                70     0.00%         380               380     0.00%           0                 0         -
Sources/KeyPathAppKit/Models/ConfigApplyTypes.swift                                                              2                 2     0.00%           2                 2     0.00%          14                14     0.00%           0                 0         -
Sources/KeyPathAppKit/Models/CustomLayoutStore.swift                                                             7                 7     0.00%           3                 3     0.00%          23                23     0.00%           0                 0         -
Sources/KeyPathAppKit/Models/CustomRule.swift                                                                   36                36     0.00%          13                13     0.00%          75                75     0.00%           0                 0         -
Sources/KeyPathAppKit/Models/CustomRuleValidator.swift                                                         154               154     0.00%          35                35     0.00%         355               355     0.00%           0                 0         -
Sources/KeyPathAppKit/Models/GMKColorway.swift                                                                  36                36     0.00%          14                14     0.00%          64                64     0.00%           0                 0         -
Sources/KeyPathAppKit/Models/HomeRowLayerTogglesConfig.swift                                                    16                16     0.00%           4                 4     0.00%          26                26     0.00%           0                 0         -
Sources/KeyPathAppKit/Models/HomeRowModsConfig.swift                                                            30                30     0.00%          11                11     0.00%          51                51     0.00%           0                 0         -
Sources/KeyPathAppKit/Models/ISOPositionTable.swift                                                             91                91     0.00%           3                 3     0.00%         112               112     0.00%           0                 0         -
Sources/KeyPathAppKit/Models/KanataUIState.swift                                                                13                13     0.00%           2                 2     0.00%          15                15     0.00%           0                 0         -
Sources/KeyPathAppKit/Models/KeyMapping.swift                                                                   25                25     0.00%           7                 7     0.00%          40                40     0.00%           0                 0         -
Sources/KeyPathAppKit/Models/KeySequence.swift                                                                 110               110     0.00%          18                18     0.00%         194               194     0.00%           0                 0         -
Sources/KeyPathAppKit/Models/KeyboardMetadata.swift                                                              5                 5     0.00%           5                 5     0.00%          21                21     0.00%           0                 0         -
Sources/KeyPathAppKit/Models/Kinesis360KeyMap.swift                                                             80                80     0.00%           1                 1     0.00%         103               103     0.00%           0                 0         -
Sources/KeyPathAppKit/Models/LeaderKeyPreference.swift                                                           1                 1     0.00%           1                 1     0.00%           5                 5     0.00%           0                 0         -
Sources/KeyPathAppKit/Models/LiveKeyboardState.swift                                                            18                18     0.00%          13                13     0.00%          54                54     0.00%           0                 0         -
Sources/KeyPathAppKit/Models/LogicalKeymap.swift                                                                38                38     0.00%          15                15     0.00%          95                95     0.00%           0                 0         -
Sources/KeyPathAppKit/Models/MappingBehavior.swift                                                              76                76     0.00%          31                31     0.00%         178               178     0.00%           0                 0         -
Sources/KeyPathAppKit/Models/PhysicalLayout+Builtins.swift                                                     111               111     0.00%          29                29     0.00%        1363              1363     0.00%           0                 0         -
Sources/KeyPathAppKit/Models/PhysicalLayout.swift                                                               23                23     0.00%          11                11     0.00%         125               125     0.00%           0                 0         -
Sources/KeyPathAppKit/Models/PhysicalLayoutTypes.swift                                                          12                12     0.00%           8                 8     0.00%          44                44     0.00%           0                 0         -
Sources/KeyPathAppKit/Models/QMKLayoutParser.swift                                                              40                40     0.00%          12                12     0.00%         111               111     0.00%           0                 0         -
Sources/KeyPathAppKit/Models/RuleCollectionConfiguration.swift                                                 177               177     0.00%          48                48     0.00%         347               347     0.00%           0                 0         -
Sources/KeyPathAppKit/Models/RuleCollectionDeduplicator.swift                                                   27                27     0.00%           8                 8     0.00%         124               124     0.00%           0                 0         -
Sources/KeyPathAppKit/Models/RuleCollectionModels.swift                                                        156               156     0.00%          39                39     0.00%         269               269     0.00%           0                 0         -
Sources/KeyPathAppKit/Models/SequencesConfig.swift                                                              46                46     0.00%          21                21     0.00%         123               123     0.00%           0                 0         -
Sources/KeyPathAppKit/Models/SimpleModsModels.swift                                                              4                 4     0.00%           4                 4     0.00%          30                30     0.00%           0                 0         -
Sources/KeyPathAppKit/Models/SimulationModels.swift                                                             90                90     0.00%          13                13     0.00%         145               145     0.00%           0                 0         -
Sources/KeyPathAppKit/Models/VirtualKey.swift                                                                   74                74     0.00%          11                11     0.00%         150               150     0.00%           0                 0         -
Sources/KeyPathAppKit/Services/AI/AICostTracker.swift                                                           18                18     0.00%          16                16     0.00%          80                80     0.00%           0                 0         -
Sources/KeyPathAppKit/Services/AI/APIKeyValidator.swift                                                         40                40     0.00%          12                12     0.00%         116               116     0.00%           0                 0         -
Sources/KeyPathAppKit/Services/AI/AnthropicConfigRepairService.swift                                            22                22     0.00%           5                 5     0.00%         127               127     0.00%           0                 0         -
Sources/KeyPathAppKit/Services/AI/BiometricAuthService.swift                                                    47                47     0.00%          11                11     0.00%         123               123     0.00%           0                 0         -
Sources/KeyPathAppKit/Services/AI/ConfigRepairService.swift                                                      2                 2     0.00%           2                 2     0.00%           5                 5     0.00%           0                 0         -
Sources/KeyPathAppKit/Services/ActionDispatcher.swift                                                          234               234     0.00%          50                50     0.00%         930               930     0.00%           0                 0         -
Sources/KeyPathAppKit/Services/AppConfigGenerator.swift                                                         91                91     0.00%          27                27     0.00%         322               322     0.00%           0                 0         -
Sources/KeyPathAppKit/Services/AppContextService.swift                                                          50                50     0.00%          24                24     0.00%         167               167     0.00%           0                 0         -
Sources/KeyPathAppKit/Services/AppIconResolver.swift                                                            64                64     0.00%          11                11     0.00%         149               149     0.00%           0                 0         -
Sources/KeyPathAppKit/Services/AppKeymapStore.swift                                                             45                45     0.00%          21                21     0.00%         151               151     0.00%           0                 0         -
Sources/KeyPathAppKit/Services/BrowserHistoryScanner.swift                                                     217               217     0.00%          44                44     0.00%         523               523     0.00%           0                 0         -
Sources/KeyPathAppKit/Services/CGSPrivate.swift                                                                 76                76     0.00%          21                21     0.00%         208               208     0.00%           0                 0         -
Sources/KeyPathAppKit/Services/ConfigBackupManager.swift                                                        71                71     0.00%          18                18     0.00%         209               209     0.00%           0                 0         -
Sources/KeyPathAppKit/Services/ConfigFileWatcher.swift                                                         139               139     0.00%          51                51     0.00%         522               522     0.00%           0                 0         -
Sources/KeyPathAppKit/Services/ConfigHotReloadService.swift                                                     42                42     0.00%          15                15     0.00%         140               140     0.00%           0                 0         -
Sources/KeyPathAppKit/Services/CustomRulesStore.swift                                                           18                18     0.00%           5                 5     0.00%          51                51     0.00%           0                 0         -
Sources/KeyPathAppKit/Services/DiagnosticsService.swift                                                        133               133     0.00%          34                34     0.00%         593               593     0.00%           0                 0         -
Sources/KeyPathAppKit/Services/EventTapController.swift                                                         20                20     0.00%           8                 8     0.00%          63                63     0.00%           0                 0         -
Sources/KeyPathAppKit/Services/ExternalKanataService.swift                                                      44                44     0.00%           9                 9     0.00%         127               127     0.00%           0                 0         -
Sources/KeyPathAppKit/Services/FaviconFetcher.swift                                                            125               125     0.00%          40                40     0.00%         393               393     0.00%           0                 0         -
Sources/KeyPathAppKit/Services/FaviconLoader.swift                                                              41                41     0.00%          14                14     0.00%         108               108     0.00%           0                 0         -
Sources/KeyPathAppKit/Services/FeatureTipManager.swift                                                          42                42     0.00%          21                21     0.00%          96                96     0.00%           0                 0         -
Sources/KeyPathAppKit/Services/FullDiskAccessChecker.swift                                                      20                20     0.00%           8                 8     0.00%          53                53     0.00%           0                 0         -
Sources/KeyPathAppKit/Services/GlobalHotkeyService.swift                                                        42                42     0.00%          18                18     0.00%         146               146     0.00%           0                 0         -
Sources/KeyPathAppKit/Services/IconResolverService.swift                                                        59                59     0.00%          19                19     0.00%         157               157     0.00%           0                 0         -
Sources/KeyPathAppKit/Services/InputSourceDetector.swift                                                        59                59     0.00%          19                19     0.00%         143               143     0.00%           0                 0         -
Sources/KeyPathAppKit/Services/KanataConfigGenerator.swift                                                      77                77     0.00%          13                13     0.00%         310               310     0.00%           0                 0         -
Sources/KeyPathAppKit/Services/KanataConfigMigrationService.swift                                               80                80     0.00%          13                13     0.00%         172               172     0.00%           0                 0         -
Sources/KeyPathAppKit/Services/KanataErrorMonitor.swift                                                        117               117     0.00%          46                46     0.00%         338               338     0.00%           0                 0         -
Sources/KeyPathAppKit/Services/KanataEventListener.swift                                                       203               203     0.00%          48                48     0.00%         641               641     0.00%           0                 0         -
Sources/KeyPathAppKit/Services/KanataService.swift                                                             174               174     0.00%          42                42     0.00%         445               445     0.00%           0                 0         -
Sources/KeyPathAppKit/Services/KanataTCPClient+Connection.swift                                                 61                61     0.00%          12                12     0.00%         308               308     0.00%           0                 0         -
Sources/KeyPathAppKit/Services/KanataTCPClient+Operations.swift                                                118               118     0.00%          27                27     0.00%         428               428     0.00%           0                 0         -
Sources/KeyPathAppKit/Services/KanataTCPClient+Parsing.swift                                                    54                54     0.00%           9                 9     0.00%         130               130     0.00%           0                 0         -
Sources/KeyPathAppKit/Services/KanataTCPClient+Protocol.swift                                                   19                19     0.00%           7                 7     0.00%          40                40     0.00%           0                 0         -
Sources/KeyPathAppKit/Services/KanataTCPClient+Transport.swift                                                  95                95     0.00%          20                20     0.00%         611               611     0.00%           0                 0         -
Sources/KeyPathAppKit/Services/KanataTCPClient.swift                                                            45                45     0.00%          20                20     0.00%          76                76     0.00%           0                 0         -
Sources/KeyPathAppKit/Services/KarabinerConflictService.swift                                                  117               117     0.00%          39                39     0.00%         712               712     0.00%           0                 0         -
Sources/KeyPathAppKit/Services/KeyboardCapture+Emergency.swift                                                  28                28     0.00%           6                 6     0.00%         113               113     0.00%           0                 0         -
Sources/KeyPathAppKit/Services/KeyboardCapture+TCP.swift                                                        25                25     0.00%           6                 6     0.00%         107               107     0.00%           0                 0         -
Sources/KeyPathAppKit/Services/KeyboardCapture.swift                                                           233               233     0.00%          64                64     0.00%         853               853     0.00%           0                 0         -
Sources/KeyPathAppKit/Services/KeyboardTypeDetector.swift                                                       30                30     0.00%           6                 6     0.00%          80                80     0.00%           0                 0         -
Sources/KeyPathAppKit/Services/KeychainService.swift                                                            58                58     0.00%          26                26     0.00%         208               208     0.00%           0                 0         -
Sources/KeyPathAppKit/Services/KeymapMappingGenerator.swift                                                     26                26     0.00%           4                 4     0.00%          86                86     0.00%           0                 0         -
Sources/KeyPathAppKit/Services/LayerInfo.swift                                                                  32                32     0.00%           4                 4     0.00%          78                78     0.00%           0                 0         -
Sources/KeyPathAppKit/Services/LayerKeyMapper+Collections.swift                                                 15                15     0.00%           2                 2     0.00%          41                41     0.00%           0                 0         -
Sources/KeyPathAppKit/Services/LayerKeyMapper+Helpers.swift                                                     59                59     0.00%          12                12     0.00%         119               119     0.00%           0                 0         -
Sources/KeyPathAppKit/Services/LayerKeyMapper+KeyConversion.swift                                              130               130     0.00%           8                 8     0.00%         169               169     0.00%           0                 0         -
Sources/KeyPathAppKit/Services/LayerKeyMapper+Simulation.swift                                                 172               172     0.00%          31                31     0.00%         510               510     0.00%           0                 0         -
Sources/KeyPathAppKit/Services/LayerKeyMapper.swift                                                             44                44     0.00%          19                19     0.00%         255               255     0.00%           0                 0         -
Sources/KeyPathAppKit/Services/MainAppStateController.swift                                                    177               177     0.00%          40                40     0.00%         686               686     0.00%           0                 0         -
Sources/KeyPathAppKit/Services/OrphanDetector.swift                                                             69                69     0.00%          17                17     0.00%         240               240     0.00%           0                 0         -
Sources/KeyPathAppKit/Services/PermissionGate.swift                                                             75                75     0.00%          10                10     0.00%         166               166     0.00%           0                 0         -
Sources/KeyPathAppKit/Services/PermissionRequestService.swift                                                   33                33     0.00%          11                11     0.00%          79                79     0.00%           0                 0         -
Sources/KeyPathAppKit/Services/PermissionService.swift                                                          11                11     0.00%          10                10     0.00%          43                43     0.00%           0                 0         -
Sources/KeyPathAppKit/Services/PreferencesService.swift                                                         20                20     0.00%          16                16     0.00%          81                81     0.00%           0                 0         -
Sources/KeyPathAppKit/Services/ProcessKiller.swift                                                               8                 8     0.00%           1                 1     0.00%          18                18     0.00%           0                 0         -
Sources/KeyPathAppKit/Services/QMKImportService.swift                                                           75                75     0.00%          15                15     0.00%         218               218     0.00%           0                 0         -
Sources/KeyPathAppKit/Services/QMKKeyboardDatabase.swift                                                        76                76     0.00%          31                31     0.00%         285               285     0.00%           0                 0         -
Sources/KeyPathAppKit/Services/RecentKeypressesService.swift                                                    68                68     0.00%          30                30     0.00%         208               208     0.00%           0                 0         -
Sources/KeyPathAppKit/Services/ReloadSafetyMonitor.swift                                                        56                56     0.00%          19                19     0.00%         161               161     0.00%           0                 0         -
Sources/KeyPathAppKit/Services/RuleCollectionCatalog.swift                                                      43                43     0.00%          27                27     0.00%         781               781     0.00%           0                 0         -
Sources/KeyPathAppKit/Services/RuleCollectionStore.swift                                                        19                19     0.00%           8                 8     0.00%          52                52     0.00%           0                 0         -
Sources/KeyPathAppKit/Services/RuleCollectionsManager+Bootstrap.swift                                           20                20     0.00%           6                 6     0.00%          84                84     0.00%           0                 0         -
Sources/KeyPathAppKit/Services/RuleCollectionsManager+ConflictDetection.swift                                   45                45     0.00%          10                10     0.00%          69                69     0.00%           0                 0         -
Sources/KeyPathAppKit/Services/RuleCollectionsManager+ConflictResolution.swift                                   5                 5     0.00%           1                 1     0.00%           8                 8     0.00%           0                 0         -
Sources/KeyPathAppKit/Services/RuleCollectionsManager+EventMonitoring.swift                                     40                40     0.00%          24                24     0.00%         369               369     0.00%           0                 0         -
Sources/KeyPathAppKit/Services/RuleCollectionsManager+Helpers.swift                                              3                 3     0.00%           1                 1     0.00%           6                 6     0.00%           0                 0         -
Sources/KeyPathAppKit/Services/RuleCollectionsManager+Keymap.swift                                              23                23     0.00%           8                 8     0.00%          95                95     0.00%           0                 0         -
Sources/KeyPathAppKit/Services/RuleCollectionsManager+Migrations.swift                                          39                39     0.00%          12                12     0.00%         127               127     0.00%           0                 0         -
Sources/KeyPathAppKit/Services/RuleCollectionsManager+PublicAPI.swift                                          199               199     0.00%          77                77     0.00%         695               695     0.00%           0                 0         -
Sources/KeyPathAppKit/Services/RuleCollectionsManager.swift                                                     14                14     0.00%          10                10     0.00%          27                27     0.00%           0                 0         -
Sources/KeyPathAppKit/Services/SafetyAlertPresenter.swift                                                        4                 4     0.00%           1                 1     0.00%          18                18     0.00%           0                 0         -
Sources/KeyPathAppKit/Services/SafetyTimeoutService.swift                                                        4                 4     0.00%           2                 2     0.00%          24                24     0.00%           0                 0         -
Sources/KeyPathAppKit/Services/ScriptSecurityService.swift                                                      40                40     0.00%          24                24     0.00%         102               102     0.00%           0                 0         -
Sources/KeyPathAppKit/Services/ServiceHealthMonitor.swift                                                      100               100     0.00%          40                40     0.00%         335               335     0.00%           0                 0         -
Sources/KeyPathAppKit/Services/SimpleModsCatalog.swift                                                          10                10     0.00%           6                 6     0.00%         102               102     0.00%           0                 0         -
Sources/KeyPathAppKit/Services/SimpleModsParser.swift                                                           86                86     0.00%          26                26     0.00%         238               238     0.00%           0                 0         -
Sources/KeyPathAppKit/Services/SimpleModsService.swift                                                          80                80     0.00%          29                29     0.00%         330               330     0.00%           0                 0         -
Sources/KeyPathAppKit/Services/SimpleModsWriter.swift                                                           65                65     0.00%           9                 9     0.00%         162               162     0.00%           0                 0         -
Sources/KeyPathAppKit/Services/SimulatorService.swift                                                           50                50     0.00%          13                13     0.00%         181               181     0.00%           0                 0         -
Sources/KeyPathAppKit/Services/StartupCoordinator.swift                                                         22                22     0.00%          12                12     0.00%          71                71     0.00%           0                 0         -
Sources/KeyPathAppKit/Services/StatePublisherService.swift                                                      14                14     0.00%           8                 8     0.00%          52                52     0.00%           0                 0         -
Sources/KeyPathAppKit/Services/SystemRequirementsChecker.swift                                                  81                81     0.00%          33                33     0.00%         227               227     0.00%           0                 0         -
Sources/KeyPathAppKit/Services/SystemValidator.swift                                                            88                88     0.00%          42                42     0.00%         732               732     0.00%           0                 0         -
Sources/KeyPathAppKit/Services/TCPEngineClient.swift                                                             9                 9     0.00%           4                 4     0.00%          21                21     0.00%           0                 0         -
Sources/KeyPathAppKit/Services/TypingSoundsManager.swift                                                        66                66     0.00%          24                24     0.00%         196               196     0.00%           0                 0         -
Sources/KeyPathAppKit/Services/URLMappingFormatter.swift                                                        14                14     0.00%           6                 6     0.00%          29                29     0.00%           0                 0         -
Sources/KeyPathAppKit/Services/UpdateService.swift                                                              31                31     0.00%          20                20     0.00%         149               149     0.00%           0                 0         -
Sources/KeyPathAppKit/Services/UserFeedbackService.swift                                                         1                 1     0.00%           1                 1     0.00%           7                 7     0.00%           0                 0         -
Sources/KeyPathAppKit/Services/UserNotificationService.swift                                                    63                63     0.00%          21                21     0.00%         218               218     0.00%           0                 0         -
Sources/KeyPathAppKit/Services/WindowManager.swift                                                             159               159     0.00%          40                40     0.00%         482               482     0.00%           0                 0         -
Sources/KeyPathAppKit/Services/WordlistStore.swift                                                              16                16     0.00%          12                12     0.00%          46                46     0.00%           0                 0         -
Sources/KeyPathAppKit/UI/AIKeyRequiredDialog.swift                                                              67                67     0.00%          48                48     0.00%         566               566     0.00%           0                 0         -
Sources/KeyPathAppKit/UI/AboutView.swift                                                                        44                44     0.00%          30                30     0.00%         677               677     0.00%           0                 0         -
Sources/KeyPathAppKit/UI/Components/DraggableAreaView.swift                                                      2                 2     0.00%           2                 2     0.00%          12                12     0.00%           0                 0         -
Sources/KeyPathAppKit/UI/Components/MapperToolbar.swift                                                         25                25     0.00%           8                 8     0.00%         114               114     0.00%           0                 0         -
Sources/KeyPathAppKit/UI/Components/SystemStatusIndicator.swift                                                134               134     0.00%          39                39     0.00%         592               592     0.00%           0                 0         -
Sources/KeyPathAppKit/UI/Components/TitlebarHeaderAccessory.swift                                                2                 2     0.00%           2                 2     0.00%          33                33     0.00%           0                 0         -
Sources/KeyPathAppKit/UI/Components/WindowControlsView.swift                                                     7                 7     0.00%           7                 7     0.00%          46                46     0.00%           0                 0         -
Sources/KeyPathAppKit/UI/ContentView+Orchestration.swift                                                        86                86     0.00%          43                43     0.00%         515               515     0.00%           0                 0         -
Sources/KeyPathAppKit/UI/ContentView+Recording.swift                                                            84                84     0.00%          25                25     0.00%         238               238     0.00%           0                 0         -
Sources/KeyPathAppKit/UI/ContentView+Subviews.swift                                                             74                74     0.00%          43                43     0.00%         819               819     0.00%           0                 0         -
Sources/KeyPathAppKit/UI/ContentView.swift                                                                     176               176     0.00%         127               127     0.00%         937               937     0.00%           0                 0         -
Sources/KeyPathAppKit/UI/ContentView/ContentViewHeader.swift                                                     9                 9     0.00%           6                 6     0.00%         174               174     0.00%           0                 0         -
Sources/KeyPathAppKit/UI/ContentView/DiagnosticSummarySection.swift                                             16                16     0.00%          10                10     0.00%         172               172     0.00%           0                 0         -
Sources/KeyPathAppKit/UI/ContentView/DiagnosticSummaryView.swift                                                22                22     0.00%           8                 8     0.00%         257               257     0.00%           0                 0         -
Sources/KeyPathAppKit/UI/ContentView/LayerStatusIndicator.swift                                                  9                 9     0.00%           3                 3     0.00%          30                30     0.00%           0                 0         -
Sources/KeyPathAppKit/UI/ContentView/RecordingSection.swift                                                     33                33     0.00%          13                13     0.00%         336               336     0.00%           0                 0         -
Sources/KeyPathAppKit/UI/ContentView/StatusMessageView.swift                                                    56                56     0.00%          30                30     0.00%         159               159     0.00%           0                 0         -
Sources/KeyPathAppKit/UI/EmergencyStopDialog.swift                                                              43                43     0.00%          19                19     0.00%         796               796     0.00%           0                 0         -
Sources/KeyPathAppKit/UI/EmergencyStopPauseCard.swift                                                           19                19     0.00%          12                12     0.00%         296               296     0.00%           0                 0         -
Sources/KeyPathAppKit/UI/Experimental/InputCaptureExperiment.swift                                             231               231     0.00%         115               115     0.00%        1295              1295     0.00%           0                 0         -
Sources/KeyPathAppKit/UI/Experimental/Mapper/AdvancedBehaviorManager.swift                                      75                75     0.00%          57                57     0.00%         148               148     0.00%           0                 0         -
Sources/KeyPathAppKit/UI/Experimental/Mapper/AppConditionManager.swift                                          21                21     0.00%          13                13     0.00%         119               119     0.00%           0                 0         -
Sources/KeyPathAppKit/UI/Experimental/Mapper/KeyMappingFormatter.swift                                          18                18     0.00%           5                 5     0.00%          54                54     0.00%           0                 0         -
Sources/KeyPathAppKit/UI/Experimental/Mapper/MapperActionTypes.swift                                            23                23     0.00%          13                13     0.00%          56                56     0.00%           0                 0         -
Sources/KeyPathAppKit/UI/Experimental/MapperKeycapViews.swift                                                  250               250     0.00%         105               105     0.00%        1018              1018     0.00%           0                 0         -
Sources/KeyPathAppKit/UI/Experimental/MapperView+Components.swift                                              253               253     0.00%         132               132     0.00%        2005              2005     0.00%           0                 0         -
Sources/KeyPathAppKit/UI/Experimental/MapperView+Inspector.swift                                                87                87     0.00%          49                49     0.00%         847               847     0.00%           0                 0         -
Sources/KeyPathAppKit/UI/Experimental/MapperView.swift                                                          63                63     0.00%          46                46     0.00%         497               497     0.00%           0                 0         -
Sources/KeyPathAppKit/UI/Experimental/MapperViewModel+AppCondition.swift                                         3                 3     0.00%           3                 3     0.00%           9                 9     0.00%           0                 0         -
Sources/KeyPathAppKit/UI/Experimental/MapperViewModel+AppKeymapIntegration.swift                                33                33     0.00%           4                 4     0.00%         105               105     0.00%           0                 0         -
Sources/KeyPathAppKit/UI/Experimental/MapperViewModel+ConflictResolution.swift                                 267               267     0.00%          59                59     0.00%        1068              1068     0.00%           0                 0         -
Sources/KeyPathAppKit/UI/Experimental/MapperViewModel+KanataFormat.swift                                         7                 7     0.00%           3                 3     0.00%          19                19     0.00%           0                 0         -
[...]
Tests/KeyPathTests/RuleCollections/RuleCollectionDeduplicatorTests.swift                                        51                51     0.00%          51                51     0.00%         281               281     0.00%           0                 0         -
Tests/KeyPathTests/RuleCollections/RuleCollectionStoreTests.swift                                               41                41     0.00%          31                31     0.00%         138               138     0.00%           0                 0         -
Tests/KeyPathTests/RuleCollections/RuleCollectionsManagerTests.swift                                           202               202     0.00%         186               186     0.00%         663               663     0.00%           0                 0         -
Tests/KeyPathTests/RuntimeCoordinatorResetTests.swift                                                           17                17     0.00%          15                15     0.00%          51                51     0.00%           0                 0         -
Tests/KeyPathTests/RuntimeCoordinatorTests.swift                                                                43                43     0.00%          42                42     0.00%         116               116     0.00%           0                 0         -
Tests/KeyPathTests/Services/ActionDispatcherTests.swift                                                         72                72     0.00%          49                49     0.00%         430               430     0.00%           0                 0         -
Tests/KeyPathTests/Services/ConfigFileWatcherTests.swift                                                         8                 8     0.00%           4                 4     0.00%          28                28     0.00%           0                 0         -
Tests/KeyPathTests/Services/ConfigHotReloadServiceTests.swift                                                   86                86     0.00%          79                79     0.00%         287               287     0.00%           0                 0         -
Tests/KeyPathTests/Services/ConfigurationServiceTests.swift                                                    618               618     0.00%         547               547     0.00%        1839              1839     0.00%           0                 0         -
Tests/KeyPathTests/Services/DiagnosticsServiceTests.swift                                                      157               157     0.00%         155               155     0.00%         356               356     0.00%           0                 0         -
Tests/KeyPathTests/Services/FullDiskAccessCheckerTests.swift                                                    21                21     0.00%          20                20     0.00%          66                66     0.00%           0                 0         -
Tests/KeyPathTests/Services/IconResolverServiceTests.swift                                                      49                49     0.00%          47                47     0.00%          98                98     0.00%           0                 0         -
Tests/KeyPathTests/Services/KanataBinaryInstallerTests.swift                                                    28                28     0.00%          26                26     0.00%          63                63     0.00%           0                 0         -
Tests/KeyPathTests/Services/KanataConfigMigrationServiceTests.swift                                             61                61     0.00%          37                37     0.00%         205               205     0.00%           0                 0         -
Tests/KeyPathTests/Services/KanataEventListenerTests.swift                                                      57                57     0.00%          55                55     0.00%         175               175     0.00%           0                 0         -
Tests/KeyPathTests/Services/KanataServiceIntegrationTests.swift                                                 58                58     0.00%          39                39     0.00%         181               181     0.00%           0                 0         -
Tests/KeyPathTests/Services/KeychainServiceTests.swift                                                          11                11     0.00%          10                10     0.00%          33                33     0.00%           0                 0         -
Tests/KeyPathTests/Services/LayerKeyMapperCollectionTests.swift                                                 71                68     4.23%          51                48     5.88%         330               327     0.91%           0                 0         -
Tests/KeyPathTests/Services/LayerKeyMapperLabelTests.swift                                                      27                27     0.00%          22                22     0.00%          54                54     0.00%           0                 0         -
Tests/KeyPathTests/Services/LayerKeyMapperNormalizeTests.swift                                                   6                 6     0.00%           4                 4     0.00%          21                21     0.00%           0                 0         -
Tests/KeyPathTests/Services/LayerKeyMapperTests.swift                                                           82                82     0.00%          63                63     0.00%         249               249     0.00%           0                 0         -
Tests/KeyPathTests/Services/PermissionGateEvaluationTests.swift                                                 10                10     0.00%          10                10     0.00%          58                58     0.00%           0                 0         -
Tests/KeyPathTests/Services/PermissionOraclePolicyTests.swift                                                    6                 6     0.00%           6                 6     0.00%          87                87     0.00%           0                 0         -
Tests/KeyPathTests/Services/PermissionOracleTests.swift                                                         12                 0   100.00%          12                 0   100.00%         276                 0   100.00%           0                 0         -
Tests/KeyPathTests/Services/PlistGeneratorTests.swift                                                          105               105     0.00%          92                92     0.00%         315               315     0.00%           0                 0         -
Tests/KeyPathTests/Services/PrivilegedExecutorTests.swift                                                       38                38     0.00%          36                36     0.00%         103               103     0.00%           0                 0         -
Tests/KeyPathTests/Services/QMKImportServiceTests.swift                                                         62                62     0.00%          30                30     0.00%         242               242     0.00%           0                 0         -
Tests/KeyPathTests/Services/RecentKeypressesServiceTests.swift                                                 103               103     0.00%          73                73     0.00%         312               312     0.00%           0                 0         -
Tests/KeyPathTests/Services/RuleCollectionsManagerLayerTests.swift                                              86                86     0.00%          82                82     0.00%         290               290     0.00%           0                 0         -
Tests/KeyPathTests/Services/SafetyTimeoutServiceTests.swift                                                      6                 6     0.00%           6                 6     0.00%          37                37     0.00%           0                 0         -
Tests/KeyPathTests/Services/ScriptSecurityServiceTests.swift                                                    79                79     0.00%          67                67     0.00%         223               223     0.00%           0                 0         -
Tests/KeyPathTests/Services/ServiceBootstrapperTests.swift                                                      60                60     0.00%          52                52     0.00%         193               193     0.00%           0                 0         -
Tests/KeyPathTests/Services/ServiceHealthCheckerTests.swift                                                     74                74     0.00%          72                72     0.00%         177               177     0.00%           0                 0         -
Tests/KeyPathTests/Services/ServiceHealthMonitorTests.swift                                                    169               169     0.00%         145               145     0.00%         495               495     0.00%           0                 0         -
Tests/KeyPathTests/Services/ServiceInstallGuardTests.swift                                                      40                40     0.00%          33                33     0.00%         123               123     0.00%           0                 0         -
Tests/KeyPathTests/Services/SimpleModsWriterTests.swift                                                         72                72     0.00%          48                48     0.00%         223               223     0.00%           0                 0         -
Tests/KeyPathTests/Services/SimulatorServiceTests.swift                                                         93                93     0.00%          76                76     0.00%         207               207     0.00%           0                 0         -
Tests/KeyPathTests/Services/StatePublisherServiceTests.swift                                                    71                71     0.00%          52                52     0.00%         274               274     0.00%           0                 0         -
Tests/KeyPathTests/Services/SystemValidatorTests.swift                                                           5                 5     0.00%           5                 5     0.00%         138               138     0.00%           0                 0         -
Tests/KeyPathTests/Services/UserNotificationServiceTests.swift                                                   7                 7     0.00%           7                 7     0.00%          62                62     0.00%           0                 0         -
Tests/KeyPathTests/Services/VHIDDeviceManagerTests.swift                                                       100               100     0.00%          86                86     0.00%         319               319     0.00%           0                 0         -
Tests/KeyPathTests/Services/WordlistStoreTests.swift                                                             4                 4     0.00%           2                 2     0.00%          22                22     0.00%           0                 0         -
Tests/KeyPathTests/SimpleModsSmokeTests.swift                                                                   19                19     0.00%           9                 9     0.00%          57                57     0.00%           0                 0         -
Tests/KeyPathTests/SwiftTestingWorkaround.swift                                                                  1                 1     0.00%           1                 1     0.00%           5                 5     0.00%           0                 0         -
Tests/KeyPathTests/SystemRequirementsTests.swift                                                               146               146     0.00%         135               135     0.00%         380               380     0.00%           0                 0         -
Tests/KeyPathTests/TCPClientIntegrationTests.swift                                                              97                96     1.03%          43                42     2.33%         165               164     0.61%           0                 0         -
Tests/KeyPathTests/TCPClientRequestIDTests.swift                                                               113               112     0.88%          61                60     1.64%         240               239     0.42%           0                 0         -
Tests/KeyPathTests/TCPConnectionLeakTests.swift                                                                 70                69     1.43%          24                23     4.17%         192               191     0.52%           0                 0         -
Tests/KeyPathTests/TCPReadBufferTests.swift                                                                     35                35     0.00%          35                35     0.00%         107               107     0.00%           0                 0         -
Tests/KeyPathTests/TcpServerResponseTests.swift                                                                 11                11     0.00%           9                 9     0.00%          23                23     0.00%           0                 0         -
Tests/KeyPathTests/TestHelpers/PrivilegedTestHelpers.swift                                                      15                15     0.00%           7                 7     0.00%          29                29     0.00%           0                 0         -
Tests/KeyPathTests/TestHelpers/SubprocessRunnerFake.swift                                                       32                32     0.00%          17                17     0.00%          91                91     0.00%           0                 0         -
Tests/KeyPathTests/TestSupport/StubPrivilegedOperationsCoordinator.swift                                        45                45     0.00%          22                22     0.00%          69                69     0.00%           0                 0         -
Tests/KeyPathTests/TestSupport/SystemContextBuilder.swift                                                       13                13     0.00%           8                 8     0.00%          68                68     0.00%           0                 0         -
Tests/KeyPathTests/UI/AppLaunchInfoTests.swift                                                                  18                18     0.00%          18                18     0.00%          56                56     0.00%           0                 0         -
Tests/KeyPathTests/UI/CustomRulesInlineEditorTests.swift                                                        17                17     0.00%          15                15     0.00%          56                56     0.00%           0                 0         -
Tests/KeyPathTests/UI/KanataViewModelTests.swift                                                                 5                 5     0.00%           5                 5     0.00%          24                24     0.00%           0                 0         -
Tests/KeyPathTests/UI/KeyIconRegistryTests.swift                                                                95                95     0.00%          57                57     0.00%         180               180     0.00%           0                 0         -
Tests/KeyPathTests/UI/KeyboardVisualizationViewModelTests.swift                                                257               257     0.00%         257               257     0.00%         701               701     0.00%           0                 0         -
Tests/KeyPathTests/UI/LauncherKeymapTranslatorTests.swift                                                       10                10     0.00%          10                10     0.00%          20                20     0.00%           0                 0         -
Tests/KeyPathTests/UI/LayerSelectorTests.swift                                                                 124               124     0.00%         117               117     0.00%         298               298     0.00%           0                 0         -
Tests/KeyPathTests/UI/MediaKeyLayerKeyInfoTests.swift                                                           81                81     0.00%          77                77     0.00%         155               155     0.00%           0                 0         -
Tests/KeyPathTests/UI/OverlayKeyboardViewTests.swift                                                           187               187     0.00%         187               187     0.00%         312               312     0.00%           0                 0         -
Tests/KeyPathTests/UI/OverlayKeycapViewColorTests.swift                                                         64                59     7.81%          64                59     7.81%         182               177     2.75%           0                 0         -
Tests/KeyPathTests/UI/OverlayOneShotLayerOverrideStateTests.swift                                               20                19     5.00%          17                16     5.88%          65                53    18.46%           0                 0         -
Tests/KeyPathTests/UI/SystemActionInfoTests.swift                                                              126               126     0.00%         126               126     0.00%         251               251     0.00%           0                 0         -
Tests/KeyPathTests/UI/TapHoldCustomizeTests.swift                                                              226               226     0.00%         214               214     0.00%         398               398     0.00%           0                 0         -
Tests/KeyPathTests/UIAutomationFramework.swift                                                                  63                63     0.00%          31                31     0.00%         294               294     0.00%           0                 0         -
Tests/KeyPathTests/UnitTestSuite.swift                                                                          60                60     0.00%          57                57     0.00%         152               152     0.00%           0                 0         -
Tests/KeyPathTests/UtilitiesTests.swift                                                                        151               151     0.00%         117               117     0.00%         481               481     0.00%           0                 0         -
Tests/KeyPathTests/WindowManagerTests.swift                                                                     39                39     0.00%          23                23     0.00%         159               159     0.00%           0                 0         -
Tests/KeyPathTests/WizardNavigationEngineTests.swift                                                           158               158     0.00%         152               152     0.00%         554               554     0.00%           0                 0         -
Tests/KeyPathTests/WizardStateMachineDeterminismTests.swift                                                     17                17     0.00%          17                17     0.00%         164               164     0.00%           0                 0         -
Tests/KeyPathTests/WizardSummaryCTATests.swift                                                                   6                 6     0.00%           6                 6     0.00%          14                14     0.00%           0                 0         -
----------------------------------------------------------------------------------------------------------------------------------------------------------------------------------------------------------------------------------------------------------------------
TOTAL                                                                                                        43854             43727     0.29%       21696             21626     0.32%      197894            197319     0.29%           0                 0         -
